which: no hbase in (/oasis/projects/nsf/uot143/fegaras/apache-hive-2.1.0-bin/bin:/opt/hadoop/2.6.0/sbin:/opt/hadoop/contrib/myHadoop/bin:/opt/hadoop/2.6.0/bin:/opt/gnu/gcc/bin:/opt/gnu/bin:/opt/mvapich2/intel/ib/bin:/opt/intel/composer_xe_2013_sp1.2.144/bin/intel64:/opt/intel/composer_xe_2013_sp1.2.144/mpirt/bin/intel64:/opt/intel/composer_xe_2013_sp1.2.144/debugger/gdb/intel64_mic/bin:/usr/lib64/qt-3.3/bin:/usr/local/bin:/bin:/usr/bin:/usr/local/sbin:/usr/sbin:/sbin:/opt/ibutils/bin:/usr/java/latest/bin:/opt/pdsh/bin:/opt/rocks/bin:/opt/rocks/sbin:/opt/sdsc/bin:/opt/sdsc/sbin:/home/aneelipa/bin)
SLF4J: Class path contains multiple SLF4J bindings.
SLF4J: Found binding in [jar:file:/oasis/projects/nsf/uot143/fegaras/apache-hive-2.1.0-bin/lib/log4j-slf4j-impl-2.4.1.jar!/org/slf4j/impl/StaticLoggerBinder.class]
SLF4J: Found binding in [jar:file:/opt/hadoop/2.6.0/share/hadoop/common/lib/slf4j-log4j12-1.7.5.jar!/org/slf4j/impl/StaticLoggerBinder.class]
SLF4J: See http://www.slf4j.org/codes.html#multiple_bindings for an explanation.
SLF4J: Actual binding is of type [org.apache.logging.slf4j.Log4jLoggerFactory]

Logging initialized using configuration in jar:file:/oasis/projects/nsf/uot143/fegaras/apache-hive-2.1.0-bin/lib/hive-common-2.1.0.jar!/hive-log4j2.properties Async: true
OK
Time taken: 2.153 seconds
OK
Time taken: 0.064 seconds
OK
Time taken: 0.054 seconds
OK
Time taken: 0.289 seconds
OK
Time taken: 0.04 seconds
OK
Time taken: 0.04 seconds
Loading data to table default.mmatrix
OK
Time taken: 0.163 seconds
Loading data to table default.nmatrix
OK
Time taken: 0.092 seconds
WARNING: Hive-on-MR is deprecated in Hive 2 and may not be available in the future versions. Consider using a different execution engine (i.e. spark, tez) or using Hive 1.X releases.
Query ID = aneelipa_20171124152117_c3f758db-7873-44a2-baa4-0d0b33f981f9
Total jobs = 1
SLF4J: Class path contains multiple SLF4J bindings.
SLF4J: Found binding in [jar:file:/oasis/projects/nsf/uot143/fegaras/apache-hive-2.1.0-bin/lib/log4j-slf4j-impl-2.4.1.jar!/org/slf4j/impl/StaticLoggerBinder.class]
SLF4J: Found binding in [jar:file:/opt/hadoop/2.6.0/share/hadoop/common/lib/slf4j-log4j12-1.7.5.jar!/org/slf4j/impl/StaticLoggerBinder.class]
SLF4J: See http://www.slf4j.org/codes.html#multiple_bindings for an explanation.
SLF4J: Actual binding is of type [org.apache.logging.slf4j.Log4jLoggerFactory]
2017-11-24 15:21:25	Starting to launch local task to process map join;	maximum memory = 514850816
2017-11-24 15:21:25	Dump the side-table for tag: 1 with group count: 3 into file: file:/tmp/aneelipa/fbe97765-c7e6-4f8c-bb30-f0a2f881d1db/hive_2017-11-24_15-21-20_439_8451369444562437100-1/-local-10002/HashTable-Stage-4/MapJoin-mapfile01--.hashtable
2017-11-24 15:21:25	Uploaded 1 File to: file:/tmp/aneelipa/fbe97765-c7e6-4f8c-bb30-f0a2f881d1db/hive_2017-11-24_15-21-20_439_8451369444562437100-1/-local-10002/HashTable-Stage-4/MapJoin-mapfile01--.hashtable (414 bytes)
2017-11-24 15:21:25	End of local task; Time Taken: 0.468 sec.
Execution completed successfully
MapredLocal task succeeded
Launching Job 1 out of 1
Number of reduce tasks is set to 0 since there's no reduce operator
Job running in-process (local Hadoop)
2017-11-24 15:21:28,117 Stage-4 map = 100%,  reduce = 0%
Ended Job = job_local298311740_0001
Loading data to table default.intermmediate
MapReduce Jobs Launched: 
Stage-Stage-4:  HDFS Read: 0 HDFS Write: 0 SUCCESS
Total MapReduce CPU Time Spent: 0 msec
OK
Time taken: 7.764 seconds
WARNING: Hive-on-MR is deprecated in Hive 2 and may not be available in the future versions. Consider using a different execution engine (i.e. spark, tez) or using Hive 1.X releases.
Query ID = aneelipa_20171124152117_c3f758db-7873-44a2-baa4-0d0b33f981f9
Total jobs = 1
Launching Job 1 out of 1
Number of reduce tasks not specified. Estimated from input data size: 1
In order to change the average load for a reducer (in bytes):
  set hive.exec.reducers.bytes.per.reducer=<number>
In order to limit the maximum number of reducers:
  set hive.exec.reducers.max=<number>
In order to set a constant number of reducers:
  set mapreduce.job.reduces=<number>
Job running in-process (local Hadoop)
2017-11-24 15:21:29,791 Stage-1 map = 100%,  reduce = 100%
Ended Job = job_local2043207540_0002
Loading data to table default.intermmediate
MapReduce Jobs Launched: 
Stage-Stage-1:  HDFS Read: 0 HDFS Write: 0 SUCCESS
Total MapReduce CPU Time Spent: 0 msec
OK
Time taken: 1.665 seconds
WARNING: Hive-on-MR is deprecated in Hive 2 and may not be available in the future versions. Consider using a different execution engine (i.e. spark, tez) or using Hive 1.X releases.
Query ID = aneelipa_20171124152117_c3f758db-7873-44a2-baa4-0d0b33f981f9
Total jobs = 1
Launching Job 1 out of 1
Number of reduce tasks determined at compile time: 1
In order to change the average load for a reducer (in bytes):
  set hive.exec.reducers.bytes.per.reducer=<number>
In order to limit the maximum number of reducers:
  set hive.exec.reducers.max=<number>
In order to set a constant number of reducers:
  set mapreduce.job.reduces=<number>
Job running in-process (local Hadoop)
2017-11-24 15:21:31,414 Stage-1 map = 100%,  reduce = 100%
Ended Job = job_local1562654399_0003
MapReduce Jobs Launched: 
Stage-Stage-1:  HDFS Read: 0 HDFS Write: 0 SUCCESS
Total MapReduce CPU Time Spent: 0 msec
OK
12	15.5
Time taken: 1.544 seconds, Fetched: 1 row(s)
