2017-10-14 23:04:23,676 WARN  [main] util.NativeCodeLoader (NativeCodeLoader.java:<clinit>(62)) - Unable to load native-hadoop library for your platform... using builtin-java classes where applicable
2017-10-14 23:04:23,819 INFO  [main] Configuration.deprecation (Configuration.java:warnOnceIfDeprecated(1049)) - session.id is deprecated. Instead, use dfs.metrics.session-id
2017-10-14 23:04:23,820 INFO  [main] jvm.JvmMetrics (JvmMetrics.java:init(76)) - Initializing JVM Metrics with processName=JobTracker, sessionId=
2017-10-14 23:04:24,220 INFO  [main] input.FileInputFormat (FileInputFormat.java:listStatus(281)) - Total input paths to process : 1
2017-10-14 23:04:24,265 INFO  [main] mapreduce.JobSubmitter (JobSubmitter.java:submitJobInternal(494)) - number of splits:1
2017-10-14 23:04:24,418 INFO  [main] mapreduce.JobSubmitter (JobSubmitter.java:printTokens(583)) - Submitting tokens for job: job_local856376674_0001
2017-10-14 23:04:24,841 INFO  [main] mapreduce.Job (Job.java:submit(1300)) - The url to track the job: http://localhost:8080/
2017-10-14 23:04:24,842 INFO  [main] mapreduce.Job (Job.java:monitorAndPrintJob(1345)) - Running job: job_local856376674_0001
2017-10-14 23:04:24,846 INFO  [Thread-13] mapred.LocalJobRunner (LocalJobRunner.java:createOutputCommitter(471)) - OutputCommitter set in config null
2017-10-14 23:04:24,866 INFO  [Thread-13] mapred.LocalJobRunner (LocalJobRunner.java:createOutputCommitter(489)) - OutputCommitter is org.apache.hadoop.mapreduce.lib.output.FileOutputCommitter
2017-10-14 23:04:25,021 INFO  [Thread-13] mapred.LocalJobRunner (LocalJobRunner.java:runTasks(448)) - Waiting for map tasks
2017-10-14 23:04:25,022 INFO  [LocalJobRunner Map Task Executor #0] mapred.LocalJobRunner (LocalJobRunner.java:run(224)) - Starting task: attempt_local856376674_0001_m_000000_0
2017-10-14 23:04:25,090 INFO  [LocalJobRunner Map Task Executor #0] mapred.Task (Task.java:initialize(587)) -  Using ResourceCalculatorProcessTree : [ ]
2017-10-14 23:04:25,092 INFO  [LocalJobRunner Map Task Executor #0] mapred.MapTask (MapTask.java:runNewMapper(753)) - Processing split: file:/home/aneelipa/project2/small-graph.txt:0+56
2017-10-14 23:04:25,276 INFO  [LocalJobRunner Map Task Executor #0] mapred.MapTask (MapTask.java:setEquator(1202)) - (EQUATOR) 0 kvi 26214396(104857584)
2017-10-14 23:04:25,276 INFO  [LocalJobRunner Map Task Executor #0] mapred.MapTask (MapTask.java:init(995)) - mapreduce.task.io.sort.mb: 100
2017-10-14 23:04:25,288 INFO  [LocalJobRunner Map Task Executor #0] mapred.MapTask (MapTask.java:init(996)) - soft limit at 83886080
2017-10-14 23:04:25,288 INFO  [LocalJobRunner Map Task Executor #0] mapred.MapTask (MapTask.java:init(997)) - bufstart = 0; bufvoid = 104857600
2017-10-14 23:04:25,288 INFO  [LocalJobRunner Map Task Executor #0] mapred.MapTask (MapTask.java:init(998)) - kvstart = 26214396; length = 6553600
2017-10-14 23:04:25,299 INFO  [LocalJobRunner Map Task Executor #0] mapred.MapTask (MapTask.java:createSortingCollector(402)) - Map output collector class = org.apache.hadoop.mapred.MapTask$MapOutputBuffer
2017-10-14 23:04:25,347 INFO  [LocalJobRunner Map Task Executor #0] mapred.LocalJobRunner (LocalJobRunner.java:statusUpdate(591)) - 
2017-10-14 23:04:25,348 INFO  [LocalJobRunner Map Task Executor #0] mapred.MapTask (MapTask.java:flush(1457)) - Starting flush of map output
2017-10-14 23:04:25,348 INFO  [LocalJobRunner Map Task Executor #0] mapred.MapTask (MapTask.java:flush(1475)) - Spilling map output
2017-10-14 23:04:25,348 INFO  [LocalJobRunner Map Task Executor #0] mapred.MapTask (MapTask.java:flush(1476)) - bufstart = 0; bufend = 444; bufvoid = 104857600
2017-10-14 23:04:25,348 INFO  [LocalJobRunner Map Task Executor #0] mapred.MapTask (MapTask.java:flush(1478)) - kvstart = 26214396(104857584); kvend = 26214360(104857440); length = 37/6553600
2017-10-14 23:04:25,353 INFO  [LocalJobRunner Map Task Executor #0] mapred.MapTask (MapTask.java:sortAndSpill(1660)) - Finished spill 0
2017-10-14 23:04:25,356 INFO  [LocalJobRunner Map Task Executor #0] mapred.Task (Task.java:done(1001)) - Task:attempt_local856376674_0001_m_000000_0 is done. And is in the process of committing
2017-10-14 23:04:25,364 INFO  [LocalJobRunner Map Task Executor #0] mapred.LocalJobRunner (LocalJobRunner.java:statusUpdate(591)) - map
2017-10-14 23:04:25,364 INFO  [LocalJobRunner Map Task Executor #0] mapred.Task (Task.java:sendDone(1121)) - Task 'attempt_local856376674_0001_m_000000_0' done.
2017-10-14 23:04:25,365 INFO  [LocalJobRunner Map Task Executor #0] mapred.LocalJobRunner (LocalJobRunner.java:run(249)) - Finishing task: attempt_local856376674_0001_m_000000_0
2017-10-14 23:04:25,365 INFO  [Thread-13] mapred.LocalJobRunner (LocalJobRunner.java:runTasks(456)) - map task executor complete.
2017-10-14 23:04:25,366 INFO  [Thread-13] mapred.LocalJobRunner (LocalJobRunner.java:runTasks(448)) - Waiting for reduce tasks
2017-10-14 23:04:25,368 INFO  [pool-3-thread-1] mapred.LocalJobRunner (LocalJobRunner.java:run(302)) - Starting task: attempt_local856376674_0001_r_000000_0
2017-10-14 23:04:25,373 INFO  [pool-3-thread-1] mapred.Task (Task.java:initialize(587)) -  Using ResourceCalculatorProcessTree : [ ]
2017-10-14 23:04:25,375 INFO  [pool-3-thread-1] mapred.ReduceTask (ReduceTask.java:run(362)) - Using ShuffleConsumerPlugin: org.apache.hadoop.mapreduce.task.reduce.Shuffle@550ec63b
2017-10-14 23:04:25,385 INFO  [pool-3-thread-1] reduce.MergeManagerImpl (MergeManagerImpl.java:<init>(196)) - MergerManager: memoryLimit=703542080, maxSingleShuffleLimit=175885520, mergeThreshold=464337792, ioSortFactor=10, memToMemMergeOutputsThreshold=10
2017-10-14 23:04:25,399 INFO  [EventFetcher for fetching Map Completion Events] reduce.EventFetcher (EventFetcher.java:run(61)) - attempt_local856376674_0001_r_000000_0 Thread started: EventFetcher for fetching Map Completion Events
2017-10-14 23:04:25,492 INFO  [localfetcher#1] reduce.LocalFetcher (LocalFetcher.java:copyMapOutput(141)) - localfetcher#1 about to shuffle output of map attempt_local856376674_0001_m_000000_0 decomp: 466 len: 470 to MEMORY
2017-10-14 23:04:25,496 INFO  [localfetcher#1] reduce.InMemoryMapOutput (InMemoryMapOutput.java:shuffle(100)) - Read 466 bytes from map-output for attempt_local856376674_0001_m_000000_0
2017-10-14 23:04:25,534 INFO  [localfetcher#1] reduce.MergeManagerImpl (MergeManagerImpl.java:closeInMemoryFile(314)) - closeInMemoryFile -> map-output of size: 466, inMemoryMapOutputs.size() -> 1, commitMemory -> 0, usedMemory ->466
2017-10-14 23:04:25,546 INFO  [EventFetcher for fetching Map Completion Events] reduce.EventFetcher (EventFetcher.java:run(76)) - EventFetcher is interrupted.. Returning
2017-10-14 23:04:25,547 INFO  [pool-3-thread-1] mapred.LocalJobRunner (LocalJobRunner.java:statusUpdate(591)) - 1 / 1 copied.
2017-10-14 23:04:25,547 INFO  [pool-3-thread-1] reduce.MergeManagerImpl (MergeManagerImpl.java:finalMerge(674)) - finalMerge called with 1 in-memory map-outputs and 0 on-disk map-outputs
2017-10-14 23:04:25,558 INFO  [pool-3-thread-1] mapred.Merger (Merger.java:merge(597)) - Merging 1 sorted segments
2017-10-14 23:04:25,558 INFO  [pool-3-thread-1] mapred.Merger (Merger.java:merge(696)) - Down to the last merge-pass, with 1 segments left of total size: 456 bytes
2017-10-14 23:04:25,559 INFO  [pool-3-thread-1] reduce.MergeManagerImpl (MergeManagerImpl.java:finalMerge(751)) - Merged 1 segments, 466 bytes to disk to satisfy reduce memory limit
2017-10-14 23:04:25,559 INFO  [pool-3-thread-1] reduce.MergeManagerImpl (MergeManagerImpl.java:finalMerge(781)) - Merging 1 files, 470 bytes from disk
2017-10-14 23:04:25,560 INFO  [pool-3-thread-1] reduce.MergeManagerImpl (MergeManagerImpl.java:finalMerge(796)) - Merging 0 segments, 0 bytes from memory into reduce
2017-10-14 23:04:25,560 INFO  [pool-3-thread-1] mapred.Merger (Merger.java:merge(597)) - Merging 1 sorted segments
2017-10-14 23:04:25,565 INFO  [pool-3-thread-1] mapred.Merger (Merger.java:merge(696)) - Down to the last merge-pass, with 1 segments left of total size: 456 bytes
2017-10-14 23:04:25,566 INFO  [pool-3-thread-1] mapred.LocalJobRunner (LocalJobRunner.java:statusUpdate(591)) - 1 / 1 copied.
2017-10-14 23:04:25,605 INFO  [pool-3-thread-1] Configuration.deprecation (Configuration.java:warnOnceIfDeprecated(1049)) - mapred.skip.on is deprecated. Instead, use mapreduce.job.skiprecords
8
9
3
4
6
4
3
2
1
2
1
6
5
7
1
6
0
0
2017-10-14 23:04:25,614 INFO  [pool-3-thread-1] mapred.Task (Task.java:done(1001)) - Task:attempt_local856376674_0001_r_000000_0 is done. And is in the process of committing
2017-10-14 23:04:25,618 INFO  [pool-3-thread-1] mapred.LocalJobRunner (LocalJobRunner.java:statusUpdate(591)) - 1 / 1 copied.
2017-10-14 23:04:25,618 INFO  [pool-3-thread-1] mapred.Task (Task.java:commit(1162)) - Task attempt_local856376674_0001_r_000000_0 is allowed to commit now
2017-10-14 23:04:25,632 INFO  [pool-3-thread-1] output.FileOutputCommitter (FileOutputCommitter.java:commitTask(439)) - Saved output of task 'attempt_local856376674_0001_r_000000_0' to file:/home/aneelipa/project2/intermediate/f0/_temporary/0/task_local856376674_0001_r_000000
2017-10-14 23:04:25,633 INFO  [pool-3-thread-1] mapred.LocalJobRunner (LocalJobRunner.java:statusUpdate(591)) - reduce > reduce
2017-10-14 23:04:25,633 INFO  [pool-3-thread-1] mapred.Task (Task.java:sendDone(1121)) - Task 'attempt_local856376674_0001_r_000000_0' done.
2017-10-14 23:04:25,633 INFO  [pool-3-thread-1] mapred.LocalJobRunner (LocalJobRunner.java:run(325)) - Finishing task: attempt_local856376674_0001_r_000000_0
2017-10-14 23:04:25,633 INFO  [Thread-13] mapred.LocalJobRunner (LocalJobRunner.java:runTasks(456)) - reduce task executor complete.
2017-10-14 23:04:25,845 INFO  [main] mapreduce.Job (Job.java:monitorAndPrintJob(1366)) - Job job_local856376674_0001 running in uber mode : false
2017-10-14 23:04:25,846 INFO  [main] mapreduce.Job (Job.java:monitorAndPrintJob(1373)) -  map 100% reduce 100%
2017-10-14 23:04:25,847 INFO  [main] mapreduce.Job (Job.java:monitorAndPrintJob(1384)) - Job job_local856376674_0001 completed successfully
2017-10-14 23:04:25,856 INFO  [main] mapreduce.Job (Job.java:monitorAndPrintJob(1391)) - Counters: 33
	File System Counters
		FILE: Number of bytes read=20332
		FILE: Number of bytes written=531697
		FILE: Number of read operations=0
		FILE: Number of large read operations=0
		FILE: Number of write operations=0
	Map-Reduce Framework
		Map input records=10
		Map output records=10
		Map output bytes=444
		Map output materialized bytes=470
		Input split bytes=109
		Combine input records=0
		Combine output records=0
		Reduce input groups=10
		Reduce shuffle bytes=470
		Reduce input records=10
		Reduce output records=10
		Spilled Records=20
		Shuffled Maps =1
		Failed Shuffles=0
		Merged Map outputs=1
		GC time elapsed (ms)=106
		CPU time spent (ms)=0
		Physical memory (bytes) snapshot=0
		Virtual memory (bytes) snapshot=0
		Total committed heap usage (bytes)=2010120192
	Shuffle Errors
		BAD_ID=0
		CONNECTION=0
		IO_ERROR=0
		WRONG_LENGTH=0
		WRONG_MAP=0
		WRONG_REDUCE=0
	File Input Format Counters 
		Bytes Read=56
	File Output Format Counters 
		Bytes Written=623
2017-10-14 23:04:25,910 INFO  [main] jvm.JvmMetrics (JvmMetrics.java:init(71)) - Cannot initialize JVM Metrics with processName=JobTracker, sessionId= - already initialized
2017-10-14 23:04:26,034 INFO  [main] input.FileInputFormat (FileInputFormat.java:listStatus(281)) - Total input paths to process : 1
2017-10-14 23:04:26,081 INFO  [main] mapreduce.JobSubmitter (JobSubmitter.java:submitJobInternal(494)) - number of splits:1
2017-10-14 23:04:26,114 INFO  [main] mapreduce.JobSubmitter (JobSubmitter.java:printTokens(583)) - Submitting tokens for job: job_local1555314863_0002
2017-10-14 23:04:26,271 INFO  [main] mapreduce.Job (Job.java:submit(1300)) - The url to track the job: http://localhost:8080/
2017-10-14 23:04:26,271 INFO  [main] mapreduce.Job (Job.java:monitorAndPrintJob(1345)) - Running job: job_local1555314863_0002
2017-10-14 23:04:26,273 INFO  [Thread-37] mapred.LocalJobRunner (LocalJobRunner.java:createOutputCommitter(471)) - OutputCommitter set in config null
2017-10-14 23:04:26,273 INFO  [Thread-37] mapred.LocalJobRunner (LocalJobRunner.java:createOutputCommitter(489)) - OutputCommitter is org.apache.hadoop.mapreduce.lib.output.FileOutputCommitter
2017-10-14 23:04:26,306 INFO  [Thread-37] mapred.LocalJobRunner (LocalJobRunner.java:runTasks(448)) - Waiting for map tasks
2017-10-14 23:04:26,307 INFO  [LocalJobRunner Map Task Executor #0] mapred.LocalJobRunner (LocalJobRunner.java:run(224)) - Starting task: attempt_local1555314863_0002_m_000000_0
2017-10-14 23:04:26,317 INFO  [LocalJobRunner Map Task Executor #0] mapred.Task (Task.java:initialize(587)) -  Using ResourceCalculatorProcessTree : [ ]
2017-10-14 23:04:26,318 INFO  [LocalJobRunner Map Task Executor #0] mapred.MapTask (MapTask.java:runNewMapper(753)) - Processing split: file:/home/aneelipa/project2/intermediate/f0/part-r-00000:0+607
2017-10-14 23:04:26,464 INFO  [LocalJobRunner Map Task Executor #0] mapred.MapTask (MapTask.java:setEquator(1202)) - (EQUATOR) 0 kvi 26214396(104857584)
2017-10-14 23:04:26,464 INFO  [LocalJobRunner Map Task Executor #0] mapred.MapTask (MapTask.java:init(995)) - mapreduce.task.io.sort.mb: 100
2017-10-14 23:04:26,464 INFO  [LocalJobRunner Map Task Executor #0] mapred.MapTask (MapTask.java:init(996)) - soft limit at 83886080
2017-10-14 23:04:26,464 INFO  [LocalJobRunner Map Task Executor #0] mapred.MapTask (MapTask.java:init(997)) - bufstart = 0; bufvoid = 104857600
2017-10-14 23:04:26,464 INFO  [LocalJobRunner Map Task Executor #0] mapred.MapTask (MapTask.java:init(998)) - kvstart = 26214396; length = 6553600
2017-10-14 23:04:26,466 INFO  [LocalJobRunner Map Task Executor #0] mapred.MapTask (MapTask.java:createSortingCollector(402)) - Map output collector class = org.apache.hadoop.mapred.MapTask$MapOutputBuffer
2017-10-14 23:04:26,480 INFO  [LocalJobRunner Map Task Executor #0] mapred.LocalJobRunner (LocalJobRunner.java:statusUpdate(591)) - 
2017-10-14 23:04:26,481 INFO  [LocalJobRunner Map Task Executor #0] mapred.MapTask (MapTask.java:flush(1457)) - Starting flush of map output
2017-10-14 23:04:26,481 INFO  [LocalJobRunner Map Task Executor #0] mapred.MapTask (MapTask.java:flush(1475)) - Spilling map output
2017-10-14 23:04:26,481 INFO  [LocalJobRunner Map Task Executor #0] mapred.MapTask (MapTask.java:flush(1476)) - bufstart = 0; bufend = 768; bufvoid = 104857600
2017-10-14 23:04:26,481 INFO  [LocalJobRunner Map Task Executor #0] mapred.MapTask (MapTask.java:flush(1478)) - kvstart = 26214396(104857584); kvend = 26214288(104857152); length = 109/6553600
2017-10-14 23:04:26,483 INFO  [LocalJobRunner Map Task Executor #0] mapred.MapTask (MapTask.java:sortAndSpill(1660)) - Finished spill 0
2017-10-14 23:04:26,506 INFO  [LocalJobRunner Map Task Executor #0] mapred.Task (Task.java:done(1001)) - Task:attempt_local1555314863_0002_m_000000_0 is done. And is in the process of committing
2017-10-14 23:04:26,516 INFO  [LocalJobRunner Map Task Executor #0] mapred.LocalJobRunner (LocalJobRunner.java:statusUpdate(591)) - map
2017-10-14 23:04:26,516 INFO  [LocalJobRunner Map Task Executor #0] mapred.Task (Task.java:sendDone(1121)) - Task 'attempt_local1555314863_0002_m_000000_0' done.
2017-10-14 23:04:26,516 INFO  [LocalJobRunner Map Task Executor #0] mapred.LocalJobRunner (LocalJobRunner.java:run(249)) - Finishing task: attempt_local1555314863_0002_m_000000_0
2017-10-14 23:04:26,517 INFO  [Thread-37] mapred.LocalJobRunner (LocalJobRunner.java:runTasks(456)) - map task executor complete.
2017-10-14 23:04:26,529 INFO  [Thread-37] mapred.LocalJobRunner (LocalJobRunner.java:runTasks(448)) - Waiting for reduce tasks
2017-10-14 23:04:26,535 INFO  [pool-6-thread-1] mapred.LocalJobRunner (LocalJobRunner.java:run(302)) - Starting task: attempt_local1555314863_0002_r_000000_0
2017-10-14 23:04:26,548 INFO  [pool-6-thread-1] mapred.Task (Task.java:initialize(587)) -  Using ResourceCalculatorProcessTree : [ ]
2017-10-14 23:04:26,548 INFO  [pool-6-thread-1] mapred.ReduceTask (ReduceTask.java:run(362)) - Using ShuffleConsumerPlugin: org.apache.hadoop.mapreduce.task.reduce.Shuffle@41c3c2f1
2017-10-14 23:04:26,556 INFO  [pool-6-thread-1] reduce.MergeManagerImpl (MergeManagerImpl.java:<init>(196)) - MergerManager: memoryLimit=703542080, maxSingleShuffleLimit=175885520, mergeThreshold=464337792, ioSortFactor=10, memToMemMergeOutputsThreshold=10
2017-10-14 23:04:26,578 INFO  [EventFetcher for fetching Map Completion Events] reduce.EventFetcher (EventFetcher.java:run(61)) - attempt_local1555314863_0002_r_000000_0 Thread started: EventFetcher for fetching Map Completion Events
2017-10-14 23:04:26,581 INFO  [localfetcher#2] reduce.LocalFetcher (LocalFetcher.java:copyMapOutput(141)) - localfetcher#2 about to shuffle output of map attempt_local1555314863_0002_m_000000_0 decomp: 826 len: 830 to MEMORY
2017-10-14 23:04:26,581 INFO  [localfetcher#2] reduce.InMemoryMapOutput (InMemoryMapOutput.java:shuffle(100)) - Read 826 bytes from map-output for attempt_local1555314863_0002_m_000000_0
2017-10-14 23:04:26,582 INFO  [localfetcher#2] reduce.MergeManagerImpl (MergeManagerImpl.java:closeInMemoryFile(314)) - closeInMemoryFile -> map-output of size: 826, inMemoryMapOutputs.size() -> 1, commitMemory -> 0, usedMemory ->826
2017-10-14 23:04:26,582 INFO  [EventFetcher for fetching Map Completion Events] reduce.EventFetcher (EventFetcher.java:run(76)) - EventFetcher is interrupted.. Returning
2017-10-14 23:04:26,583 INFO  [pool-6-thread-1] mapred.LocalJobRunner (LocalJobRunner.java:statusUpdate(591)) - 1 / 1 copied.
2017-10-14 23:04:26,583 INFO  [pool-6-thread-1] reduce.MergeManagerImpl (MergeManagerImpl.java:finalMerge(674)) - finalMerge called with 1 in-memory map-outputs and 0 on-disk map-outputs
2017-10-14 23:04:26,583 INFO  [pool-6-thread-1] mapred.Merger (Merger.java:merge(597)) - Merging 1 sorted segments
2017-10-14 23:04:26,584 INFO  [pool-6-thread-1] mapred.Merger (Merger.java:merge(696)) - Down to the last merge-pass, with 1 segments left of total size: 816 bytes
2017-10-14 23:04:26,587 INFO  [pool-6-thread-1] reduce.MergeManagerImpl (MergeManagerImpl.java:finalMerge(751)) - Merged 1 segments, 826 bytes to disk to satisfy reduce memory limit
2017-10-14 23:04:26,587 INFO  [pool-6-thread-1] reduce.MergeManagerImpl (MergeManagerImpl.java:finalMerge(781)) - Merging 1 files, 830 bytes from disk
2017-10-14 23:04:26,587 INFO  [pool-6-thread-1] reduce.MergeManagerImpl (MergeManagerImpl.java:finalMerge(796)) - Merging 0 segments, 0 bytes from memory into reduce
2017-10-14 23:04:26,587 INFO  [pool-6-thread-1] mapred.Merger (Merger.java:merge(597)) - Merging 1 sorted segments
2017-10-14 23:04:26,587 INFO  [pool-6-thread-1] mapred.Merger (Merger.java:merge(696)) - Down to the last merge-pass, with 1 segments left of total size: 816 bytes
2017-10-14 23:04:26,588 INFO  [pool-6-thread-1] mapred.LocalJobRunner (LocalJobRunner.java:statusUpdate(591)) - 1 / 1 copied.
2017-10-14 23:04:26,622 INFO  [pool-6-thread-1] mapred.Task (Task.java:done(1001)) - Task:attempt_local1555314863_0002_r_000000_0 is done. And is in the process of committing
2017-10-14 23:04:26,623 INFO  [pool-6-thread-1] mapred.LocalJobRunner (LocalJobRunner.java:statusUpdate(591)) - 1 / 1 copied.
2017-10-14 23:04:26,623 INFO  [pool-6-thread-1] mapred.Task (Task.java:commit(1162)) - Task attempt_local1555314863_0002_r_000000_0 is allowed to commit now
2017-10-14 23:04:26,626 INFO  [pool-6-thread-1] output.FileOutputCommitter (FileOutputCommitter.java:commitTask(439)) - Saved output of task 'attempt_local1555314863_0002_r_000000_0' to file:/home/aneelipa/project2/intermediate/f1/_temporary/0/task_local1555314863_0002_r_000000
2017-10-14 23:04:26,627 INFO  [pool-6-thread-1] mapred.LocalJobRunner (LocalJobRunner.java:statusUpdate(591)) - reduce > reduce
2017-10-14 23:04:26,627 INFO  [pool-6-thread-1] mapred.Task (Task.java:sendDone(1121)) - Task 'attempt_local1555314863_0002_r_000000_0' done.
2017-10-14 23:04:26,627 INFO  [pool-6-thread-1] mapred.LocalJobRunner (LocalJobRunner.java:run(325)) - Finishing task: attempt_local1555314863_0002_r_000000_0
2017-10-14 23:04:26,627 INFO  [Thread-37] mapred.LocalJobRunner (LocalJobRunner.java:runTasks(456)) - reduce task executor complete.
2017-10-14 23:04:27,272 INFO  [main] mapreduce.Job (Job.java:monitorAndPrintJob(1366)) - Job job_local1555314863_0002 running in uber mode : false
2017-10-14 23:04:27,272 INFO  [main] mapreduce.Job (Job.java:monitorAndPrintJob(1373)) -  map 100% reduce 100%
2017-10-14 23:04:27,272 INFO  [main] mapreduce.Job (Job.java:monitorAndPrintJob(1384)) - Job job_local1555314863_0002 completed successfully
2017-10-14 23:04:27,280 INFO  [main] mapreduce.Job (Job.java:monitorAndPrintJob(1391)) - Counters: 33
	File System Counters
		FILE: Number of bytes read=43520
		FILE: Number of bytes written=1068369
		FILE: Number of read operations=0
		FILE: Number of large read operations=0
		FILE: Number of write operations=0
	Map-Reduce Framework
		Map input records=10
		Map output records=28
		Map output bytes=768
		Map output materialized bytes=830
		Input split bytes=122
		Combine input records=0
		Combine output records=0
		Reduce input groups=10
		Reduce shuffle bytes=830
		Reduce input records=28
		Reduce output records=10
		Spilled Records=56
		Shuffled Maps =1
		Failed Shuffles=0
		Merged Map outputs=1
		GC time elapsed (ms)=105
		CPU time spent (ms)=0
		Physical memory (bytes) snapshot=0
		Virtual memory (bytes) snapshot=0
		Total committed heap usage (bytes)=2010120192
	Shuffle Errors
		BAD_ID=0
		CONNECTION=0
		IO_ERROR=0
		WRONG_LENGTH=0
		WRONG_MAP=0
		WRONG_REDUCE=0
	File Input Format Counters 
		Bytes Read=623
	File Output Format Counters 
		Bytes Written=623
2017-10-14 23:04:27,326 INFO  [main] jvm.JvmMetrics (JvmMetrics.java:init(71)) - Cannot initialize JVM Metrics with processName=JobTracker, sessionId= - already initialized
2017-10-14 23:04:27,455 INFO  [main] input.FileInputFormat (FileInputFormat.java:listStatus(281)) - Total input paths to process : 1
2017-10-14 23:04:27,529 INFO  [main] mapreduce.JobSubmitter (JobSubmitter.java:submitJobInternal(494)) - number of splits:1
2017-10-14 23:04:27,563 INFO  [main] mapreduce.JobSubmitter (JobSubmitter.java:printTokens(583)) - Submitting tokens for job: job_local1341070878_0003
2017-10-14 23:04:27,755 INFO  [main] mapreduce.Job (Job.java:submit(1300)) - The url to track the job: http://localhost:8080/
2017-10-14 23:04:27,755 INFO  [main] mapreduce.Job (Job.java:monitorAndPrintJob(1345)) - Running job: job_local1341070878_0003
2017-10-14 23:04:27,756 INFO  [Thread-59] mapred.LocalJobRunner (LocalJobRunner.java:createOutputCommitter(471)) - OutputCommitter set in config null
2017-10-14 23:04:27,756 INFO  [Thread-59] mapred.LocalJobRunner (LocalJobRunner.java:createOutputCommitter(489)) - OutputCommitter is org.apache.hadoop.mapreduce.lib.output.FileOutputCommitter
2017-10-14 23:04:27,782 INFO  [Thread-59] mapred.LocalJobRunner (LocalJobRunner.java:runTasks(448)) - Waiting for map tasks
2017-10-14 23:04:27,782 INFO  [LocalJobRunner Map Task Executor #0] mapred.LocalJobRunner (LocalJobRunner.java:run(224)) - Starting task: attempt_local1341070878_0003_m_000000_0
2017-10-14 23:04:27,786 INFO  [LocalJobRunner Map Task Executor #0] mapred.Task (Task.java:initialize(587)) -  Using ResourceCalculatorProcessTree : [ ]
2017-10-14 23:04:27,787 INFO  [LocalJobRunner Map Task Executor #0] mapred.MapTask (MapTask.java:runNewMapper(753)) - Processing split: file:/home/aneelipa/project2/intermediate/f1/part-r-00000:0+607
2017-10-14 23:04:27,926 INFO  [LocalJobRunner Map Task Executor #0] mapred.MapTask (MapTask.java:setEquator(1202)) - (EQUATOR) 0 kvi 26214396(104857584)
2017-10-14 23:04:27,926 INFO  [LocalJobRunner Map Task Executor #0] mapred.MapTask (MapTask.java:init(995)) - mapreduce.task.io.sort.mb: 100
2017-10-14 23:04:27,926 INFO  [LocalJobRunner Map Task Executor #0] mapred.MapTask (MapTask.java:init(996)) - soft limit at 83886080
2017-10-14 23:04:27,926 INFO  [LocalJobRunner Map Task Executor #0] mapred.MapTask (MapTask.java:init(997)) - bufstart = 0; bufvoid = 104857600
2017-10-14 23:04:27,926 INFO  [LocalJobRunner Map Task Executor #0] mapred.MapTask (MapTask.java:init(998)) - kvstart = 26214396; length = 6553600
2017-10-14 23:04:27,936 INFO  [LocalJobRunner Map Task Executor #0] mapred.MapTask (MapTask.java:createSortingCollector(402)) - Map output collector class = org.apache.hadoop.mapred.MapTask$MapOutputBuffer
2017-10-14 23:04:27,939 INFO  [LocalJobRunner Map Task Executor #0] mapred.LocalJobRunner (LocalJobRunner.java:statusUpdate(591)) - 
2017-10-14 23:04:27,941 INFO  [LocalJobRunner Map Task Executor #0] mapred.MapTask (MapTask.java:flush(1457)) - Starting flush of map output
2017-10-14 23:04:27,941 INFO  [LocalJobRunner Map Task Executor #0] mapred.MapTask (MapTask.java:flush(1475)) - Spilling map output
2017-10-14 23:04:27,941 INFO  [LocalJobRunner Map Task Executor #0] mapred.MapTask (MapTask.java:flush(1476)) - bufstart = 0; bufend = 768; bufvoid = 104857600
2017-10-14 23:04:27,941 INFO  [LocalJobRunner Map Task Executor #0] mapred.MapTask (MapTask.java:flush(1478)) - kvstart = 26214396(104857584); kvend = 26214288(104857152); length = 109/6553600
2017-10-14 23:04:27,942 INFO  [LocalJobRunner Map Task Executor #0] mapred.MapTask (MapTask.java:sortAndSpill(1660)) - Finished spill 0
2017-10-14 23:04:27,944 INFO  [LocalJobRunner Map Task Executor #0] mapred.Task (Task.java:done(1001)) - Task:attempt_local1341070878_0003_m_000000_0 is done. And is in the process of committing
2017-10-14 23:04:27,946 INFO  [LocalJobRunner Map Task Executor #0] mapred.LocalJobRunner (LocalJobRunner.java:statusUpdate(591)) - map
2017-10-14 23:04:27,946 INFO  [LocalJobRunner Map Task Executor #0] mapred.Task (Task.java:sendDone(1121)) - Task 'attempt_local1341070878_0003_m_000000_0' done.
2017-10-14 23:04:27,946 INFO  [LocalJobRunner Map Task Executor #0] mapred.LocalJobRunner (LocalJobRunner.java:run(249)) - Finishing task: attempt_local1341070878_0003_m_000000_0
2017-10-14 23:04:27,947 INFO  [Thread-59] mapred.LocalJobRunner (LocalJobRunner.java:runTasks(456)) - map task executor complete.
2017-10-14 23:04:27,958 INFO  [Thread-59] mapred.LocalJobRunner (LocalJobRunner.java:runTasks(448)) - Waiting for reduce tasks
2017-10-14 23:04:27,964 INFO  [pool-9-thread-1] mapred.LocalJobRunner (LocalJobRunner.java:run(302)) - Starting task: attempt_local1341070878_0003_r_000000_0
2017-10-14 23:04:27,969 INFO  [pool-9-thread-1] mapred.Task (Task.java:initialize(587)) -  Using ResourceCalculatorProcessTree : [ ]
2017-10-14 23:04:27,970 INFO  [pool-9-thread-1] mapred.ReduceTask (ReduceTask.java:run(362)) - Using ShuffleConsumerPlugin: org.apache.hadoop.mapreduce.task.reduce.Shuffle@18e2ddef
2017-10-14 23:04:27,981 INFO  [pool-9-thread-1] reduce.MergeManagerImpl (MergeManagerImpl.java:<init>(196)) - MergerManager: memoryLimit=703542080, maxSingleShuffleLimit=175885520, mergeThreshold=464337792, ioSortFactor=10, memToMemMergeOutputsThreshold=10
2017-10-14 23:04:27,997 INFO  [EventFetcher for fetching Map Completion Events] reduce.EventFetcher (EventFetcher.java:run(61)) - attempt_local1341070878_0003_r_000000_0 Thread started: EventFetcher for fetching Map Completion Events
2017-10-14 23:04:27,998 INFO  [localfetcher#3] reduce.LocalFetcher (LocalFetcher.java:copyMapOutput(141)) - localfetcher#3 about to shuffle output of map attempt_local1341070878_0003_m_000000_0 decomp: 826 len: 830 to MEMORY
2017-10-14 23:04:27,998 INFO  [localfetcher#3] reduce.InMemoryMapOutput (InMemoryMapOutput.java:shuffle(100)) - Read 826 bytes from map-output for attempt_local1341070878_0003_m_000000_0
2017-10-14 23:04:27,998 INFO  [localfetcher#3] reduce.MergeManagerImpl (MergeManagerImpl.java:closeInMemoryFile(314)) - closeInMemoryFile -> map-output of size: 826, inMemoryMapOutputs.size() -> 1, commitMemory -> 0, usedMemory ->826
2017-10-14 23:04:28,006 INFO  [EventFetcher for fetching Map Completion Events] reduce.EventFetcher (EventFetcher.java:run(76)) - EventFetcher is interrupted.. Returning
2017-10-14 23:04:28,007 INFO  [pool-9-thread-1] mapred.LocalJobRunner (LocalJobRunner.java:statusUpdate(591)) - 1 / 1 copied.
2017-10-14 23:04:28,007 INFO  [pool-9-thread-1] reduce.MergeManagerImpl (MergeManagerImpl.java:finalMerge(674)) - finalMerge called with 1 in-memory map-outputs and 0 on-disk map-outputs
2017-10-14 23:04:28,008 INFO  [pool-9-thread-1] mapred.Merger (Merger.java:merge(597)) - Merging 1 sorted segments
2017-10-14 23:04:28,008 INFO  [pool-9-thread-1] mapred.Merger (Merger.java:merge(696)) - Down to the last merge-pass, with 1 segments left of total size: 816 bytes
2017-10-14 23:04:28,010 INFO  [pool-9-thread-1] reduce.MergeManagerImpl (MergeManagerImpl.java:finalMerge(751)) - Merged 1 segments, 826 bytes to disk to satisfy reduce memory limit
2017-10-14 23:04:28,011 INFO  [pool-9-thread-1] reduce.MergeManagerImpl (MergeManagerImpl.java:finalMerge(781)) - Merging 1 files, 830 bytes from disk
2017-10-14 23:04:28,011 INFO  [pool-9-thread-1] reduce.MergeManagerImpl (MergeManagerImpl.java:finalMerge(796)) - Merging 0 segments, 0 bytes from memory into reduce
2017-10-14 23:04:28,011 INFO  [pool-9-thread-1] mapred.Merger (Merger.java:merge(597)) - Merging 1 sorted segments
2017-10-14 23:04:28,011 INFO  [pool-9-thread-1] mapred.Merger (Merger.java:merge(696)) - Down to the last merge-pass, with 1 segments left of total size: 816 bytes
2017-10-14 23:04:28,011 INFO  [pool-9-thread-1] mapred.LocalJobRunner (LocalJobRunner.java:statusUpdate(591)) - 1 / 1 copied.
2017-10-14 23:04:28,050 INFO  [pool-9-thread-1] mapred.Task (Task.java:done(1001)) - Task:attempt_local1341070878_0003_r_000000_0 is done. And is in the process of committing
2017-10-14 23:04:28,051 INFO  [pool-9-thread-1] mapred.LocalJobRunner (LocalJobRunner.java:statusUpdate(591)) - 1 / 1 copied.
2017-10-14 23:04:28,051 INFO  [pool-9-thread-1] mapred.Task (Task.java:commit(1162)) - Task attempt_local1341070878_0003_r_000000_0 is allowed to commit now
2017-10-14 23:04:28,063 INFO  [pool-9-thread-1] output.FileOutputCommitter (FileOutputCommitter.java:commitTask(439)) - Saved output of task 'attempt_local1341070878_0003_r_000000_0' to file:/home/aneelipa/project2/intermediate/f2/_temporary/0/task_local1341070878_0003_r_000000
2017-10-14 23:04:28,064 INFO  [pool-9-thread-1] mapred.LocalJobRunner (LocalJobRunner.java:statusUpdate(591)) - reduce > reduce
2017-10-14 23:04:28,064 INFO  [pool-9-thread-1] mapred.Task (Task.java:sendDone(1121)) - Task 'attempt_local1341070878_0003_r_000000_0' done.
2017-10-14 23:04:28,064 INFO  [pool-9-thread-1] mapred.LocalJobRunner (LocalJobRunner.java:run(325)) - Finishing task: attempt_local1341070878_0003_r_000000_0
2017-10-14 23:04:28,065 INFO  [Thread-59] mapred.LocalJobRunner (LocalJobRunner.java:runTasks(456)) - reduce task executor complete.
2017-10-14 23:04:28,756 INFO  [main] mapreduce.Job (Job.java:monitorAndPrintJob(1366)) - Job job_local1341070878_0003 running in uber mode : false
2017-10-14 23:04:28,756 INFO  [main] mapreduce.Job (Job.java:monitorAndPrintJob(1373)) -  map 100% reduce 100%
2017-10-14 23:04:28,756 INFO  [main] mapreduce.Job (Job.java:monitorAndPrintJob(1384)) - Job job_local1341070878_0003 completed successfully
2017-10-14 23:04:28,759 INFO  [main] mapreduce.Job (Job.java:monitorAndPrintJob(1391)) - Counters: 33
	File System Counters
		FILE: Number of bytes read=67428
		FILE: Number of bytes written=1605401
		FILE: Number of read operations=0
		FILE: Number of large read operations=0
		FILE: Number of write operations=0
	Map-Reduce Framework
		Map input records=10
		Map output records=28
		Map output bytes=768
		Map output materialized bytes=830
		Input split bytes=122
		Combine input records=0
		Combine output records=0
		Reduce input groups=10
		Reduce shuffle bytes=830
		Reduce input records=28
		Reduce output records=10
		Spilled Records=56
		Shuffled Maps =1
		Failed Shuffles=0
		Merged Map outputs=1
		GC time elapsed (ms)=108
		CPU time spent (ms)=0
		Physical memory (bytes) snapshot=0
		Virtual memory (bytes) snapshot=0
		Total committed heap usage (bytes)=2010120192
	Shuffle Errors
		BAD_ID=0
		CONNECTION=0
		IO_ERROR=0
		WRONG_LENGTH=0
		WRONG_MAP=0
		WRONG_REDUCE=0
	File Input Format Counters 
		Bytes Read=623
	File Output Format Counters 
		Bytes Written=623
2017-10-14 23:04:28,779 INFO  [main] jvm.JvmMetrics (JvmMetrics.java:init(71)) - Cannot initialize JVM Metrics with processName=JobTracker, sessionId= - already initialized
2017-10-14 23:04:28,807 INFO  [main] input.FileInputFormat (FileInputFormat.java:listStatus(281)) - Total input paths to process : 1
2017-10-14 23:04:28,817 INFO  [main] mapreduce.JobSubmitter (JobSubmitter.java:submitJobInternal(494)) - number of splits:1
2017-10-14 23:04:28,834 INFO  [main] mapreduce.JobSubmitter (JobSubmitter.java:printTokens(583)) - Submitting tokens for job: job_local277697815_0004
2017-10-14 23:04:29,016 INFO  [main] mapreduce.Job (Job.java:submit(1300)) - The url to track the job: http://localhost:8080/
2017-10-14 23:04:29,016 INFO  [main] mapreduce.Job (Job.java:monitorAndPrintJob(1345)) - Running job: job_local277697815_0004
2017-10-14 23:04:29,024 INFO  [Thread-81] mapred.LocalJobRunner (LocalJobRunner.java:createOutputCommitter(471)) - OutputCommitter set in config null
2017-10-14 23:04:29,025 INFO  [Thread-81] mapred.LocalJobRunner (LocalJobRunner.java:createOutputCommitter(489)) - OutputCommitter is org.apache.hadoop.mapreduce.lib.output.FileOutputCommitter
2017-10-14 23:04:29,046 INFO  [Thread-81] mapred.LocalJobRunner (LocalJobRunner.java:runTasks(448)) - Waiting for map tasks
2017-10-14 23:04:29,046 INFO  [LocalJobRunner Map Task Executor #0] mapred.LocalJobRunner (LocalJobRunner.java:run(224)) - Starting task: attempt_local277697815_0004_m_000000_0
2017-10-14 23:04:29,060 INFO  [LocalJobRunner Map Task Executor #0] mapred.Task (Task.java:initialize(587)) -  Using ResourceCalculatorProcessTree : [ ]
2017-10-14 23:04:29,061 INFO  [LocalJobRunner Map Task Executor #0] mapred.MapTask (MapTask.java:runNewMapper(753)) - Processing split: file:/home/aneelipa/project2/intermediate/f2/part-r-00000:0+607
2017-10-14 23:04:29,183 INFO  [LocalJobRunner Map Task Executor #0] mapred.MapTask (MapTask.java:setEquator(1202)) - (EQUATOR) 0 kvi 26214396(104857584)
2017-10-14 23:04:29,183 INFO  [LocalJobRunner Map Task Executor #0] mapred.MapTask (MapTask.java:init(995)) - mapreduce.task.io.sort.mb: 100
2017-10-14 23:04:29,193 INFO  [LocalJobRunner Map Task Executor #0] mapred.MapTask (MapTask.java:init(996)) - soft limit at 83886080
2017-10-14 23:04:29,193 INFO  [LocalJobRunner Map Task Executor #0] mapred.MapTask (MapTask.java:init(997)) - bufstart = 0; bufvoid = 104857600
2017-10-14 23:04:29,193 INFO  [LocalJobRunner Map Task Executor #0] mapred.MapTask (MapTask.java:init(998)) - kvstart = 26214396; length = 6553600
2017-10-14 23:04:29,194 INFO  [LocalJobRunner Map Task Executor #0] mapred.MapTask (MapTask.java:createSortingCollector(402)) - Map output collector class = org.apache.hadoop.mapred.MapTask$MapOutputBuffer
2017-10-14 23:04:29,198 INFO  [LocalJobRunner Map Task Executor #0] mapred.LocalJobRunner (LocalJobRunner.java:statusUpdate(591)) - 
2017-10-14 23:04:29,201 INFO  [LocalJobRunner Map Task Executor #0] mapred.MapTask (MapTask.java:flush(1457)) - Starting flush of map output
2017-10-14 23:04:29,201 INFO  [LocalJobRunner Map Task Executor #0] mapred.MapTask (MapTask.java:flush(1475)) - Spilling map output
2017-10-14 23:04:29,201 INFO  [LocalJobRunner Map Task Executor #0] mapred.MapTask (MapTask.java:flush(1476)) - bufstart = 0; bufend = 768; bufvoid = 104857600
2017-10-14 23:04:29,201 INFO  [LocalJobRunner Map Task Executor #0] mapred.MapTask (MapTask.java:flush(1478)) - kvstart = 26214396(104857584); kvend = 26214288(104857152); length = 109/6553600
2017-10-14 23:04:29,202 INFO  [LocalJobRunner Map Task Executor #0] mapred.MapTask (MapTask.java:sortAndSpill(1660)) - Finished spill 0
2017-10-14 23:04:29,205 INFO  [LocalJobRunner Map Task Executor #0] mapred.Task (Task.java:done(1001)) - Task:attempt_local277697815_0004_m_000000_0 is done. And is in the process of committing
2017-10-14 23:04:29,211 INFO  [LocalJobRunner Map Task Executor #0] mapred.LocalJobRunner (LocalJobRunner.java:statusUpdate(591)) - map
2017-10-14 23:04:29,211 INFO  [LocalJobRunner Map Task Executor #0] mapred.Task (Task.java:sendDone(1121)) - Task 'attempt_local277697815_0004_m_000000_0' done.
2017-10-14 23:04:29,211 INFO  [LocalJobRunner Map Task Executor #0] mapred.LocalJobRunner (LocalJobRunner.java:run(249)) - Finishing task: attempt_local277697815_0004_m_000000_0
2017-10-14 23:04:29,211 INFO  [Thread-81] mapred.LocalJobRunner (LocalJobRunner.java:runTasks(456)) - map task executor complete.
2017-10-14 23:04:29,212 INFO  [Thread-81] mapred.LocalJobRunner (LocalJobRunner.java:runTasks(448)) - Waiting for reduce tasks
2017-10-14 23:04:29,219 INFO  [pool-12-thread-1] mapred.LocalJobRunner (LocalJobRunner.java:run(302)) - Starting task: attempt_local277697815_0004_r_000000_0
2017-10-14 23:04:29,223 INFO  [pool-12-thread-1] mapred.Task (Task.java:initialize(587)) -  Using ResourceCalculatorProcessTree : [ ]
2017-10-14 23:04:29,223 INFO  [pool-12-thread-1] mapred.ReduceTask (ReduceTask.java:run(362)) - Using ShuffleConsumerPlugin: org.apache.hadoop.mapreduce.task.reduce.Shuffle@4a3e72a2
2017-10-14 23:04:29,225 INFO  [pool-12-thread-1] reduce.MergeManagerImpl (MergeManagerImpl.java:<init>(196)) - MergerManager: memoryLimit=703542080, maxSingleShuffleLimit=175885520, mergeThreshold=464337792, ioSortFactor=10, memToMemMergeOutputsThreshold=10
2017-10-14 23:04:29,227 INFO  [EventFetcher for fetching Map Completion Events] reduce.EventFetcher (EventFetcher.java:run(61)) - attempt_local277697815_0004_r_000000_0 Thread started: EventFetcher for fetching Map Completion Events
2017-10-14 23:04:29,228 INFO  [localfetcher#4] reduce.LocalFetcher (LocalFetcher.java:copyMapOutput(141)) - localfetcher#4 about to shuffle output of map attempt_local277697815_0004_m_000000_0 decomp: 826 len: 830 to MEMORY
2017-10-14 23:04:29,229 INFO  [localfetcher#4] reduce.InMemoryMapOutput (InMemoryMapOutput.java:shuffle(100)) - Read 826 bytes from map-output for attempt_local277697815_0004_m_000000_0
2017-10-14 23:04:29,229 INFO  [localfetcher#4] reduce.MergeManagerImpl (MergeManagerImpl.java:closeInMemoryFile(314)) - closeInMemoryFile -> map-output of size: 826, inMemoryMapOutputs.size() -> 1, commitMemory -> 0, usedMemory ->826
2017-10-14 23:04:29,230 INFO  [EventFetcher for fetching Map Completion Events] reduce.EventFetcher (EventFetcher.java:run(76)) - EventFetcher is interrupted.. Returning
2017-10-14 23:04:29,230 INFO  [pool-12-thread-1] mapred.LocalJobRunner (LocalJobRunner.java:statusUpdate(591)) - 1 / 1 copied.
2017-10-14 23:04:29,230 INFO  [pool-12-thread-1] reduce.MergeManagerImpl (MergeManagerImpl.java:finalMerge(674)) - finalMerge called with 1 in-memory map-outputs and 0 on-disk map-outputs
2017-10-14 23:04:29,231 INFO  [pool-12-thread-1] mapred.Merger (Merger.java:merge(597)) - Merging 1 sorted segments
2017-10-14 23:04:29,231 INFO  [pool-12-thread-1] mapred.Merger (Merger.java:merge(696)) - Down to the last merge-pass, with 1 segments left of total size: 816 bytes
2017-10-14 23:04:29,234 INFO  [pool-12-thread-1] reduce.MergeManagerImpl (MergeManagerImpl.java:finalMerge(751)) - Merged 1 segments, 826 bytes to disk to satisfy reduce memory limit
2017-10-14 23:04:29,234 INFO  [pool-12-thread-1] reduce.MergeManagerImpl (MergeManagerImpl.java:finalMerge(781)) - Merging 1 files, 830 bytes from disk
2017-10-14 23:04:29,234 INFO  [pool-12-thread-1] reduce.MergeManagerImpl (MergeManagerImpl.java:finalMerge(796)) - Merging 0 segments, 0 bytes from memory into reduce
2017-10-14 23:04:29,234 INFO  [pool-12-thread-1] mapred.Merger (Merger.java:merge(597)) - Merging 1 sorted segments
2017-10-14 23:04:29,234 INFO  [pool-12-thread-1] mapred.Merger (Merger.java:merge(696)) - Down to the last merge-pass, with 1 segments left of total size: 816 bytes
2017-10-14 23:04:29,234 INFO  [pool-12-thread-1] mapred.LocalJobRunner (LocalJobRunner.java:statusUpdate(591)) - 1 / 1 copied.
2017-10-14 23:04:29,247 INFO  [pool-12-thread-1] mapred.Task (Task.java:done(1001)) - Task:attempt_local277697815_0004_r_000000_0 is done. And is in the process of committing
2017-10-14 23:04:29,248 INFO  [pool-12-thread-1] mapred.LocalJobRunner (LocalJobRunner.java:statusUpdate(591)) - 1 / 1 copied.
2017-10-14 23:04:29,248 INFO  [pool-12-thread-1] mapred.Task (Task.java:commit(1162)) - Task attempt_local277697815_0004_r_000000_0 is allowed to commit now
2017-10-14 23:04:29,250 INFO  [pool-12-thread-1] output.FileOutputCommitter (FileOutputCommitter.java:commitTask(439)) - Saved output of task 'attempt_local277697815_0004_r_000000_0' to file:/home/aneelipa/project2/intermediate/f3/_temporary/0/task_local277697815_0004_r_000000
2017-10-14 23:04:29,250 INFO  [pool-12-thread-1] mapred.LocalJobRunner (LocalJobRunner.java:statusUpdate(591)) - reduce > reduce
2017-10-14 23:04:29,250 INFO  [pool-12-thread-1] mapred.Task (Task.java:sendDone(1121)) - Task 'attempt_local277697815_0004_r_000000_0' done.
2017-10-14 23:04:29,250 INFO  [pool-12-thread-1] mapred.LocalJobRunner (LocalJobRunner.java:run(325)) - Finishing task: attempt_local277697815_0004_r_000000_0
2017-10-14 23:04:29,250 INFO  [Thread-81] mapred.LocalJobRunner (LocalJobRunner.java:runTasks(456)) - reduce task executor complete.
2017-10-14 23:04:30,017 INFO  [main] mapreduce.Job (Job.java:monitorAndPrintJob(1366)) - Job job_local277697815_0004 running in uber mode : false
2017-10-14 23:04:30,017 INFO  [main] mapreduce.Job (Job.java:monitorAndPrintJob(1373)) -  map 100% reduce 100%
2017-10-14 23:04:30,017 INFO  [main] mapreduce.Job (Job.java:monitorAndPrintJob(1384)) - Job job_local277697815_0004 completed successfully
2017-10-14 23:04:30,022 INFO  [main] mapreduce.Job (Job.java:monitorAndPrintJob(1391)) - Counters: 33
	File System Counters
		FILE: Number of bytes read=91336
		FILE: Number of bytes written=2139717
		FILE: Number of read operations=0
		FILE: Number of large read operations=0
		FILE: Number of write operations=0
	Map-Reduce Framework
		Map input records=10
		Map output records=28
		Map output bytes=768
		Map output materialized bytes=830
		Input split bytes=122
		Combine input records=0
		Combine output records=0
		Reduce input groups=10
		Reduce shuffle bytes=830
		Reduce input records=28
		Reduce output records=10
		Spilled Records=56
		Shuffled Maps =1
		Failed Shuffles=0
		Merged Map outputs=1
		GC time elapsed (ms)=99
		CPU time spent (ms)=0
		Physical memory (bytes) snapshot=0
		Virtual memory (bytes) snapshot=0
		Total committed heap usage (bytes)=2010120192
	Shuffle Errors
		BAD_ID=0
		CONNECTION=0
		IO_ERROR=0
		WRONG_LENGTH=0
		WRONG_MAP=0
		WRONG_REDUCE=0
	File Input Format Counters 
		Bytes Read=623
	File Output Format Counters 
		Bytes Written=623
2017-10-14 23:04:30,040 INFO  [main] jvm.JvmMetrics (JvmMetrics.java:init(71)) - Cannot initialize JVM Metrics with processName=JobTracker, sessionId= - already initialized
2017-10-14 23:04:30,060 INFO  [main] input.FileInputFormat (FileInputFormat.java:listStatus(281)) - Total input paths to process : 1
2017-10-14 23:04:30,067 INFO  [main] mapreduce.JobSubmitter (JobSubmitter.java:submitJobInternal(494)) - number of splits:1
2017-10-14 23:04:30,076 INFO  [main] mapreduce.JobSubmitter (JobSubmitter.java:printTokens(583)) - Submitting tokens for job: job_local456219667_0005
2017-10-14 23:04:30,165 INFO  [main] mapreduce.Job (Job.java:submit(1300)) - The url to track the job: http://localhost:8080/
2017-10-14 23:04:30,165 INFO  [main] mapreduce.Job (Job.java:monitorAndPrintJob(1345)) - Running job: job_local456219667_0005
2017-10-14 23:04:30,166 INFO  [Thread-103] mapred.LocalJobRunner (LocalJobRunner.java:createOutputCommitter(471)) - OutputCommitter set in config null
2017-10-14 23:04:30,166 INFO  [Thread-103] mapred.LocalJobRunner (LocalJobRunner.java:createOutputCommitter(489)) - OutputCommitter is org.apache.hadoop.mapreduce.lib.output.FileOutputCommitter
2017-10-14 23:04:30,170 INFO  [Thread-103] mapred.LocalJobRunner (LocalJobRunner.java:runTasks(448)) - Waiting for map tasks
2017-10-14 23:04:30,175 INFO  [LocalJobRunner Map Task Executor #0] mapred.LocalJobRunner (LocalJobRunner.java:run(224)) - Starting task: attempt_local456219667_0005_m_000000_0
2017-10-14 23:04:30,177 INFO  [LocalJobRunner Map Task Executor #0] mapred.Task (Task.java:initialize(587)) -  Using ResourceCalculatorProcessTree : [ ]
2017-10-14 23:04:30,177 INFO  [LocalJobRunner Map Task Executor #0] mapred.MapTask (MapTask.java:runNewMapper(753)) - Processing split: file:/home/aneelipa/project2/intermediate/f3/part-r-00000:0+607
2017-10-14 23:04:30,329 INFO  [LocalJobRunner Map Task Executor #0] mapred.MapTask (MapTask.java:setEquator(1202)) - (EQUATOR) 0 kvi 26214396(104857584)
2017-10-14 23:04:30,329 INFO  [LocalJobRunner Map Task Executor #0] mapred.MapTask (MapTask.java:init(995)) - mapreduce.task.io.sort.mb: 100
2017-10-14 23:04:30,330 INFO  [LocalJobRunner Map Task Executor #0] mapred.MapTask (MapTask.java:init(996)) - soft limit at 83886080
2017-10-14 23:04:30,330 INFO  [LocalJobRunner Map Task Executor #0] mapred.MapTask (MapTask.java:init(997)) - bufstart = 0; bufvoid = 104857600
2017-10-14 23:04:30,330 INFO  [LocalJobRunner Map Task Executor #0] mapred.MapTask (MapTask.java:init(998)) - kvstart = 26214396; length = 6553600
2017-10-14 23:04:30,331 INFO  [LocalJobRunner Map Task Executor #0] mapred.MapTask (MapTask.java:createSortingCollector(402)) - Map output collector class = org.apache.hadoop.mapred.MapTask$MapOutputBuffer
2017-10-14 23:04:30,341 INFO  [LocalJobRunner Map Task Executor #0] mapred.LocalJobRunner (LocalJobRunner.java:statusUpdate(591)) - 
2017-10-14 23:04:30,341 INFO  [LocalJobRunner Map Task Executor #0] mapred.MapTask (MapTask.java:flush(1457)) - Starting flush of map output
2017-10-14 23:04:30,341 INFO  [LocalJobRunner Map Task Executor #0] mapred.MapTask (MapTask.java:flush(1475)) - Spilling map output
2017-10-14 23:04:30,341 INFO  [LocalJobRunner Map Task Executor #0] mapred.MapTask (MapTask.java:flush(1476)) - bufstart = 0; bufend = 768; bufvoid = 104857600
2017-10-14 23:04:30,341 INFO  [LocalJobRunner Map Task Executor #0] mapred.MapTask (MapTask.java:flush(1478)) - kvstart = 26214396(104857584); kvend = 26214288(104857152); length = 109/6553600
2017-10-14 23:04:30,342 INFO  [LocalJobRunner Map Task Executor #0] mapred.MapTask (MapTask.java:sortAndSpill(1660)) - Finished spill 0
2017-10-14 23:04:30,343 INFO  [LocalJobRunner Map Task Executor #0] mapred.Task (Task.java:done(1001)) - Task:attempt_local456219667_0005_m_000000_0 is done. And is in the process of committing
2017-10-14 23:04:30,346 INFO  [LocalJobRunner Map Task Executor #0] mapred.LocalJobRunner (LocalJobRunner.java:statusUpdate(591)) - map
2017-10-14 23:04:30,346 INFO  [LocalJobRunner Map Task Executor #0] mapred.Task (Task.java:sendDone(1121)) - Task 'attempt_local456219667_0005_m_000000_0' done.
2017-10-14 23:04:30,346 INFO  [LocalJobRunner Map Task Executor #0] mapred.LocalJobRunner (LocalJobRunner.java:run(249)) - Finishing task: attempt_local456219667_0005_m_000000_0
2017-10-14 23:04:30,348 INFO  [Thread-103] mapred.LocalJobRunner (LocalJobRunner.java:runTasks(456)) - map task executor complete.
2017-10-14 23:04:30,348 INFO  [Thread-103] mapred.LocalJobRunner (LocalJobRunner.java:runTasks(448)) - Waiting for reduce tasks
2017-10-14 23:04:30,355 INFO  [pool-15-thread-1] mapred.LocalJobRunner (LocalJobRunner.java:run(302)) - Starting task: attempt_local456219667_0005_r_000000_0
2017-10-14 23:04:30,357 INFO  [pool-15-thread-1] mapred.Task (Task.java:initialize(587)) -  Using ResourceCalculatorProcessTree : [ ]
2017-10-14 23:04:30,357 INFO  [pool-15-thread-1] mapred.ReduceTask (ReduceTask.java:run(362)) - Using ShuffleConsumerPlugin: org.apache.hadoop.mapreduce.task.reduce.Shuffle@254f750b
2017-10-14 23:04:30,358 INFO  [pool-15-thread-1] reduce.MergeManagerImpl (MergeManagerImpl.java:<init>(196)) - MergerManager: memoryLimit=677117952, maxSingleShuffleLimit=169279488, mergeThreshold=446897856, ioSortFactor=10, memToMemMergeOutputsThreshold=10
2017-10-14 23:04:30,358 INFO  [EventFetcher for fetching Map Completion Events] reduce.EventFetcher (EventFetcher.java:run(61)) - attempt_local456219667_0005_r_000000_0 Thread started: EventFetcher for fetching Map Completion Events
2017-10-14 23:04:30,359 INFO  [localfetcher#5] reduce.LocalFetcher (LocalFetcher.java:copyMapOutput(141)) - localfetcher#5 about to shuffle output of map attempt_local456219667_0005_m_000000_0 decomp: 826 len: 830 to MEMORY
2017-10-14 23:04:30,360 INFO  [localfetcher#5] reduce.InMemoryMapOutput (InMemoryMapOutput.java:shuffle(100)) - Read 826 bytes from map-output for attempt_local456219667_0005_m_000000_0
2017-10-14 23:04:30,360 INFO  [localfetcher#5] reduce.MergeManagerImpl (MergeManagerImpl.java:closeInMemoryFile(314)) - closeInMemoryFile -> map-output of size: 826, inMemoryMapOutputs.size() -> 1, commitMemory -> 0, usedMemory ->826
2017-10-14 23:04:30,360 INFO  [EventFetcher for fetching Map Completion Events] reduce.EventFetcher (EventFetcher.java:run(76)) - EventFetcher is interrupted.. Returning
2017-10-14 23:04:30,360 INFO  [pool-15-thread-1] mapred.LocalJobRunner (LocalJobRunner.java:statusUpdate(591)) - 1 / 1 copied.
2017-10-14 23:04:30,361 INFO  [pool-15-thread-1] reduce.MergeManagerImpl (MergeManagerImpl.java:finalMerge(674)) - finalMerge called with 1 in-memory map-outputs and 0 on-disk map-outputs
2017-10-14 23:04:30,361 INFO  [pool-15-thread-1] mapred.Merger (Merger.java:merge(597)) - Merging 1 sorted segments
2017-10-14 23:04:30,361 INFO  [pool-15-thread-1] mapred.Merger (Merger.java:merge(696)) - Down to the last merge-pass, with 1 segments left of total size: 816 bytes
2017-10-14 23:04:30,366 INFO  [pool-15-thread-1] reduce.MergeManagerImpl (MergeManagerImpl.java:finalMerge(751)) - Merged 1 segments, 826 bytes to disk to satisfy reduce memory limit
2017-10-14 23:04:30,367 INFO  [pool-15-thread-1] reduce.MergeManagerImpl (MergeManagerImpl.java:finalMerge(781)) - Merging 1 files, 830 bytes from disk
2017-10-14 23:04:30,367 INFO  [pool-15-thread-1] reduce.MergeManagerImpl (MergeManagerImpl.java:finalMerge(796)) - Merging 0 segments, 0 bytes from memory into reduce
2017-10-14 23:04:30,367 INFO  [pool-15-thread-1] mapred.Merger (Merger.java:merge(597)) - Merging 1 sorted segments
2017-10-14 23:04:30,367 INFO  [pool-15-thread-1] mapred.Merger (Merger.java:merge(696)) - Down to the last merge-pass, with 1 segments left of total size: 816 bytes
2017-10-14 23:04:30,367 INFO  [pool-15-thread-1] mapred.LocalJobRunner (LocalJobRunner.java:statusUpdate(591)) - 1 / 1 copied.
2017-10-14 23:04:30,380 INFO  [pool-15-thread-1] mapred.Task (Task.java:done(1001)) - Task:attempt_local456219667_0005_r_000000_0 is done. And is in the process of committing
2017-10-14 23:04:30,381 INFO  [pool-15-thread-1] mapred.LocalJobRunner (LocalJobRunner.java:statusUpdate(591)) - 1 / 1 copied.
2017-10-14 23:04:30,381 INFO  [pool-15-thread-1] mapred.Task (Task.java:commit(1162)) - Task attempt_local456219667_0005_r_000000_0 is allowed to commit now
2017-10-14 23:04:30,382 INFO  [pool-15-thread-1] output.FileOutputCommitter (FileOutputCommitter.java:commitTask(439)) - Saved output of task 'attempt_local456219667_0005_r_000000_0' to file:/home/aneelipa/project2/intermediate/f4/_temporary/0/task_local456219667_0005_r_000000
2017-10-14 23:04:30,383 INFO  [pool-15-thread-1] mapred.LocalJobRunner (LocalJobRunner.java:statusUpdate(591)) - reduce > reduce
2017-10-14 23:04:30,383 INFO  [pool-15-thread-1] mapred.Task (Task.java:sendDone(1121)) - Task 'attempt_local456219667_0005_r_000000_0' done.
2017-10-14 23:04:30,383 INFO  [pool-15-thread-1] mapred.LocalJobRunner (LocalJobRunner.java:run(325)) - Finishing task: attempt_local456219667_0005_r_000000_0
2017-10-14 23:04:30,383 INFO  [Thread-103] mapred.LocalJobRunner (LocalJobRunner.java:runTasks(456)) - reduce task executor complete.
2017-10-14 23:04:31,166 INFO  [main] mapreduce.Job (Job.java:monitorAndPrintJob(1366)) - Job job_local456219667_0005 running in uber mode : false
2017-10-14 23:04:31,166 INFO  [main] mapreduce.Job (Job.java:monitorAndPrintJob(1373)) -  map 100% reduce 100%
2017-10-14 23:04:31,166 INFO  [main] mapreduce.Job (Job.java:monitorAndPrintJob(1384)) - Job job_local456219667_0005 completed successfully
2017-10-14 23:04:31,168 INFO  [main] mapreduce.Job (Job.java:monitorAndPrintJob(1391)) - Counters: 33
	File System Counters
		FILE: Number of bytes read=115244
		FILE: Number of bytes written=2674033
		FILE: Number of read operations=0
		FILE: Number of large read operations=0
		FILE: Number of write operations=0
	Map-Reduce Framework
		Map input records=10
		Map output records=28
		Map output bytes=768
		Map output materialized bytes=830
		Input split bytes=122
		Combine input records=0
		Combine output records=0
		Reduce input groups=10
		Reduce shuffle bytes=830
		Reduce input records=28
		Reduce output records=10
		Spilled Records=56
		Shuffled Maps =1
		Failed Shuffles=0
		Merged Map outputs=1
		GC time elapsed (ms)=132
		CPU time spent (ms)=0
		Physical memory (bytes) snapshot=0
		Virtual memory (bytes) snapshot=0
		Total committed heap usage (bytes)=1934622720
	Shuffle Errors
		BAD_ID=0
		CONNECTION=0
		IO_ERROR=0
		WRONG_LENGTH=0
		WRONG_MAP=0
		WRONG_REDUCE=0
	File Input Format Counters 
		Bytes Read=623
	File Output Format Counters 
		Bytes Written=623
2017-10-14 23:04:31,186 INFO  [main] jvm.JvmMetrics (JvmMetrics.java:init(71)) - Cannot initialize JVM Metrics with processName=JobTracker, sessionId= - already initialized
2017-10-14 23:04:31,209 INFO  [main] input.FileInputFormat (FileInputFormat.java:listStatus(281)) - Total input paths to process : 1
2017-10-14 23:04:31,218 INFO  [main] mapreduce.JobSubmitter (JobSubmitter.java:submitJobInternal(494)) - number of splits:1
2017-10-14 23:04:31,225 INFO  [main] mapreduce.JobSubmitter (JobSubmitter.java:printTokens(583)) - Submitting tokens for job: job_local2013363825_0006
2017-10-14 23:04:31,334 INFO  [main] mapreduce.Job (Job.java:submit(1300)) - The url to track the job: http://localhost:8080/
2017-10-14 23:04:31,334 INFO  [main] mapreduce.Job (Job.java:monitorAndPrintJob(1345)) - Running job: job_local2013363825_0006
2017-10-14 23:04:31,335 INFO  [Thread-125] mapred.LocalJobRunner (LocalJobRunner.java:createOutputCommitter(471)) - OutputCommitter set in config null
2017-10-14 23:04:31,335 INFO  [Thread-125] mapred.LocalJobRunner (LocalJobRunner.java:createOutputCommitter(489)) - OutputCommitter is org.apache.hadoop.mapreduce.lib.output.FileOutputCommitter
2017-10-14 23:04:31,346 INFO  [Thread-125] mapred.LocalJobRunner (LocalJobRunner.java:runTasks(448)) - Waiting for map tasks
2017-10-14 23:04:31,346 INFO  [LocalJobRunner Map Task Executor #0] mapred.LocalJobRunner (LocalJobRunner.java:run(224)) - Starting task: attempt_local2013363825_0006_m_000000_0
2017-10-14 23:04:31,362 INFO  [LocalJobRunner Map Task Executor #0] mapred.Task (Task.java:initialize(587)) -  Using ResourceCalculatorProcessTree : [ ]
2017-10-14 23:04:31,363 INFO  [LocalJobRunner Map Task Executor #0] mapred.MapTask (MapTask.java:runNewMapper(753)) - Processing split: file:/home/aneelipa/project2/intermediate/f4/part-r-00000:0+607
2017-10-14 23:04:31,485 INFO  [LocalJobRunner Map Task Executor #0] mapred.MapTask (MapTask.java:setEquator(1202)) - (EQUATOR) 0 kvi 26214396(104857584)
2017-10-14 23:04:31,485 INFO  [LocalJobRunner Map Task Executor #0] mapred.MapTask (MapTask.java:init(995)) - mapreduce.task.io.sort.mb: 100
2017-10-14 23:04:31,485 INFO  [LocalJobRunner Map Task Executor #0] mapred.MapTask (MapTask.java:init(996)) - soft limit at 83886080
2017-10-14 23:04:31,485 INFO  [LocalJobRunner Map Task Executor #0] mapred.MapTask (MapTask.java:init(997)) - bufstart = 0; bufvoid = 104857600
2017-10-14 23:04:31,485 INFO  [LocalJobRunner Map Task Executor #0] mapred.MapTask (MapTask.java:init(998)) - kvstart = 26214396; length = 6553600
2017-10-14 23:04:31,496 INFO  [LocalJobRunner Map Task Executor #0] mapred.MapTask (MapTask.java:createSortingCollector(402)) - Map output collector class = org.apache.hadoop.mapred.MapTask$MapOutputBuffer
2017-10-14 23:04:31,499 INFO  [LocalJobRunner Map Task Executor #0] mapred.LocalJobRunner (LocalJobRunner.java:statusUpdate(591)) - 
2017-10-14 23:04:31,500 INFO  [LocalJobRunner Map Task Executor #0] mapred.MapTask (MapTask.java:flush(1457)) - Starting flush of map output
2017-10-14 23:04:31,500 INFO  [LocalJobRunner Map Task Executor #0] mapred.MapTask (MapTask.java:flush(1475)) - Spilling map output
2017-10-14 23:04:31,500 INFO  [LocalJobRunner Map Task Executor #0] mapred.MapTask (MapTask.java:flush(1476)) - bufstart = 0; bufend = 768; bufvoid = 104857600
2017-10-14 23:04:31,500 INFO  [LocalJobRunner Map Task Executor #0] mapred.MapTask (MapTask.java:flush(1478)) - kvstart = 26214396(104857584); kvend = 26214288(104857152); length = 109/6553600
2017-10-14 23:04:31,501 INFO  [LocalJobRunner Map Task Executor #0] mapred.MapTask (MapTask.java:sortAndSpill(1660)) - Finished spill 0
2017-10-14 23:04:31,505 INFO  [LocalJobRunner Map Task Executor #0] mapred.Task (Task.java:done(1001)) - Task:attempt_local2013363825_0006_m_000000_0 is done. And is in the process of committing
2017-10-14 23:04:31,506 INFO  [LocalJobRunner Map Task Executor #0] mapred.LocalJobRunner (LocalJobRunner.java:statusUpdate(591)) - map
2017-10-14 23:04:31,506 INFO  [LocalJobRunner Map Task Executor #0] mapred.Task (Task.java:sendDone(1121)) - Task 'attempt_local2013363825_0006_m_000000_0' done.
2017-10-14 23:04:31,506 INFO  [LocalJobRunner Map Task Executor #0] mapred.LocalJobRunner (LocalJobRunner.java:run(249)) - Finishing task: attempt_local2013363825_0006_m_000000_0
2017-10-14 23:04:31,506 INFO  [Thread-125] mapred.LocalJobRunner (LocalJobRunner.java:runTasks(456)) - map task executor complete.
2017-10-14 23:04:31,514 INFO  [Thread-125] mapred.LocalJobRunner (LocalJobRunner.java:runTasks(448)) - Waiting for reduce tasks
2017-10-14 23:04:31,520 INFO  [pool-18-thread-1] mapred.LocalJobRunner (LocalJobRunner.java:run(302)) - Starting task: attempt_local2013363825_0006_r_000000_0
2017-10-14 23:04:31,522 INFO  [pool-18-thread-1] mapred.Task (Task.java:initialize(587)) -  Using ResourceCalculatorProcessTree : [ ]
2017-10-14 23:04:31,522 INFO  [pool-18-thread-1] mapred.ReduceTask (ReduceTask.java:run(362)) - Using ShuffleConsumerPlugin: org.apache.hadoop.mapreduce.task.reduce.Shuffle@7a86beb9
2017-10-14 23:04:31,523 INFO  [pool-18-thread-1] reduce.MergeManagerImpl (MergeManagerImpl.java:<init>(196)) - MergerManager: memoryLimit=695468032, maxSingleShuffleLimit=173867008, mergeThreshold=459008928, ioSortFactor=10, memToMemMergeOutputsThreshold=10
2017-10-14 23:04:31,523 INFO  [EventFetcher for fetching Map Completion Events] reduce.EventFetcher (EventFetcher.java:run(61)) - attempt_local2013363825_0006_r_000000_0 Thread started: EventFetcher for fetching Map Completion Events
2017-10-14 23:04:31,526 INFO  [localfetcher#6] reduce.LocalFetcher (LocalFetcher.java:copyMapOutput(141)) - localfetcher#6 about to shuffle output of map attempt_local2013363825_0006_m_000000_0 decomp: 826 len: 830 to MEMORY
2017-10-14 23:04:31,527 INFO  [localfetcher#6] reduce.InMemoryMapOutput (InMemoryMapOutput.java:shuffle(100)) - Read 826 bytes from map-output for attempt_local2013363825_0006_m_000000_0
2017-10-14 23:04:31,527 INFO  [localfetcher#6] reduce.MergeManagerImpl (MergeManagerImpl.java:closeInMemoryFile(314)) - closeInMemoryFile -> map-output of size: 826, inMemoryMapOutputs.size() -> 1, commitMemory -> 0, usedMemory ->826
2017-10-14 23:04:31,527 INFO  [EventFetcher for fetching Map Completion Events] reduce.EventFetcher (EventFetcher.java:run(76)) - EventFetcher is interrupted.. Returning
2017-10-14 23:04:31,528 INFO  [pool-18-thread-1] mapred.LocalJobRunner (LocalJobRunner.java:statusUpdate(591)) - 1 / 1 copied.
2017-10-14 23:04:31,528 INFO  [pool-18-thread-1] reduce.MergeManagerImpl (MergeManagerImpl.java:finalMerge(674)) - finalMerge called with 1 in-memory map-outputs and 0 on-disk map-outputs
2017-10-14 23:04:31,528 INFO  [pool-18-thread-1] mapred.Merger (Merger.java:merge(597)) - Merging 1 sorted segments
2017-10-14 23:04:31,528 INFO  [pool-18-thread-1] mapred.Merger (Merger.java:merge(696)) - Down to the last merge-pass, with 1 segments left of total size: 816 bytes
2017-10-14 23:04:31,529 INFO  [pool-18-thread-1] reduce.MergeManagerImpl (MergeManagerImpl.java:finalMerge(751)) - Merged 1 segments, 826 bytes to disk to satisfy reduce memory limit
2017-10-14 23:04:31,529 INFO  [pool-18-thread-1] reduce.MergeManagerImpl (MergeManagerImpl.java:finalMerge(781)) - Merging 1 files, 830 bytes from disk
2017-10-14 23:04:31,529 INFO  [pool-18-thread-1] reduce.MergeManagerImpl (MergeManagerImpl.java:finalMerge(796)) - Merging 0 segments, 0 bytes from memory into reduce
2017-10-14 23:04:31,529 INFO  [pool-18-thread-1] mapred.Merger (Merger.java:merge(597)) - Merging 1 sorted segments
2017-10-14 23:04:31,529 INFO  [pool-18-thread-1] mapred.Merger (Merger.java:merge(696)) - Down to the last merge-pass, with 1 segments left of total size: 816 bytes
2017-10-14 23:04:31,530 INFO  [pool-18-thread-1] mapred.LocalJobRunner (LocalJobRunner.java:statusUpdate(591)) - 1 / 1 copied.
2017-10-14 23:04:31,543 INFO  [pool-18-thread-1] mapred.Task (Task.java:done(1001)) - Task:attempt_local2013363825_0006_r_000000_0 is done. And is in the process of committing
2017-10-14 23:04:31,543 INFO  [pool-18-thread-1] mapred.LocalJobRunner (LocalJobRunner.java:statusUpdate(591)) - 1 / 1 copied.
2017-10-14 23:04:31,543 INFO  [pool-18-thread-1] mapred.Task (Task.java:commit(1162)) - Task attempt_local2013363825_0006_r_000000_0 is allowed to commit now
2017-10-14 23:04:31,545 INFO  [pool-18-thread-1] output.FileOutputCommitter (FileOutputCommitter.java:commitTask(439)) - Saved output of task 'attempt_local2013363825_0006_r_000000_0' to file:/home/aneelipa/project2/intermediate/f5/_temporary/0/task_local2013363825_0006_r_000000
2017-10-14 23:04:31,546 INFO  [pool-18-thread-1] mapred.LocalJobRunner (LocalJobRunner.java:statusUpdate(591)) - reduce > reduce
2017-10-14 23:04:31,546 INFO  [pool-18-thread-1] mapred.Task (Task.java:sendDone(1121)) - Task 'attempt_local2013363825_0006_r_000000_0' done.
2017-10-14 23:04:31,546 INFO  [pool-18-thread-1] mapred.LocalJobRunner (LocalJobRunner.java:run(325)) - Finishing task: attempt_local2013363825_0006_r_000000_0
2017-10-14 23:04:31,546 INFO  [Thread-125] mapred.LocalJobRunner (LocalJobRunner.java:runTasks(456)) - reduce task executor complete.
2017-10-14 23:04:32,335 INFO  [main] mapreduce.Job (Job.java:monitorAndPrintJob(1366)) - Job job_local2013363825_0006 running in uber mode : false
2017-10-14 23:04:32,335 INFO  [main] mapreduce.Job (Job.java:monitorAndPrintJob(1373)) -  map 100% reduce 100%
2017-10-14 23:04:32,335 INFO  [main] mapreduce.Job (Job.java:monitorAndPrintJob(1384)) - Job job_local2013363825_0006 completed successfully
2017-10-14 23:04:32,336 INFO  [main] mapreduce.Job (Job.java:monitorAndPrintJob(1391)) - Counters: 33
	File System Counters
		FILE: Number of bytes read=139152
		FILE: Number of bytes written=3211065
		FILE: Number of read operations=0
		FILE: Number of large read operations=0
		FILE: Number of write operations=0
	Map-Reduce Framework
		Map input records=10
		Map output records=28
		Map output bytes=768
		Map output materialized bytes=830
		Input split bytes=122
		Combine input records=0
		Combine output records=0
		Reduce input groups=10
		Reduce shuffle bytes=830
		Reduce input records=28
		Reduce output records=10
		Spilled Records=56
		Shuffled Maps =1
		Failed Shuffles=0
		Merged Map outputs=1
		GC time elapsed (ms)=102
		CPU time spent (ms)=0
		Physical memory (bytes) snapshot=0
		Virtual memory (bytes) snapshot=0
		Total committed heap usage (bytes)=1987051520
	Shuffle Errors
		BAD_ID=0
		CONNECTION=0
		IO_ERROR=0
		WRONG_LENGTH=0
		WRONG_MAP=0
		WRONG_REDUCE=0
	File Input Format Counters 
		Bytes Read=623
	File Output Format Counters 
		Bytes Written=623
2017-10-14 23:04:32,354 INFO  [main] jvm.JvmMetrics (JvmMetrics.java:init(71)) - Cannot initialize JVM Metrics with processName=JobTracker, sessionId= - already initialized
2017-10-14 23:04:32,370 INFO  [main] input.FileInputFormat (FileInputFormat.java:listStatus(281)) - Total input paths to process : 1
2017-10-14 23:04:32,377 INFO  [main] mapreduce.JobSubmitter (JobSubmitter.java:submitJobInternal(494)) - number of splits:1
2017-10-14 23:04:32,385 INFO  [main] mapreduce.JobSubmitter (JobSubmitter.java:printTokens(583)) - Submitting tokens for job: job_local538755536_0007
2017-10-14 23:04:32,464 INFO  [main] mapreduce.Job (Job.java:submit(1300)) - The url to track the job: http://localhost:8080/
2017-10-14 23:04:32,464 INFO  [main] mapreduce.Job (Job.java:monitorAndPrintJob(1345)) - Running job: job_local538755536_0007
2017-10-14 23:04:32,465 INFO  [Thread-147] mapred.LocalJobRunner (LocalJobRunner.java:createOutputCommitter(471)) - OutputCommitter set in config null
2017-10-14 23:04:32,465 INFO  [Thread-147] mapred.LocalJobRunner (LocalJobRunner.java:createOutputCommitter(489)) - OutputCommitter is org.apache.hadoop.mapreduce.lib.output.FileOutputCommitter
2017-10-14 23:04:32,469 INFO  [Thread-147] mapred.LocalJobRunner (LocalJobRunner.java:runTasks(448)) - Waiting for map tasks
2017-10-14 23:04:32,469 INFO  [LocalJobRunner Map Task Executor #0] mapred.LocalJobRunner (LocalJobRunner.java:run(224)) - Starting task: attempt_local538755536_0007_m_000000_0
2017-10-14 23:04:32,470 INFO  [LocalJobRunner Map Task Executor #0] mapred.Task (Task.java:initialize(587)) -  Using ResourceCalculatorProcessTree : [ ]
2017-10-14 23:04:32,470 INFO  [LocalJobRunner Map Task Executor #0] mapred.MapTask (MapTask.java:runNewMapper(753)) - Processing split: file:/home/aneelipa/project2/intermediate/f5/part-r-00000:0+607
2017-10-14 23:04:32,492 INFO  [LocalJobRunner Map Task Executor #0] mapred.MapTask (MapTask.java:setEquator(1202)) - (EQUATOR) 0 kvi 26214396(104857584)
2017-10-14 23:04:32,493 INFO  [LocalJobRunner Map Task Executor #0] mapred.MapTask (MapTask.java:init(995)) - mapreduce.task.io.sort.mb: 100
2017-10-14 23:04:32,493 INFO  [LocalJobRunner Map Task Executor #0] mapred.MapTask (MapTask.java:init(996)) - soft limit at 83886080
2017-10-14 23:04:32,500 INFO  [LocalJobRunner Map Task Executor #0] mapred.MapTask (MapTask.java:init(997)) - bufstart = 0; bufvoid = 104857600
2017-10-14 23:04:32,500 INFO  [LocalJobRunner Map Task Executor #0] mapred.MapTask (MapTask.java:init(998)) - kvstart = 26214396; length = 6553600
2017-10-14 23:04:32,501 INFO  [LocalJobRunner Map Task Executor #0] mapred.MapTask (MapTask.java:createSortingCollector(402)) - Map output collector class = org.apache.hadoop.mapred.MapTask$MapOutputBuffer
2017-10-14 23:04:32,504 INFO  [LocalJobRunner Map Task Executor #0] mapred.LocalJobRunner (LocalJobRunner.java:statusUpdate(591)) - 
2017-10-14 23:04:32,505 INFO  [LocalJobRunner Map Task Executor #0] mapred.MapTask (MapTask.java:flush(1457)) - Starting flush of map output
2017-10-14 23:04:32,505 INFO  [LocalJobRunner Map Task Executor #0] mapred.MapTask (MapTask.java:flush(1475)) - Spilling map output
2017-10-14 23:04:32,505 INFO  [LocalJobRunner Map Task Executor #0] mapred.MapTask (MapTask.java:flush(1476)) - bufstart = 0; bufend = 120; bufvoid = 104857600
2017-10-14 23:04:32,505 INFO  [LocalJobRunner Map Task Executor #0] mapred.MapTask (MapTask.java:flush(1478)) - kvstart = 26214396(104857584); kvend = 26214360(104857440); length = 37/6553600
2017-10-14 23:04:32,505 INFO  [LocalJobRunner Map Task Executor #0] mapred.MapTask (MapTask.java:sortAndSpill(1660)) - Finished spill 0
2017-10-14 23:04:32,511 INFO  [LocalJobRunner Map Task Executor #0] mapred.Task (Task.java:done(1001)) - Task:attempt_local538755536_0007_m_000000_0 is done. And is in the process of committing
2017-10-14 23:04:32,512 INFO  [LocalJobRunner Map Task Executor #0] mapred.LocalJobRunner (LocalJobRunner.java:statusUpdate(591)) - map
2017-10-14 23:04:32,512 INFO  [LocalJobRunner Map Task Executor #0] mapred.Task (Task.java:sendDone(1121)) - Task 'attempt_local538755536_0007_m_000000_0' done.
2017-10-14 23:04:32,512 INFO  [LocalJobRunner Map Task Executor #0] mapred.LocalJobRunner (LocalJobRunner.java:run(249)) - Finishing task: attempt_local538755536_0007_m_000000_0
2017-10-14 23:04:32,512 INFO  [Thread-147] mapred.LocalJobRunner (LocalJobRunner.java:runTasks(456)) - map task executor complete.
2017-10-14 23:04:32,513 INFO  [Thread-147] mapred.LocalJobRunner (LocalJobRunner.java:runTasks(448)) - Waiting for reduce tasks
2017-10-14 23:04:32,519 INFO  [pool-21-thread-1] mapred.LocalJobRunner (LocalJobRunner.java:run(302)) - Starting task: attempt_local538755536_0007_r_000000_0
2017-10-14 23:04:32,520 INFO  [pool-21-thread-1] mapred.Task (Task.java:initialize(587)) -  Using ResourceCalculatorProcessTree : [ ]
2017-10-14 23:04:32,520 INFO  [pool-21-thread-1] mapred.ReduceTask (ReduceTask.java:run(362)) - Using ShuffleConsumerPlugin: org.apache.hadoop.mapreduce.task.reduce.Shuffle@492cda52
2017-10-14 23:04:32,520 INFO  [pool-21-thread-1] reduce.MergeManagerImpl (MergeManagerImpl.java:<init>(196)) - MergerManager: memoryLimit=695468032, maxSingleShuffleLimit=173867008, mergeThreshold=459008928, ioSortFactor=10, memToMemMergeOutputsThreshold=10
2017-10-14 23:04:32,521 INFO  [EventFetcher for fetching Map Completion Events] reduce.EventFetcher (EventFetcher.java:run(61)) - attempt_local538755536_0007_r_000000_0 Thread started: EventFetcher for fetching Map Completion Events
2017-10-14 23:04:32,521 INFO  [localfetcher#7] reduce.LocalFetcher (LocalFetcher.java:copyMapOutput(141)) - localfetcher#7 about to shuffle output of map attempt_local538755536_0007_m_000000_0 decomp: 142 len: 146 to MEMORY
2017-10-14 23:04:32,522 INFO  [localfetcher#7] reduce.InMemoryMapOutput (InMemoryMapOutput.java:shuffle(100)) - Read 142 bytes from map-output for attempt_local538755536_0007_m_000000_0
2017-10-14 23:04:32,522 INFO  [localfetcher#7] reduce.MergeManagerImpl (MergeManagerImpl.java:closeInMemoryFile(314)) - closeInMemoryFile -> map-output of size: 142, inMemoryMapOutputs.size() -> 1, commitMemory -> 0, usedMemory ->142
2017-10-14 23:04:32,522 INFO  [EventFetcher for fetching Map Completion Events] reduce.EventFetcher (EventFetcher.java:run(76)) - EventFetcher is interrupted.. Returning
2017-10-14 23:04:32,523 INFO  [pool-21-thread-1] mapred.LocalJobRunner (LocalJobRunner.java:statusUpdate(591)) - 1 / 1 copied.
2017-10-14 23:04:32,523 INFO  [pool-21-thread-1] reduce.MergeManagerImpl (MergeManagerImpl.java:finalMerge(674)) - finalMerge called with 1 in-memory map-outputs and 0 on-disk map-outputs
2017-10-14 23:04:32,523 INFO  [pool-21-thread-1] mapred.Merger (Merger.java:merge(597)) - Merging 1 sorted segments
2017-10-14 23:04:32,523 INFO  [pool-21-thread-1] mapred.Merger (Merger.java:merge(696)) - Down to the last merge-pass, with 1 segments left of total size: 132 bytes
2017-10-14 23:04:32,524 INFO  [pool-21-thread-1] reduce.MergeManagerImpl (MergeManagerImpl.java:finalMerge(751)) - Merged 1 segments, 142 bytes to disk to satisfy reduce memory limit
2017-10-14 23:04:32,524 INFO  [pool-21-thread-1] reduce.MergeManagerImpl (MergeManagerImpl.java:finalMerge(781)) - Merging 1 files, 146 bytes from disk
2017-10-14 23:04:32,524 INFO  [pool-21-thread-1] reduce.MergeManagerImpl (MergeManagerImpl.java:finalMerge(796)) - Merging 0 segments, 0 bytes from memory into reduce
2017-10-14 23:04:32,524 INFO  [pool-21-thread-1] mapred.Merger (Merger.java:merge(597)) - Merging 1 sorted segments
2017-10-14 23:04:32,524 INFO  [pool-21-thread-1] mapred.Merger (Merger.java:merge(696)) - Down to the last merge-pass, with 1 segments left of total size: 132 bytes
2017-10-14 23:04:32,524 INFO  [pool-21-thread-1] mapred.LocalJobRunner (LocalJobRunner.java:statusUpdate(591)) - 1 / 1 copied.
2017-10-14 23:04:32,538 INFO  [pool-21-thread-1] mapred.Task (Task.java:done(1001)) - Task:attempt_local538755536_0007_r_000000_0 is done. And is in the process of committing
2017-10-14 23:04:32,538 INFO  [pool-21-thread-1] mapred.LocalJobRunner (LocalJobRunner.java:statusUpdate(591)) - 1 / 1 copied.
2017-10-14 23:04:32,539 INFO  [pool-21-thread-1] mapred.Task (Task.java:commit(1162)) - Task attempt_local538755536_0007_r_000000_0 is allowed to commit now
2017-10-14 23:04:32,548 INFO  [pool-21-thread-1] output.FileOutputCommitter (FileOutputCommitter.java:commitTask(439)) - Saved output of task 'attempt_local538755536_0007_r_000000_0' to file:/home/aneelipa/project2/output/_temporary/0/task_local538755536_0007_r_000000
2017-10-14 23:04:32,549 INFO  [pool-21-thread-1] mapred.LocalJobRunner (LocalJobRunner.java:statusUpdate(591)) - reduce > reduce
2017-10-14 23:04:32,549 INFO  [pool-21-thread-1] mapred.Task (Task.java:sendDone(1121)) - Task 'attempt_local538755536_0007_r_000000_0' done.
2017-10-14 23:04:32,549 INFO  [pool-21-thread-1] mapred.LocalJobRunner (LocalJobRunner.java:run(325)) - Finishing task: attempt_local538755536_0007_r_000000_0
2017-10-14 23:04:32,549 INFO  [Thread-147] mapred.LocalJobRunner (LocalJobRunner.java:runTasks(456)) - reduce task executor complete.
2017-10-14 23:04:33,465 INFO  [main] mapreduce.Job (Job.java:monitorAndPrintJob(1366)) - Job job_local538755536_0007 running in uber mode : false
2017-10-14 23:04:33,465 INFO  [main] mapreduce.Job (Job.java:monitorAndPrintJob(1373)) -  map 100% reduce 100%
2017-10-14 23:04:33,465 INFO  [main] mapreduce.Job (Job.java:monitorAndPrintJob(1384)) - Job job_local538755536_0007 completed successfully
2017-10-14 23:04:33,467 INFO  [main] mapreduce.Job (Job.java:monitorAndPrintJob(1391)) - Counters: 33
	File System Counters
		FILE: Number of bytes read=161692
		FILE: Number of bytes written=3742730
		FILE: Number of read operations=0
		FILE: Number of large read operations=0
		FILE: Number of write operations=0
	Map-Reduce Framework
		Map input records=10
		Map output records=10
		Map output bytes=120
		Map output materialized bytes=146
		Input split bytes=122
		Combine input records=0
		Combine output records=0
		Reduce input groups=2
		Reduce shuffle bytes=146
		Reduce input records=10
		Reduce output records=2
		Spilled Records=20
		Shuffled Maps =1
		Failed Shuffles=0
		Merged Map outputs=1
		GC time elapsed (ms)=0
		CPU time spent (ms)=0
		Physical memory (bytes) snapshot=0
		Virtual memory (bytes) snapshot=0
		Total committed heap usage (bytes)=1987051520
	Shuffle Errors
		BAD_ID=0
		CONNECTION=0
		IO_ERROR=0
		WRONG_LENGTH=0
		WRONG_MAP=0
		WRONG_REDUCE=0
	File Input Format Counters 
		Bytes Read=623
	File Output Format Counters 
		Bytes Written=20
