myHadoop: Setting MH_IPOIB_TRANSFORM='s/\([^.]*\).*$/\1.ibnet/' from myhadoop.conf
myHadoop: Setting MH_SCRATCH_DIR=/scratch/$USER/$SLURM_JOBID from myhadoop.conf
myHadoop: Using HADOOP_HOME=/opt/hadoop/2.6.0
myHadoop: Using MH_SCRATCH_DIR=/scratch/aneelipa/11485047
myHadoop: Using JAVA_HOME=/usr/java/latest
myHadoop: Generating Hadoop configuration in directory in /home/aneelipa/cometcluster...
myHadoop: Backing up old config dir to /home/aneelipa/cometcluster.0...
`/home/aneelipa/cometcluster' -> `/home/aneelipa/cometcluster.0'
myHadoop: Designating comet-26-03.ibnet as master node (namenode, secondary namenode, and jobtracker)
myHadoop: The following nodes will be slaves (datanode, tasktracer):
comet-26-03.ibnet
comet-26-04.ibnet
comet-26-10.ibnet
17/10/02 23:18:22 INFO namenode.NameNode: STARTUP_MSG: 
/************************************************************
STARTUP_MSG: Starting NameNode
STARTUP_MSG:   host = comet-26-03.sdsc.edu/198.202.117.173
STARTUP_MSG:   args = [-format]
STARTUP_MSG:   version = 2.6.0
STARTUP_MSG:   classpath = /home/aneelipa/cometcluster:/opt/hadoop/2.6.0/share/hadoop/common/lib/zookeeper-3.4.6.jar:/opt/hadoop/2.6.0/share/hadoop/common/lib/jsr305-1.3.9.jar:/opt/hadoop/2.6.0/share/hadoop/common/lib/commons-el-1.0.jar:/opt/hadoop/2.6.0/share/hadoop/common/lib/hamcrest-core-1.3.jar:/opt/hadoop/2.6.0/share/hadoop/common/lib/slf4j-log4j12-1.7.5.jar:/opt/hadoop/2.6.0/share/hadoop/common/lib/stax-api-1.0-2.jar:/opt/hadoop/2.6.0/share/hadoop/common/lib/java-xmlbuilder-0.4.jar:/opt/hadoop/2.6.0/share/hadoop/common/lib/asm-3.2.jar:/opt/hadoop/2.6.0/share/hadoop/common/lib/mockito-all-1.8.5.jar:/opt/hadoop/2.6.0/share/hadoop/common/lib/commons-configuration-1.6.jar:/opt/hadoop/2.6.0/share/hadoop/common/lib/servlet-api-2.5.jar:/opt/hadoop/2.6.0/share/hadoop/common/lib/commons-io-2.4.jar:/opt/hadoop/2.6.0/share/hadoop/common/lib/gson-2.2.4.jar:/opt/hadoop/2.6.0/share/hadoop/common/lib/xmlenc-0.52.jar:/opt/hadoop/2.6.0/share/hadoop/common/lib/jsch-0.1.42.jar:/opt/hadoop/2.6.0/share/hadoop/common/lib/commons-codec-1.4.jar:/opt/hadoop/2.6.0/share/hadoop/common/lib/commons-compress-1.4.1.jar:/opt/hadoop/2.6.0/share/hadoop/common/lib/commons-net-3.1.jar:/opt/hadoop/2.6.0/share/hadoop/common/lib/activation-1.1.jar:/opt/hadoop/2.6.0/share/hadoop/common/lib/api-util-1.0.0-M20.jar:/opt/hadoop/2.6.0/share/hadoop/common/lib/paranamer-2.3.jar:/opt/hadoop/2.6.0/share/hadoop/common/lib/guava-11.0.2.jar:/opt/hadoop/2.6.0/share/hadoop/common/lib/jettison-1.1.jar:/opt/hadoop/2.6.0/share/hadoop/common/lib/log4j-1.2.17.jar:/opt/hadoop/2.6.0/share/hadoop/common/lib/snappy-java-1.0.4.1.jar:/opt/hadoop/2.6.0/share/hadoop/common/lib/hadoop-annotations-2.6.0.jar:/opt/hadoop/2.6.0/share/hadoop/common/lib/jackson-jaxrs-1.9.13.jar:/opt/hadoop/2.6.0/share/hadoop/common/lib/commons-beanutils-1.7.0.jar:/opt/hadoop/2.6.0/share/hadoop/common/lib/jasper-runtime-5.5.23.jar:/opt/hadoop/2.6.0/share/hadoop/common/lib/jersey-core-1.9.jar:/opt/hadoop/2.6.0/share/hadoop/common/lib/commons-httpclient-3.1.jar:/opt/hadoop/2.6.0/share/hadoop/common/lib/commons-beanutils-core-1.8.0.jar:/opt/hadoop/2.6.0/share/hadoop/common/lib/httpclient-4.2.5.jar:/opt/hadoop/2.6.0/share/hadoop/common/lib/curator-framework-2.6.0.jar:/opt/hadoop/2.6.0/share/hadoop/common/lib/curator-recipes-2.6.0.jar:/opt/hadoop/2.6.0/share/hadoop/common/lib/jsp-api-2.1.jar:/opt/hadoop/2.6.0/share/hadoop/common/lib/jackson-mapper-asl-1.9.13.jar:/opt/hadoop/2.6.0/share/hadoop/common/lib/jetty-util-6.1.26.jar:/opt/hadoop/2.6.0/share/hadoop/common/lib/apacheds-i18n-2.0.0-M15.jar:/opt/hadoop/2.6.0/share/hadoop/common/lib/jaxb-api-2.2.2.jar:/opt/hadoop/2.6.0/share/hadoop/common/lib/xz-1.0.jar:/opt/hadoop/2.6.0/share/hadoop/common/lib/jackson-core-asl-1.9.13.jar:/opt/hadoop/2.6.0/share/hadoop/common/lib/protobuf-java-2.5.0.jar:/opt/hadoop/2.6.0/share/hadoop/common/lib/commons-logging-1.1.3.jar:/opt/hadoop/2.6.0/share/hadoop/common/lib/commons-digester-1.8.jar:/opt/hadoop/2.6.0/share/hadoop/common/lib/commons-lang-2.6.jar:/opt/hadoop/2.6.0/share/hadoop/common/lib/jersey-json-1.9.jar:/opt/hadoop/2.6.0/share/hadoop/common/lib/jets3t-0.9.0.jar:/opt/hadoop/2.6.0/share/hadoop/common/lib/avro-1.7.4.jar:/opt/hadoop/2.6.0/share/hadoop/common/lib/hadoop-auth-2.6.0.jar:/opt/hadoop/2.6.0/share/hadoop/common/lib/commons-cli-1.2.jar:/opt/hadoop/2.6.0/share/hadoop/common/lib/jasper-compiler-5.5.23.jar:/opt/hadoop/2.6.0/share/hadoop/common/lib/commons-math3-3.1.1.jar:/opt/hadoop/2.6.0/share/hadoop/common/lib/commons-collections-3.2.1.jar:/opt/hadoop/2.6.0/share/hadoop/common/lib/htrace-core-3.0.4.jar:/opt/hadoop/2.6.0/share/hadoop/common/lib/netty-3.6.2.Final.jar:/opt/hadoop/2.6.0/share/hadoop/common/lib/jetty-6.1.26.jar:/opt/hadoop/2.6.0/share/hadoop/common/lib/api-asn1-api-1.0.0-M20.jar:/opt/hadoop/2.6.0/share/hadoop/common/lib/jackson-xc-1.9.13.jar:/opt/hadoop/2.6.0/share/hadoop/common/lib/apacheds-kerberos-codec-2.0.0-M15.jar:/opt/hadoop/2.6.0/share/hadoop/common/lib/httpcore-4.2.5.jar:/opt/hadoop/2.6.0/share/hadoop/common/lib/curator-client-2.6.0.jar:/opt/hadoop/2.6.0/share/hadoop/common/lib/junit-4.11.jar:/opt/hadoop/2.6.0/share/hadoop/common/lib/slf4j-api-1.7.5.jar:/opt/hadoop/2.6.0/share/hadoop/common/lib/jersey-server-1.9.jar:/opt/hadoop/2.6.0/share/hadoop/common/lib/jaxb-impl-2.2.3-1.jar:/opt/hadoop/2.6.0/share/hadoop/common/hadoop-common-2.6.0.jar:/opt/hadoop/2.6.0/share/hadoop/common/hadoop-nfs-2.6.0.jar:/opt/hadoop/2.6.0/share/hadoop/common/hadoop-common-2.6.0-tests.jar:/opt/hadoop/2.6.0/share/hadoop/hdfs:/opt/hadoop/2.6.0/share/hadoop/hdfs/lib/jsr305-1.3.9.jar:/opt/hadoop/2.6.0/share/hadoop/hdfs/lib/commons-el-1.0.jar:/opt/hadoop/2.6.0/share/hadoop/hdfs/lib/asm-3.2.jar:/opt/hadoop/2.6.0/share/hadoop/hdfs/lib/servlet-api-2.5.jar:/opt/hadoop/2.6.0/share/hadoop/hdfs/lib/commons-io-2.4.jar:/opt/hadoop/2.6.0/share/hadoop/hdfs/lib/xmlenc-0.52.jar:/opt/hadoop/2.6.0/share/hadoop/hdfs/lib/commons-codec-1.4.jar:/opt/hadoop/2.6.0/share/hadoop/hdfs/lib/guava-11.0.2.jar:/opt/hadoop/2.6.0/share/hadoop/hdfs/lib/log4j-1.2.17.jar:/opt/hadoop/2.6.0/share/hadoop/hdfs/lib/xercesImpl-2.9.1.jar:/opt/hadoop/2.6.0/share/hadoop/hdfs/lib/jasper-runtime-5.5.23.jar:/opt/hadoop/2.6.0/share/hadoop/hdfs/lib/jersey-core-1.9.jar:/opt/hadoop/2.6.0/share/hadoop/hdfs/lib/jsp-api-2.1.jar:/opt/hadoop/2.6.0/share/hadoop/hdfs/lib/jackson-mapper-asl-1.9.13.jar:/opt/hadoop/2.6.0/share/hadoop/hdfs/lib/jetty-util-6.1.26.jar:/opt/hadoop/2.6.0/share/hadoop/hdfs/lib/jackson-core-asl-1.9.13.jar:/opt/hadoop/2.6.0/share/hadoop/hdfs/lib/protobuf-java-2.5.0.jar:/opt/hadoop/2.6.0/share/hadoop/hdfs/lib/commons-logging-1.1.3.jar:/opt/hadoop/2.6.0/share/hadoop/hdfs/lib/commons-lang-2.6.jar:/opt/hadoop/2.6.0/share/hadoop/hdfs/lib/xml-apis-1.3.04.jar:/opt/hadoop/2.6.0/share/hadoop/hdfs/lib/commons-cli-1.2.jar:/opt/hadoop/2.6.0/share/hadoop/hdfs/lib/commons-daemon-1.0.13.jar:/opt/hadoop/2.6.0/share/hadoop/hdfs/lib/htrace-core-3.0.4.jar:/opt/hadoop/2.6.0/share/hadoop/hdfs/lib/netty-3.6.2.Final.jar:/opt/hadoop/2.6.0/share/hadoop/hdfs/lib/jetty-6.1.26.jar:/opt/hadoop/2.6.0/share/hadoop/hdfs/lib/jersey-server-1.9.jar:/opt/hadoop/2.6.0/share/hadoop/hdfs/hadoop-hdfs-2.6.0.jar:/opt/hadoop/2.6.0/share/hadoop/hdfs/hadoop-hdfs-2.6.0-tests.jar:/opt/hadoop/2.6.0/share/hadoop/hdfs/hadoop-hdfs-nfs-2.6.0.jar:/opt/hadoop/2.6.0/share/hadoop/yarn/lib/zookeeper-3.4.6.jar:/opt/hadoop/2.6.0/share/hadoop/yarn/lib/leveldbjni-all-1.8.jar:/opt/hadoop/2.6.0/share/hadoop/yarn/lib/jsr305-1.3.9.jar:/opt/hadoop/2.6.0/share/hadoop/yarn/lib/guice-servlet-3.0.jar:/opt/hadoop/2.6.0/share/hadoop/yarn/lib/stax-api-1.0-2.jar:/opt/hadoop/2.6.0/share/hadoop/yarn/lib/asm-3.2.jar:/opt/hadoop/2.6.0/share/hadoop/yarn/lib/servlet-api-2.5.jar:/opt/hadoop/2.6.0/share/hadoop/yarn/lib/commons-io-2.4.jar:/opt/hadoop/2.6.0/share/hadoop/yarn/lib/commons-codec-1.4.jar:/opt/hadoop/2.6.0/share/hadoop/yarn/lib/commons-compress-1.4.1.jar:/opt/hadoop/2.6.0/share/hadoop/yarn/lib/activation-1.1.jar:/opt/hadoop/2.6.0/share/hadoop/yarn/lib/guava-11.0.2.jar:/opt/hadoop/2.6.0/share/hadoop/yarn/lib/jettison-1.1.jar:/opt/hadoop/2.6.0/share/hadoop/yarn/lib/log4j-1.2.17.jar:/opt/hadoop/2.6.0/share/hadoop/yarn/lib/jackson-jaxrs-1.9.13.jar:/opt/hadoop/2.6.0/share/hadoop/yarn/lib/aopalliance-1.0.jar:/opt/hadoop/2.6.0/share/hadoop/yarn/lib/jersey-core-1.9.jar:/opt/hadoop/2.6.0/share/hadoop/yarn/lib/commons-httpclient-3.1.jar:/opt/hadoop/2.6.0/share/hadoop/yarn/lib/jackson-mapper-asl-1.9.13.jar:/opt/hadoop/2.6.0/share/hadoop/yarn/lib/jetty-util-6.1.26.jar:/opt/hadoop/2.6.0/share/hadoop/yarn/lib/jaxb-api-2.2.2.jar:/opt/hadoop/2.6.0/share/hadoop/yarn/lib/xz-1.0.jar:/opt/hadoop/2.6.0/share/hadoop/yarn/lib/jackson-core-asl-1.9.13.jar:/opt/hadoop/2.6.0/share/hadoop/yarn/lib/protobuf-java-2.5.0.jar:/opt/hadoop/2.6.0/share/hadoop/yarn/lib/commons-logging-1.1.3.jar:/opt/hadoop/2.6.0/share/hadoop/yarn/lib/commons-lang-2.6.jar:/opt/hadoop/2.6.0/share/hadoop/yarn/lib/jersey-client-1.9.jar:/opt/hadoop/2.6.0/share/hadoop/yarn/lib/jersey-json-1.9.jar:/opt/hadoop/2.6.0/share/hadoop/yarn/lib/guice-3.0.jar:/opt/hadoop/2.6.0/share/hadoop/yarn/lib/javax.inject-1.jar:/opt/hadoop/2.6.0/share/hadoop/yarn/lib/commons-cli-1.2.jar:/opt/hadoop/2.6.0/share/hadoop/yarn/lib/jline-0.9.94.jar:/opt/hadoop/2.6.0/share/hadoop/yarn/lib/commons-collections-3.2.1.jar:/opt/hadoop/2.6.0/share/hadoop/yarn/lib/netty-3.6.2.Final.jar:/opt/hadoop/2.6.0/share/hadoop/yarn/lib/jetty-6.1.26.jar:/opt/hadoop/2.6.0/share/hadoop/yarn/lib/jackson-xc-1.9.13.jar:/opt/hadoop/2.6.0/share/hadoop/yarn/lib/jersey-guice-1.9.jar:/opt/hadoop/2.6.0/share/hadoop/yarn/lib/jersey-server-1.9.jar:/opt/hadoop/2.6.0/share/hadoop/yarn/lib/jaxb-impl-2.2.3-1.jar:/opt/hadoop/2.6.0/share/hadoop/yarn/hadoop-yarn-server-tests-2.6.0.jar:/opt/hadoop/2.6.0/share/hadoop/yarn/hadoop-yarn-common-2.6.0.jar:/opt/hadoop/2.6.0/share/hadoop/yarn/hadoop-yarn-server-applicationhistoryservice-2.6.0.jar:/opt/hadoop/2.6.0/share/hadoop/yarn/hadoop-yarn-client-2.6.0.jar:/opt/hadoop/2.6.0/share/hadoop/yarn/hadoop-yarn-applications-distributedshell-2.6.0.jar:/opt/hadoop/2.6.0/share/hadoop/yarn/hadoop-yarn-api-2.6.0.jar:/opt/hadoop/2.6.0/share/hadoop/yarn/hadoop-yarn-server-common-2.6.0.jar:/opt/hadoop/2.6.0/share/hadoop/yarn/hadoop-yarn-registry-2.6.0.jar:/opt/hadoop/2.6.0/share/hadoop/yarn/hadoop-yarn-applications-unmanaged-am-launcher-2.6.0.jar:/opt/hadoop/2.6.0/share/hadoop/yarn/hadoop-yarn-server-nodemanager-2.6.0.jar:/opt/hadoop/2.6.0/share/hadoop/yarn/hadoop-yarn-server-resourcemanager-2.6.0.jar:/opt/hadoop/2.6.0/share/hadoop/yarn/hadoop-yarn-server-web-proxy-2.6.0.jar:/opt/hadoop/2.6.0/share/hadoop/mapreduce/lib/leveldbjni-all-1.8.jar:/opt/hadoop/2.6.0/share/hadoop/mapreduce/lib/hamcrest-core-1.3.jar:/opt/hadoop/2.6.0/share/hadoop/mapreduce/lib/guice-servlet-3.0.jar:/opt/hadoop/2.6.0/share/hadoop/mapreduce/lib/asm-3.2.jar:/opt/hadoop/2.6.0/share/hadoop/mapreduce/lib/commons-io-2.4.jar:/opt/hadoop/2.6.0/share/hadoop/mapreduce/lib/commons-compress-1.4.1.jar:/opt/hadoop/2.6.0/share/hadoop/mapreduce/lib/paranamer-2.3.jar:/opt/hadoop/2.6.0/share/hadoop/mapreduce/lib/log4j-1.2.17.jar:/opt/hadoop/2.6.0/share/hadoop/mapreduce/lib/snappy-java-1.0.4.1.jar:/opt/hadoop/2.6.0/share/hadoop/mapreduce/lib/hadoop-annotations-2.6.0.jar:/opt/hadoop/2.6.0/share/hadoop/mapreduce/lib/aopalliance-1.0.jar:/opt/hadoop/2.6.0/share/hadoop/mapreduce/lib/jersey-core-1.9.jar:/opt/hadoop/2.6.0/share/hadoop/mapreduce/lib/jackson-mapper-asl-1.9.13.jar:/opt/hadoop/2.6.0/share/hadoop/mapreduce/lib/xz-1.0.jar:/opt/hadoop/2.6.0/share/hadoop/mapreduce/lib/jackson-core-asl-1.9.13.jar:/opt/hadoop/2.6.0/share/hadoop/mapreduce/lib/protobuf-java-2.5.0.jar:/opt/hadoop/2.6.0/share/hadoop/mapreduce/lib/guice-3.0.jar:/opt/hadoop/2.6.0/share/hadoop/mapreduce/lib/javax.inject-1.jar:/opt/hadoop/2.6.0/share/hadoop/mapreduce/lib/avro-1.7.4.jar:/opt/hadoop/2.6.0/share/hadoop/mapreduce/lib/netty-3.6.2.Final.jar:/opt/hadoop/2.6.0/share/hadoop/mapreduce/lib/jersey-guice-1.9.jar:/opt/hadoop/2.6.0/share/hadoop/mapreduce/lib/junit-4.11.jar:/opt/hadoop/2.6.0/share/hadoop/mapreduce/lib/jersey-server-1.9.jar:/opt/hadoop/2.6.0/share/hadoop/mapreduce/hadoop-mapreduce-examples-2.6.0.jar:/opt/hadoop/2.6.0/share/hadoop/mapreduce/hadoop-mapreduce-client-jobclient-2.6.0.jar:/opt/hadoop/2.6.0/share/hadoop/mapreduce/hadoop-mapreduce-client-app-2.6.0.jar:/opt/hadoop/2.6.0/share/hadoop/mapreduce/hadoop-mapreduce-client-hs-2.6.0.jar:/opt/hadoop/2.6.0/share/hadoop/mapreduce/hadoop-mapreduce-client-hs-plugins-2.6.0.jar:/opt/hadoop/2.6.0/share/hadoop/mapreduce/hadoop-mapreduce-client-common-2.6.0.jar:/opt/hadoop/2.6.0/share/hadoop/mapreduce/hadoop-mapreduce-client-jobclient-2.6.0-tests.jar:/opt/hadoop/2.6.0/share/hadoop/mapreduce/hadoop-mapreduce-client-core-2.6.0.jar:/opt/hadoop/2.6.0/share/hadoop/mapreduce/hadoop-mapreduce-client-shuffle-2.6.0.jar:/opt/hadoop/2.6.0/contrib/capacity-scheduler/*.jar
STARTUP_MSG:   build = https://git-wip-us.apache.org/repos/asf/hadoop.git -r e3496499ecb8d220fba99dc5ed4c99c8f9e33bb1; compiled by 'jenkins' on 2014-11-13T21:10Z
STARTUP_MSG:   java = 1.8.0_60
************************************************************/
17/10/02 23:18:22 INFO namenode.NameNode: registered UNIX signal handlers for [TERM, HUP, INT]
17/10/02 23:18:22 INFO namenode.NameNode: createNameNode [-format]
17/10/02 23:18:22 WARN util.NativeCodeLoader: Unable to load native-hadoop library for your platform... using builtin-java classes where applicable
17/10/02 23:18:22 WARN common.Util: Path /scratch/aneelipa/11485047/namenode_data should be specified as a URI in configuration files. Please update hdfs configuration.
17/10/02 23:18:22 WARN common.Util: Path /scratch/aneelipa/11485047/namenode_data should be specified as a URI in configuration files. Please update hdfs configuration.
Formatting using clusterid: CID-58f50f9f-d81f-495c-93cf-b150932a80e8
17/10/02 23:18:22 INFO namenode.FSNamesystem: No KeyProvider found.
17/10/02 23:18:22 INFO namenode.FSNamesystem: fsLock is fair:true
17/10/02 23:18:22 INFO blockmanagement.DatanodeManager: dfs.block.invalidate.limit=1000
17/10/02 23:18:22 INFO blockmanagement.DatanodeManager: dfs.namenode.datanode.registration.ip-hostname-check=true
17/10/02 23:18:22 INFO blockmanagement.BlockManager: dfs.namenode.startup.delay.block.deletion.sec is set to 000:00:00:00.000
17/10/02 23:18:22 INFO blockmanagement.BlockManager: The block deletion will start around 2017 Oct 02 23:18:22
17/10/02 23:18:22 INFO util.GSet: Computing capacity for map BlocksMap
17/10/02 23:18:22 INFO util.GSet: VM type       = 64-bit
17/10/02 23:18:22 INFO util.GSet: 2.0% max memory 958.5 MB = 19.2 MB
17/10/02 23:18:22 INFO util.GSet: capacity      = 2^21 = 2097152 entries
17/10/02 23:18:22 INFO blockmanagement.BlockManager: dfs.block.access.token.enable=false
17/10/02 23:18:22 INFO blockmanagement.BlockManager: defaultReplication         = 3
17/10/02 23:18:22 INFO blockmanagement.BlockManager: maxReplication             = 512
17/10/02 23:18:22 INFO blockmanagement.BlockManager: minReplication             = 1
17/10/02 23:18:22 INFO blockmanagement.BlockManager: maxReplicationStreams      = 2
17/10/02 23:18:22 INFO blockmanagement.BlockManager: shouldCheckForEnoughRacks  = false
17/10/02 23:18:22 INFO blockmanagement.BlockManager: replicationRecheckInterval = 3000
17/10/02 23:18:22 INFO blockmanagement.BlockManager: encryptDataTransfer        = false
17/10/02 23:18:22 INFO blockmanagement.BlockManager: maxNumBlocksToLog          = 1000
17/10/02 23:18:22 INFO namenode.FSNamesystem: fsOwner             = aneelipa (auth:SIMPLE)
17/10/02 23:18:22 INFO namenode.FSNamesystem: supergroup          = supergroup
17/10/02 23:18:22 INFO namenode.FSNamesystem: isPermissionEnabled = true
17/10/02 23:18:22 INFO namenode.FSNamesystem: HA Enabled: false
17/10/02 23:18:22 INFO namenode.FSNamesystem: Append Enabled: true
17/10/02 23:18:22 INFO util.GSet: Computing capacity for map INodeMap
17/10/02 23:18:22 INFO util.GSet: VM type       = 64-bit
17/10/02 23:18:22 INFO util.GSet: 1.0% max memory 958.5 MB = 9.6 MB
17/10/02 23:18:22 INFO util.GSet: capacity      = 2^20 = 1048576 entries
17/10/02 23:18:22 INFO namenode.NameNode: Caching file names occuring more than 10 times
17/10/02 23:18:22 INFO util.GSet: Computing capacity for map cachedBlocks
17/10/02 23:18:22 INFO util.GSet: VM type       = 64-bit
17/10/02 23:18:22 INFO util.GSet: 0.25% max memory 958.5 MB = 2.4 MB
17/10/02 23:18:22 INFO util.GSet: capacity      = 2^18 = 262144 entries
17/10/02 23:18:22 INFO namenode.FSNamesystem: dfs.namenode.safemode.threshold-pct = 0.9990000128746033
17/10/02 23:18:22 INFO namenode.FSNamesystem: dfs.namenode.safemode.min.datanodes = 0
17/10/02 23:18:22 INFO namenode.FSNamesystem: dfs.namenode.safemode.extension     = 30000
17/10/02 23:18:22 INFO namenode.FSNamesystem: Retry cache on namenode is enabled
17/10/02 23:18:22 INFO namenode.FSNamesystem: Retry cache will use 0.03 of total heap and retry cache entry expiry time is 600000 millis
17/10/02 23:18:22 INFO util.GSet: Computing capacity for map NameNodeRetryCache
17/10/02 23:18:22 INFO util.GSet: VM type       = 64-bit
17/10/02 23:18:22 INFO util.GSet: 0.029999999329447746% max memory 958.5 MB = 294.5 KB
17/10/02 23:18:22 INFO util.GSet: capacity      = 2^15 = 32768 entries
17/10/02 23:18:22 INFO namenode.NNConf: ACLs enabled? false
17/10/02 23:18:22 INFO namenode.NNConf: XAttrs enabled? true
17/10/02 23:18:22 INFO namenode.NNConf: Maximum size of an xattr: 16384
17/10/02 23:18:23 INFO namenode.FSImage: Allocated new BlockPoolId: BP-382063521-198.202.117.173-1507011502982
17/10/02 23:18:23 INFO common.Storage: Storage directory /scratch/aneelipa/11485047/namenode_data has been successfully formatted.
17/10/02 23:18:23 INFO namenode.NNStorageRetentionManager: Going to retain 1 images with txid >= 0
17/10/02 23:18:23 INFO util.ExitUtil: Exiting with status 0
17/10/02 23:18:23 INFO namenode.NameNode: SHUTDOWN_MSG: 
/************************************************************
SHUTDOWN_MSG: Shutting down NameNode at comet-26-03.sdsc.edu/198.202.117.173
************************************************************/
17/10/02 23:18:23 WARN util.NativeCodeLoader: Unable to load native-hadoop library for your platform... using builtin-java classes where applicable
Starting namenodes on [comet-26-03.ibnet]
comet-26-03.ibnet: starting namenode, logging to /scratch/aneelipa/11485047/logs/hadoop-aneelipa-namenode-comet-26-03.sdsc.edu.out
comet-26-03.ibnet: starting datanode, logging to /scratch/aneelipa/11485047/logs/hadoop-aneelipa-datanode-comet-26-03.sdsc.edu.out
comet-26-10.ibnet: starting datanode, logging to /scratch/aneelipa/11485047/logs/hadoop-aneelipa-datanode-comet-26-10.sdsc.edu.out
comet-26-04.ibnet: starting datanode, logging to /scratch/aneelipa/11485047/logs/hadoop-aneelipa-datanode-comet-26-04.sdsc.edu.out
Starting secondary namenodes [comet-26-03.ibnet]
comet-26-03.ibnet: starting secondarynamenode, logging to /scratch/aneelipa/11485047/logs/hadoop-aneelipa-secondarynamenode-comet-26-03.sdsc.edu.out
17/10/02 23:18:39 WARN util.NativeCodeLoader: Unable to load native-hadoop library for your platform... using builtin-java classes where applicable
starting yarn daemons
starting resourcemanager, logging to /scratch/aneelipa/11485047/logs/yarn-aneelipa-resourcemanager-comet-26-03.out
comet-26-03.ibnet: starting nodemanager, logging to /scratch/aneelipa/11485047/logs/yarn-aneelipa-nodemanager-comet-26-03.sdsc.edu.out
comet-26-04.ibnet: starting nodemanager, logging to /scratch/aneelipa/11485047/logs/yarn-aneelipa-nodemanager-comet-26-04.sdsc.edu.out
comet-26-10.ibnet: starting nodemanager, logging to /scratch/aneelipa/11485047/logs/yarn-aneelipa-nodemanager-comet-26-10.sdsc.edu.out
17/10/02 23:18:42 WARN util.NativeCodeLoader: Unable to load native-hadoop library for your platform... using builtin-java classes where applicable
17/10/02 23:18:43 WARN util.NativeCodeLoader: Unable to load native-hadoop library for your platform... using builtin-java classes where applicable
17/10/02 23:18:45 WARN util.NativeCodeLoader: Unable to load native-hadoop library for your platform... using builtin-java classes where applicable
17/10/02 23:18:46 WARN util.NativeCodeLoader: Unable to load native-hadoop library for your platform... using builtin-java classes where applicable
17/10/02 23:18:47 INFO client.RMProxy: Connecting to ResourceManager at comet-26-03.ibnet/10.22.249.132:8032
17/10/02 23:18:47 WARN mapreduce.JobSubmitter: Hadoop command-line option parsing not performed. Implement the Tool interface and execute your application with ToolRunner to remedy this.
17/10/02 23:18:47 INFO input.FileInputFormat: Total input paths to process : 1
17/10/02 23:18:47 INFO input.FileInputFormat: Total input paths to process : 1
17/10/02 23:18:47 INFO mapreduce.JobSubmitter: number of splits:2
17/10/02 23:18:47 INFO mapreduce.JobSubmitter: Submitting tokens for job: job_1507011520135_0001
17/10/02 23:18:48 INFO impl.YarnClientImpl: Submitted application application_1507011520135_0001
17/10/02 23:18:48 INFO mapreduce.Job: The url to track the job: http://comet-26-03.ibnet:8088/proxy/application_1507011520135_0001/
17/10/02 23:18:48 INFO mapreduce.Job: Running job: job_1507011520135_0001
17/10/02 23:18:53 INFO mapreduce.Job: Job job_1507011520135_0001 running in uber mode : false
17/10/02 23:18:53 INFO mapreduce.Job:  map 0% reduce 0%
17/10/02 23:18:59 INFO mapreduce.Job:  map 100% reduce 0%
17/10/02 23:19:09 INFO mapreduce.Job:  map 100% reduce 98%
17/10/02 23:19:10 INFO mapreduce.Job:  map 100% reduce 100%
17/10/02 23:19:10 INFO mapreduce.Job: Job job_1507011520135_0001 completed successfully
17/10/02 23:19:10 INFO mapreduce.Job: Counters: 49
	File System Counters
		FILE: Number of bytes read=248886
		FILE: Number of bytes written=816581
		FILE: Number of read operations=0
		FILE: Number of large read operations=0
		FILE: Number of write operations=0
		HDFS: Number of bytes read=250051
		HDFS: Number of bytes written=9018487
		HDFS: Number of read operations=9
		HDFS: Number of large read operations=0
		HDFS: Number of write operations=2
	Job Counters 
		Launched map tasks=2
		Launched reduce tasks=1
		Data-local map tasks=2
		Total time spent by all maps in occupied slots (ms)=6599
		Total time spent by all reduces in occupied slots (ms)=8536
		Total time spent by all map tasks (ms)=6599
		Total time spent by all reduce tasks (ms)=8536
		Total vcore-seconds taken by all map tasks=6599
		Total vcore-seconds taken by all reduce tasks=8536
		Total megabyte-seconds taken by all map tasks=6757376
		Total megabyte-seconds taken by all reduce tasks=8740864
	Map-Reduce Framework
		Map input records=12444
		Map output records=12444
		Map output bytes=223992
		Map output materialized bytes=248892
		Input split bytes=550
		Combine input records=0
		Combine output records=0
		Reduce input groups=100
		Reduce shuffle bytes=248892
		Reduce input records=12444
		Reduce output records=372076
		Spilled Records=24888
		Shuffled Maps =2
		Failed Shuffles=0
		Merged Map outputs=2
		GC time elapsed (ms)=212
		CPU time spent (ms)=14880
		Physical memory (bytes) snapshot=765190144
		Virtual memory (bytes) snapshot=6515560448
		Total committed heap usage (bytes)=552599552
	Shuffle Errors
		BAD_ID=0
		CONNECTION=0
		IO_ERROR=0
		WRONG_LENGTH=0
		WRONG_MAP=0
		WRONG_REDUCE=0
	File Input Format Counters 
		Bytes Read=0
	File Output Format Counters 
		Bytes Written=9018487
17/10/02 23:19:10 INFO client.RMProxy: Connecting to ResourceManager at comet-26-03.ibnet/10.22.249.132:8032
17/10/02 23:19:10 WARN mapreduce.JobSubmitter: Hadoop command-line option parsing not performed. Implement the Tool interface and execute your application with ToolRunner to remedy this.
17/10/02 23:19:10 INFO input.FileInputFormat: Total input paths to process : 1
17/10/02 23:19:10 INFO mapreduce.JobSubmitter: number of splits:1
17/10/02 23:19:10 INFO mapreduce.JobSubmitter: Submitting tokens for job: job_1507011520135_0002
17/10/02 23:19:10 INFO impl.YarnClientImpl: Submitted application application_1507011520135_0002
17/10/02 23:19:10 INFO mapreduce.Job: The url to track the job: http://comet-26-03.ibnet:8088/proxy/application_1507011520135_0002/
17/10/02 23:19:10 INFO mapreduce.Job: Running job: job_1507011520135_0002
17/10/02 23:19:14 INFO mapreduce.Job: Job job_1507011520135_0002 running in uber mode : false
17/10/02 23:19:14 INFO mapreduce.Job:  map 0% reduce 0%
17/10/02 23:19:22 INFO mapreduce.Job:  map 100% reduce 0%
17/10/02 23:19:27 INFO mapreduce.Job:  map 100% reduce 100%
17/10/02 23:19:27 INFO mapreduce.Job: Job job_1507011520135_0002 completed successfully
17/10/02 23:19:27 INFO mapreduce.Job: Counters: 49
	File System Counters
		FILE: Number of bytes read=6697374
		FILE: Number of bytes written=13606679
		FILE: Number of read operations=0
		FILE: Number of large read operations=0
		FILE: Number of write operations=0
		HDFS: Number of bytes read=9018622
		HDFS: Number of bytes written=1523601
		HDFS: Number of read operations=7
		HDFS: Number of large read operations=0
		HDFS: Number of write operations=2
	Job Counters 
		Launched map tasks=1
		Launched reduce tasks=1
		Data-local map tasks=1
		Total time spent by all maps in occupied slots (ms)=5778
		Total time spent by all reduces in occupied slots (ms)=2873
		Total time spent by all map tasks (ms)=5778
		Total time spent by all reduce tasks (ms)=2873
		Total vcore-seconds taken by all map tasks=5778
		Total vcore-seconds taken by all reduce tasks=2873
		Total megabyte-seconds taken by all map tasks=5916672
		Total megabyte-seconds taken by all reduce tasks=2941952
	Map-Reduce Framework
		Map input records=372076
		Map output records=372076
		Map output bytes=5953216
		Map output materialized bytes=6697374
		Input split bytes=135
		Combine input records=0
		Combine output records=0
		Reduce input groups=59889
		Reduce shuffle bytes=6697374
		Reduce input records=372076
		Reduce output records=59889
		Spilled Records=744152
		Shuffled Maps =1
		Failed Shuffles=0
		Merged Map outputs=1
		GC time elapsed (ms)=112
		CPU time spent (ms)=9620
		Physical memory (bytes) snapshot=499556352
		Virtual memory (bytes) snapshot=4350078976
		Total committed heap usage (bytes)=345505792
	Shuffle Errors
		BAD_ID=0
		CONNECTION=0
		IO_ERROR=0
		WRONG_LENGTH=0
		WRONG_MAP=0
		WRONG_REDUCE=0
	File Input Format Counters 
		Bytes Read=9018487
	File Output Format Counters 
		Bytes Written=1523601
17/10/02 23:19:28 WARN util.NativeCodeLoader: Unable to load native-hadoop library for your platform... using builtin-java classes where applicable
stopping yarn daemons
stopping resourcemanager
comet-26-03.ibnet: stopping nodemanager
comet-26-03.ibnet: nodemanager did not stop gracefully after 5 seconds: killing with kill -9
comet-26-04.ibnet: stopping nodemanager
comet-26-04.ibnet: nodemanager did not stop gracefully after 5 seconds: killing with kill -9
comet-26-10.ibnet: stopping nodemanager
comet-26-10.ibnet: nodemanager did not stop gracefully after 5 seconds: killing with kill -9
no proxyserver to stop
17/10/02 23:19:39 WARN util.NativeCodeLoader: Unable to load native-hadoop library for your platform... using builtin-java classes where applicable
Stopping namenodes on [comet-26-03.ibnet]
comet-26-03.ibnet: stopping namenode
comet-26-04.ibnet: stopping datanode
comet-26-03.ibnet: stopping datanode
comet-26-10.ibnet: stopping datanode
Stopping secondary namenodes [comet-26-03.ibnet]
comet-26-03.ibnet: stopping secondarynamenode
17/10/02 23:19:57 WARN util.NativeCodeLoader: Unable to load native-hadoop library for your platform... using builtin-java classes where applicable
Copying Hadoop logs back to /home/aneelipa/cometcluster/logs...
`/scratch/aneelipa/11485047/logs' -> `/home/aneelipa/cometcluster/logs'
`/scratch/aneelipa/11485047/logs/yarn-aneelipa-nodemanager-comet-26-03.sdsc.edu.log' -> `/home/aneelipa/cometcluster/logs/yarn-aneelipa-nodemanager-comet-26-03.sdsc.edu.log'
`/scratch/aneelipa/11485047/logs/hadoop-aneelipa-datanode-comet-26-03.sdsc.edu.log' -> `/home/aneelipa/cometcluster/logs/hadoop-aneelipa-datanode-comet-26-03.sdsc.edu.log'
`/scratch/aneelipa/11485047/logs/userlogs' -> `/home/aneelipa/cometcluster/logs/userlogs'
`/scratch/aneelipa/11485047/logs/userlogs/application_1507011520135_0001' -> `/home/aneelipa/cometcluster/logs/userlogs/application_1507011520135_0001'
`/scratch/aneelipa/11485047/logs/userlogs/application_1507011520135_0001/container_1507011520135_0001_01_000004' -> `/home/aneelipa/cometcluster/logs/userlogs/application_1507011520135_0001/container_1507011520135_0001_01_000004'
`/scratch/aneelipa/11485047/logs/userlogs/application_1507011520135_0001/container_1507011520135_0001_01_000004/syslog' -> `/home/aneelipa/cometcluster/logs/userlogs/application_1507011520135_0001/container_1507011520135_0001_01_000004/syslog'
`/scratch/aneelipa/11485047/logs/userlogs/application_1507011520135_0001/container_1507011520135_0001_01_000004/stdout' -> `/home/aneelipa/cometcluster/logs/userlogs/application_1507011520135_0001/container_1507011520135_0001_01_000004/stdout'
`/scratch/aneelipa/11485047/logs/userlogs/application_1507011520135_0001/container_1507011520135_0001_01_000004/stderr' -> `/home/aneelipa/cometcluster/logs/userlogs/application_1507011520135_0001/container_1507011520135_0001_01_000004/stderr'
`/scratch/aneelipa/11485047/logs/hadoop-aneelipa-secondarynamenode-comet-26-03.sdsc.edu.log' -> `/home/aneelipa/cometcluster/logs/hadoop-aneelipa-secondarynamenode-comet-26-03.sdsc.edu.log'
`/scratch/aneelipa/11485047/logs/yarn-aneelipa-resourcemanager-comet-26-03.out' -> `/home/aneelipa/cometcluster/logs/yarn-aneelipa-resourcemanager-comet-26-03.out'
`/scratch/aneelipa/11485047/logs/SecurityAuth-aneelipa.audit' -> `/home/aneelipa/cometcluster/logs/SecurityAuth-aneelipa.audit'
`/scratch/aneelipa/11485047/logs/hadoop-aneelipa-namenode-comet-26-03.sdsc.edu.log' -> `/home/aneelipa/cometcluster/logs/hadoop-aneelipa-namenode-comet-26-03.sdsc.edu.log'
`/scratch/aneelipa/11485047/logs/hadoop-aneelipa-secondarynamenode-comet-26-03.sdsc.edu.out' -> `/home/aneelipa/cometcluster/logs/hadoop-aneelipa-secondarynamenode-comet-26-03.sdsc.edu.out'
`/scratch/aneelipa/11485047/logs/yarn-aneelipa-resourcemanager-comet-26-03.log' -> `/home/aneelipa/cometcluster/logs/yarn-aneelipa-resourcemanager-comet-26-03.log'
`/scratch/aneelipa/11485047/logs/hadoop-aneelipa-namenode-comet-26-03.sdsc.edu.out' -> `/home/aneelipa/cometcluster/logs/hadoop-aneelipa-namenode-comet-26-03.sdsc.edu.out'
`/scratch/aneelipa/11485047/logs/yarn-aneelipa-nodemanager-comet-26-03.sdsc.edu.out' -> `/home/aneelipa/cometcluster/logs/yarn-aneelipa-nodemanager-comet-26-03.sdsc.edu.out'
`/scratch/aneelipa/11485047/logs/hadoop-aneelipa-datanode-comet-26-03.sdsc.edu.out' -> `/home/aneelipa/cometcluster/logs/hadoop-aneelipa-datanode-comet-26-03.sdsc.edu.out'
removed directory: `/scratch/aneelipa/11485047/mapred_scratch/usercache/aneelipa/filecache'
removed directory: `/scratch/aneelipa/11485047/mapred_scratch/usercache/aneelipa/appcache'
removed directory: `/scratch/aneelipa/11485047/mapred_scratch/usercache/aneelipa'
removed directory: `/scratch/aneelipa/11485047/mapred_scratch/usercache'
removed directory: `/scratch/aneelipa/11485047/mapred_scratch/nmPrivate'
removed directory: `/scratch/aneelipa/11485047/mapred_scratch/filecache'
removed directory: `/scratch/aneelipa/11485047/mapred_scratch'
removed `/scratch/aneelipa/11485047/tmp/dfs/namesecondary/current/fsimage_0000000000000000000'
removed `/scratch/aneelipa/11485047/tmp/dfs/namesecondary/current/VERSION'
removed `/scratch/aneelipa/11485047/tmp/dfs/namesecondary/current/edits_0000000000000000001-0000000000000000186'
removed `/scratch/aneelipa/11485047/tmp/dfs/namesecondary/current/fsimage_0000000000000000000.md5'
removed `/scratch/aneelipa/11485047/tmp/dfs/namesecondary/current/fsimage_0000000000000000186'
removed `/scratch/aneelipa/11485047/tmp/dfs/namesecondary/current/fsimage_0000000000000000186.md5'
removed directory: `/scratch/aneelipa/11485047/tmp/dfs/namesecondary/current'
removed directory: `/scratch/aneelipa/11485047/tmp/dfs/namesecondary'
removed directory: `/scratch/aneelipa/11485047/tmp/dfs'
removed directory: `/scratch/aneelipa/11485047/tmp'
removed `/scratch/aneelipa/11485047/namenode_data/current/fsimage_0000000000000000000'
removed `/scratch/aneelipa/11485047/namenode_data/current/edits_0000000000000000001-0000000000000000186'
removed `/scratch/aneelipa/11485047/namenode_data/current/VERSION'
removed `/scratch/aneelipa/11485047/namenode_data/current/edits_inprogress_0000000000000000187'
removed `/scratch/aneelipa/11485047/namenode_data/current/fsimage_0000000000000000186'
removed `/scratch/aneelipa/11485047/namenode_data/current/fsimage_0000000000000000186.md5'
removed `/scratch/aneelipa/11485047/namenode_data/current/seen_txid'
removed `/scratch/aneelipa/11485047/namenode_data/current/fsimage_0000000000000000000.md5'
removed directory: `/scratch/aneelipa/11485047/namenode_data/current'
removed directory: `/scratch/aneelipa/11485047/namenode_data'
removed `/scratch/aneelipa/11485047/hdfs_data/current/BP-382063521-198.202.117.173-1507011502982/dncp_block_verification.log.curr'
removed `/scratch/aneelipa/11485047/hdfs_data/current/BP-382063521-198.202.117.173-1507011502982/dncp_block_verification.log.prev'
removed directory: `/scratch/aneelipa/11485047/hdfs_data/current/BP-382063521-198.202.117.173-1507011502982/tmp'
removed directory: `/scratch/aneelipa/11485047/hdfs_data/current/BP-382063521-198.202.117.173-1507011502982/current/rbw'
removed `/scratch/aneelipa/11485047/hdfs_data/current/BP-382063521-198.202.117.173-1507011502982/current/finalized/subdir0/subdir0/blk_1073741834'
removed `/scratch/aneelipa/11485047/hdfs_data/current/BP-382063521-198.202.117.173-1507011502982/current/finalized/subdir0/subdir0/blk_1073741843'
removed `/scratch/aneelipa/11485047/hdfs_data/current/BP-382063521-198.202.117.173-1507011502982/current/finalized/subdir0/subdir0/blk_1073741836_1012.meta'
removed `/scratch/aneelipa/11485047/hdfs_data/current/BP-382063521-198.202.117.173-1507011502982/current/finalized/subdir0/subdir0/blk_1073741844'
removed `/scratch/aneelipa/11485047/hdfs_data/current/BP-382063521-198.202.117.173-1507011502982/current/finalized/subdir0/subdir0/blk_1073741833'
removed `/scratch/aneelipa/11485047/hdfs_data/current/BP-382063521-198.202.117.173-1507011502982/current/finalized/subdir0/subdir0/blk_1073741825_1001.meta'
removed `/scratch/aneelipa/11485047/hdfs_data/current/BP-382063521-198.202.117.173-1507011502982/current/finalized/subdir0/subdir0/blk_1073741846_1022.meta'
removed `/scratch/aneelipa/11485047/hdfs_data/current/BP-382063521-198.202.117.173-1507011502982/current/finalized/subdir0/subdir0/blk_1073741845'
removed `/scratch/aneelipa/11485047/hdfs_data/current/BP-382063521-198.202.117.173-1507011502982/current/finalized/subdir0/subdir0/blk_1073741835_1011.meta'
removed `/scratch/aneelipa/11485047/hdfs_data/current/BP-382063521-198.202.117.173-1507011502982/current/finalized/subdir0/subdir0/blk_1073741844_1020.meta'
removed `/scratch/aneelipa/11485047/hdfs_data/current/BP-382063521-198.202.117.173-1507011502982/current/finalized/subdir0/subdir0/blk_1073741833_1009.meta'
removed `/scratch/aneelipa/11485047/hdfs_data/current/BP-382063521-198.202.117.173-1507011502982/current/finalized/subdir0/subdir0/blk_1073741826'
removed `/scratch/aneelipa/11485047/hdfs_data/current/BP-382063521-198.202.117.173-1507011502982/current/finalized/subdir0/subdir0/blk_1073741843_1019.meta'
removed `/scratch/aneelipa/11485047/hdfs_data/current/BP-382063521-198.202.117.173-1507011502982/current/finalized/subdir0/subdir0/blk_1073741835'
removed `/scratch/aneelipa/11485047/hdfs_data/current/BP-382063521-198.202.117.173-1507011502982/current/finalized/subdir0/subdir0/blk_1073741845_1021.meta'
removed `/scratch/aneelipa/11485047/hdfs_data/current/BP-382063521-198.202.117.173-1507011502982/current/finalized/subdir0/subdir0/blk_1073741846'
removed `/scratch/aneelipa/11485047/hdfs_data/current/BP-382063521-198.202.117.173-1507011502982/current/finalized/subdir0/subdir0/blk_1073741826_1002.meta'
removed `/scratch/aneelipa/11485047/hdfs_data/current/BP-382063521-198.202.117.173-1507011502982/current/finalized/subdir0/subdir0/blk_1073741825'
removed `/scratch/aneelipa/11485047/hdfs_data/current/BP-382063521-198.202.117.173-1507011502982/current/finalized/subdir0/subdir0/blk_1073741836'
removed `/scratch/aneelipa/11485047/hdfs_data/current/BP-382063521-198.202.117.173-1507011502982/current/finalized/subdir0/subdir0/blk_1073741834_1010.meta'
removed directory: `/scratch/aneelipa/11485047/hdfs_data/current/BP-382063521-198.202.117.173-1507011502982/current/finalized/subdir0/subdir0'
removed directory: `/scratch/aneelipa/11485047/hdfs_data/current/BP-382063521-198.202.117.173-1507011502982/current/finalized/subdir0'
removed directory: `/scratch/aneelipa/11485047/hdfs_data/current/BP-382063521-198.202.117.173-1507011502982/current/finalized'
removed `/scratch/aneelipa/11485047/hdfs_data/current/BP-382063521-198.202.117.173-1507011502982/current/dfsUsed'
removed `/scratch/aneelipa/11485047/hdfs_data/current/BP-382063521-198.202.117.173-1507011502982/current/VERSION'
removed directory: `/scratch/aneelipa/11485047/hdfs_data/current/BP-382063521-198.202.117.173-1507011502982/current'
removed directory: `/scratch/aneelipa/11485047/hdfs_data/current/BP-382063521-198.202.117.173-1507011502982'
removed `/scratch/aneelipa/11485047/hdfs_data/current/VERSION'
removed directory: `/scratch/aneelipa/11485047/hdfs_data/current'
removed directory: `/scratch/aneelipa/11485047/hdfs_data'
removed directory: `/scratch/aneelipa/11485047/pids'
removed `/scratch/aneelipa/11485047/logs/yarn-aneelipa-nodemanager-comet-26-03.sdsc.edu.log'
removed `/scratch/aneelipa/11485047/logs/hadoop-aneelipa-datanode-comet-26-03.sdsc.edu.log'
removed `/scratch/aneelipa/11485047/logs/userlogs/application_1507011520135_0001/container_1507011520135_0001_01_000004/syslog'
removed `/scratch/aneelipa/11485047/logs/userlogs/application_1507011520135_0001/container_1507011520135_0001_01_000004/stdout'
removed `/scratch/aneelipa/11485047/logs/userlogs/application_1507011520135_0001/container_1507011520135_0001_01_000004/stderr'
removed directory: `/scratch/aneelipa/11485047/logs/userlogs/application_1507011520135_0001/container_1507011520135_0001_01_000004'
removed directory: `/scratch/aneelipa/11485047/logs/userlogs/application_1507011520135_0001'
removed directory: `/scratch/aneelipa/11485047/logs/userlogs'
removed `/scratch/aneelipa/11485047/logs/hadoop-aneelipa-secondarynamenode-comet-26-03.sdsc.edu.log'
removed `/scratch/aneelipa/11485047/logs/yarn-aneelipa-resourcemanager-comet-26-03.out'
removed `/scratch/aneelipa/11485047/logs/SecurityAuth-aneelipa.audit'
removed `/scratch/aneelipa/11485047/logs/hadoop-aneelipa-namenode-comet-26-03.sdsc.edu.log'
removed `/scratch/aneelipa/11485047/logs/hadoop-aneelipa-secondarynamenode-comet-26-03.sdsc.edu.out'
removed `/scratch/aneelipa/11485047/logs/yarn-aneelipa-resourcemanager-comet-26-03.log'
removed `/scratch/aneelipa/11485047/logs/hadoop-aneelipa-namenode-comet-26-03.sdsc.edu.out'
removed `/scratch/aneelipa/11485047/logs/yarn-aneelipa-nodemanager-comet-26-03.sdsc.edu.out'
removed `/scratch/aneelipa/11485047/logs/hadoop-aneelipa-datanode-comet-26-03.sdsc.edu.out'
removed directory: `/scratch/aneelipa/11485047/logs'
removed directory: `/scratch/aneelipa/11485047/mapred_scratch/nmPrivate'
removed directory: `/scratch/aneelipa/11485047/mapred_scratch/usercache/aneelipa/appcache'
removed directory: `/scratch/aneelipa/11485047/mapred_scratch/usercache/aneelipa/filecache'
removed directory: `/scratch/aneelipa/11485047/mapred_scratch/usercache/aneelipa'
removed directory: `/scratch/aneelipa/11485047/mapred_scratch/usercache'
removed directory: `/scratch/aneelipa/11485047/mapred_scratch/filecache'
removed directory: `/scratch/aneelipa/11485047/mapred_scratch'
removed `/scratch/aneelipa/11485047/hdfs_data/current/VERSION'
removed `/scratch/aneelipa/11485047/hdfs_data/current/BP-382063521-198.202.117.173-1507011502982/current/finalized/subdir0/subdir0/blk_1073741846'
removed `/scratch/aneelipa/11485047/hdfs_data/current/BP-382063521-198.202.117.173-1507011502982/current/finalized/subdir0/subdir0/blk_1073741836'
removed `/scratch/aneelipa/11485047/hdfs_data/current/BP-382063521-198.202.117.173-1507011502982/current/finalized/subdir0/subdir0/blk_1073741825'
removed `/scratch/aneelipa/11485047/hdfs_data/current/BP-382063521-198.202.117.173-1507011502982/current/finalized/subdir0/subdir0/blk_1073741836_1012.meta'
removed `/scratch/aneelipa/11485047/hdfs_data/current/BP-382063521-198.202.117.173-1507011502982/current/finalized/subdir0/subdir0/blk_1073741825_1001.meta'
removed `/scratch/aneelipa/11485047/hdfs_data/current/BP-382063521-198.202.117.173-1507011502982/current/finalized/subdir0/subdir0/blk_1073741845'
removed `/scratch/aneelipa/11485047/hdfs_data/current/BP-382063521-198.202.117.173-1507011502982/current/finalized/subdir0/subdir0/blk_1073741846_1022.meta'
removed `/scratch/aneelipa/11485047/hdfs_data/current/BP-382063521-198.202.117.173-1507011502982/current/finalized/subdir0/subdir0/blk_1073741835'
removed `/scratch/aneelipa/11485047/hdfs_data/current/BP-382063521-198.202.117.173-1507011502982/current/finalized/subdir0/subdir0/blk_1073741826'
removed `/scratch/aneelipa/11485047/hdfs_data/current/BP-382063521-198.202.117.173-1507011502982/current/finalized/subdir0/subdir0/blk_1073741835_1011.meta'
removed `/scratch/aneelipa/11485047/hdfs_data/current/BP-382063521-198.202.117.173-1507011502982/current/finalized/subdir0/subdir0/blk_1073741843_1019.meta'
removed `/scratch/aneelipa/11485047/hdfs_data/current/BP-382063521-198.202.117.173-1507011502982/current/finalized/subdir0/subdir0/blk_1073741844_1020.meta'
removed `/scratch/aneelipa/11485047/hdfs_data/current/BP-382063521-198.202.117.173-1507011502982/current/finalized/subdir0/subdir0/blk_1073741833_1009.meta'
removed `/scratch/aneelipa/11485047/hdfs_data/current/BP-382063521-198.202.117.173-1507011502982/current/finalized/subdir0/subdir0/blk_1073741845_1021.meta'
removed `/scratch/aneelipa/11485047/hdfs_data/current/BP-382063521-198.202.117.173-1507011502982/current/finalized/subdir0/subdir0/blk_1073741843'
removed `/scratch/aneelipa/11485047/hdfs_data/current/BP-382063521-198.202.117.173-1507011502982/current/finalized/subdir0/subdir0/blk_1073741834'
removed `/scratch/aneelipa/11485047/hdfs_data/current/BP-382063521-198.202.117.173-1507011502982/current/finalized/subdir0/subdir0/blk_1073741833'
removed `/scratch/aneelipa/11485047/hdfs_data/current/BP-382063521-198.202.117.173-1507011502982/current/finalized/subdir0/subdir0/blk_1073741844'
removed `/scratch/aneelipa/11485047/hdfs_data/current/BP-382063521-198.202.117.173-1507011502982/current/finalized/subdir0/subdir0/blk_1073741834_1010.meta'
removed `/scratch/aneelipa/11485047/hdfs_data/current/BP-382063521-198.202.117.173-1507011502982/current/finalized/subdir0/subdir0/blk_1073741826_1002.meta'
removed directory: `/scratch/aneelipa/11485047/hdfs_data/current/BP-382063521-198.202.117.173-1507011502982/current/finalized/subdir0/subdir0'
removed directory: `/scratch/aneelipa/11485047/hdfs_data/current/BP-382063521-198.202.117.173-1507011502982/current/finalized/subdir0'
removed directory: `/scratch/aneelipa/11485047/hdfs_data/current/BP-382063521-198.202.117.173-1507011502982/current/finalized'
removed `/scratch/aneelipa/11485047/hdfs_data/current/BP-382063521-198.202.117.173-1507011502982/current/dfsUsed'
removed directory: `/scratch/aneelipa/11485047/hdfs_data/current/BP-382063521-198.202.117.173-1507011502982/current/rbw'
removed `/scratch/aneelipa/11485047/hdfs_data/current/BP-382063521-198.202.117.173-1507011502982/current/VERSION'
removed directory: `/scratch/aneelipa/11485047/hdfs_data/current/BP-382063521-198.202.117.173-1507011502982/current'
removed `/scratch/aneelipa/11485047/hdfs_data/current/BP-382063521-198.202.117.173-1507011502982/dncp_block_verification.log.prev'
removed directory: `/scratch/aneelipa/11485047/hdfs_data/current/BP-382063521-198.202.117.173-1507011502982/tmp'
removed `/scratch/aneelipa/11485047/hdfs_data/current/BP-382063521-198.202.117.173-1507011502982/dncp_block_verification.log.curr'
removed directory: `/scratch/aneelipa/11485047/hdfs_data/current/BP-382063521-198.202.117.173-1507011502982'
removed directory: `/scratch/aneelipa/11485047/hdfs_data/current'
removed directory: `/scratch/aneelipa/11485047/hdfs_data'
removed directory: `/scratch/aneelipa/11485047/pids'
removed `/scratch/aneelipa/11485047/logs/yarn-aneelipa-nodemanager-comet-26-04.sdsc.edu.out'
removed `/scratch/aneelipa/11485047/logs/SecurityAuth-aneelipa.audit'
removed `/scratch/aneelipa/11485047/logs/hadoop-aneelipa-datanode-comet-26-04.sdsc.edu.log'
removed `/scratch/aneelipa/11485047/logs/hadoop-aneelipa-datanode-comet-26-04.sdsc.edu.out'
removed `/scratch/aneelipa/11485047/logs/userlogs/application_1507011520135_0001/container_1507011520135_0001_01_000001/stdout'
removed `/scratch/aneelipa/11485047/logs/userlogs/application_1507011520135_0001/container_1507011520135_0001_01_000001/syslog'
removed `/scratch/aneelipa/11485047/logs/userlogs/application_1507011520135_0001/container_1507011520135_0001_01_000001/stderr'
removed directory: `/scratch/aneelipa/11485047/logs/userlogs/application_1507011520135_0001/container_1507011520135_0001_01_000001'
removed directory: `/scratch/aneelipa/11485047/logs/userlogs/application_1507011520135_0001'
removed `/scratch/aneelipa/11485047/logs/userlogs/application_1507011520135_0002/container_1507011520135_0002_01_000001/stderr'
removed `/scratch/aneelipa/11485047/logs/userlogs/application_1507011520135_0002/container_1507011520135_0002_01_000001/syslog'
removed `/scratch/aneelipa/11485047/logs/userlogs/application_1507011520135_0002/container_1507011520135_0002_01_000001/stdout'
removed directory: `/scratch/aneelipa/11485047/logs/userlogs/application_1507011520135_0002/container_1507011520135_0002_01_000001'
removed `/scratch/aneelipa/11485047/logs/userlogs/application_1507011520135_0002/container_1507011520135_0002_01_000002/stdout'
removed `/scratch/aneelipa/11485047/logs/userlogs/application_1507011520135_0002/container_1507011520135_0002_01_000002/syslog'
removed `/scratch/aneelipa/11485047/logs/userlogs/application_1507011520135_0002/container_1507011520135_0002_01_000002/stderr'
removed directory: `/scratch/aneelipa/11485047/logs/userlogs/application_1507011520135_0002/container_1507011520135_0002_01_000002'
removed directory: `/scratch/aneelipa/11485047/logs/userlogs/application_1507011520135_0002'
removed directory: `/scratch/aneelipa/11485047/logs/userlogs'
removed `/scratch/aneelipa/11485047/logs/yarn-aneelipa-nodemanager-comet-26-04.sdsc.edu.log'
removed directory: `/scratch/aneelipa/11485047/logs'
removed directory: `/scratch/aneelipa/11485047/mapred_scratch/usercache/aneelipa/appcache'
removed directory: `/scratch/aneelipa/11485047/mapred_scratch/usercache/aneelipa/filecache'
removed directory: `/scratch/aneelipa/11485047/mapred_scratch/usercache/aneelipa'
removed directory: `/scratch/aneelipa/11485047/mapred_scratch/usercache'
removed directory: `/scratch/aneelipa/11485047/mapred_scratch/nmPrivate'
removed directory: `/scratch/aneelipa/11485047/mapred_scratch/filecache'
removed directory: `/scratch/aneelipa/11485047/mapred_scratch'
removed `/scratch/aneelipa/11485047/hdfs_data/current/BP-382063521-198.202.117.173-1507011502982/current/finalized/subdir0/subdir0/blk_1073741834'
removed `/scratch/aneelipa/11485047/hdfs_data/current/BP-382063521-198.202.117.173-1507011502982/current/finalized/subdir0/subdir0/blk_1073741843'
removed `/scratch/aneelipa/11485047/hdfs_data/current/BP-382063521-198.202.117.173-1507011502982/current/finalized/subdir0/subdir0/blk_1073741836_1012.meta'
removed `/scratch/aneelipa/11485047/hdfs_data/current/BP-382063521-198.202.117.173-1507011502982/current/finalized/subdir0/subdir0/blk_1073741844'
removed `/scratch/aneelipa/11485047/hdfs_data/current/BP-382063521-198.202.117.173-1507011502982/current/finalized/subdir0/subdir0/blk_1073741833'
removed `/scratch/aneelipa/11485047/hdfs_data/current/BP-382063521-198.202.117.173-1507011502982/current/finalized/subdir0/subdir0/blk_1073741825_1001.meta'
removed `/scratch/aneelipa/11485047/hdfs_data/current/BP-382063521-198.202.117.173-1507011502982/current/finalized/subdir0/subdir0/blk_1073741846_1022.meta'
removed `/scratch/aneelipa/11485047/hdfs_data/current/BP-382063521-198.202.117.173-1507011502982/current/finalized/subdir0/subdir0/blk_1073741835_1011.meta'
removed `/scratch/aneelipa/11485047/hdfs_data/current/BP-382063521-198.202.117.173-1507011502982/current/finalized/subdir0/subdir0/blk_1073741845'
removed `/scratch/aneelipa/11485047/hdfs_data/current/BP-382063521-198.202.117.173-1507011502982/current/finalized/subdir0/subdir0/blk_1073741826'
removed `/scratch/aneelipa/11485047/hdfs_data/current/BP-382063521-198.202.117.173-1507011502982/current/finalized/subdir0/subdir0/blk_1073741843_1019.meta'
removed `/scratch/aneelipa/11485047/hdfs_data/current/BP-382063521-198.202.117.173-1507011502982/current/finalized/subdir0/subdir0/blk_1073741844_1020.meta'
removed `/scratch/aneelipa/11485047/hdfs_data/current/BP-382063521-198.202.117.173-1507011502982/current/finalized/subdir0/subdir0/blk_1073741835'
removed `/scratch/aneelipa/11485047/hdfs_data/current/BP-382063521-198.202.117.173-1507011502982/current/finalized/subdir0/subdir0/blk_1073741833_1009.meta'
removed `/scratch/aneelipa/11485047/hdfs_data/current/BP-382063521-198.202.117.173-1507011502982/current/finalized/subdir0/subdir0/blk_1073741846'
removed `/scratch/aneelipa/11485047/hdfs_data/current/BP-382063521-198.202.117.173-1507011502982/current/finalized/subdir0/subdir0/blk_1073741845_1021.meta'
removed `/scratch/aneelipa/11485047/hdfs_data/current/BP-382063521-198.202.117.173-1507011502982/current/finalized/subdir0/subdir0/blk_1073741834_1010.meta'
removed `/scratch/aneelipa/11485047/hdfs_data/current/BP-382063521-198.202.117.173-1507011502982/current/finalized/subdir0/subdir0/blk_1073741825'
removed `/scratch/aneelipa/11485047/hdfs_data/current/BP-382063521-198.202.117.173-1507011502982/current/finalized/subdir0/subdir0/blk_1073741836'
removed `/scratch/aneelipa/11485047/hdfs_data/current/BP-382063521-198.202.117.173-1507011502982/current/finalized/subdir0/subdir0/blk_1073741826_1002.meta'
removed directory: `/scratch/aneelipa/11485047/hdfs_data/current/BP-382063521-198.202.117.173-1507011502982/current/finalized/subdir0/subdir0'
removed directory: `/scratch/aneelipa/11485047/hdfs_data/current/BP-382063521-198.202.117.173-1507011502982/current/finalized/subdir0'
removed directory: `/scratch/aneelipa/11485047/hdfs_data/current/BP-382063521-198.202.117.173-1507011502982/current/finalized'
removed directory: `/scratch/aneelipa/11485047/hdfs_data/current/BP-382063521-198.202.117.173-1507011502982/current/rbw'
removed `/scratch/aneelipa/11485047/hdfs_data/current/BP-382063521-198.202.117.173-1507011502982/current/VERSION'
removed `/scratch/aneelipa/11485047/hdfs_data/current/BP-382063521-198.202.117.173-1507011502982/current/dfsUsed'
removed directory: `/scratch/aneelipa/11485047/hdfs_data/current/BP-382063521-198.202.117.173-1507011502982/current'
removed `/scratch/aneelipa/11485047/hdfs_data/current/BP-382063521-198.202.117.173-1507011502982/dncp_block_verification.log.prev'
removed `/scratch/aneelipa/11485047/hdfs_data/current/BP-382063521-198.202.117.173-1507011502982/dncp_block_verification.log.curr'
removed directory: `/scratch/aneelipa/11485047/hdfs_data/current/BP-382063521-198.202.117.173-1507011502982/tmp'
removed directory: `/scratch/aneelipa/11485047/hdfs_data/current/BP-382063521-198.202.117.173-1507011502982'
removed `/scratch/aneelipa/11485047/hdfs_data/current/VERSION'
removed directory: `/scratch/aneelipa/11485047/hdfs_data/current'
removed directory: `/scratch/aneelipa/11485047/hdfs_data'
removed directory: `/scratch/aneelipa/11485047/pids'
removed `/scratch/aneelipa/11485047/logs/yarn-aneelipa-nodemanager-comet-26-10.sdsc.edu.log'
removed `/scratch/aneelipa/11485047/logs/SecurityAuth-aneelipa.audit'
removed `/scratch/aneelipa/11485047/logs/hadoop-aneelipa-datanode-comet-26-10.sdsc.edu.log'
removed `/scratch/aneelipa/11485047/logs/hadoop-aneelipa-datanode-comet-26-10.sdsc.edu.out'
removed `/scratch/aneelipa/11485047/logs/userlogs/application_1507011520135_0001/container_1507011520135_0001_01_000003/stdout'
removed `/scratch/aneelipa/11485047/logs/userlogs/application_1507011520135_0001/container_1507011520135_0001_01_000003/syslog'
removed `/scratch/aneelipa/11485047/logs/userlogs/application_1507011520135_0001/container_1507011520135_0001_01_000003/stderr'
removed directory: `/scratch/aneelipa/11485047/logs/userlogs/application_1507011520135_0001/container_1507011520135_0001_01_000003'
removed `/scratch/aneelipa/11485047/logs/userlogs/application_1507011520135_0001/container_1507011520135_0001_01_000002/syslog'
removed `/scratch/aneelipa/11485047/logs/userlogs/application_1507011520135_0001/container_1507011520135_0001_01_000002/stdout'
removed `/scratch/aneelipa/11485047/logs/userlogs/application_1507011520135_0001/container_1507011520135_0001_01_000002/stderr'
removed directory: `/scratch/aneelipa/11485047/logs/userlogs/application_1507011520135_0001/container_1507011520135_0001_01_000002'
removed directory: `/scratch/aneelipa/11485047/logs/userlogs/application_1507011520135_0001'
removed `/scratch/aneelipa/11485047/logs/userlogs/application_1507011520135_0002/container_1507011520135_0002_01_000003/syslog'
removed `/scratch/aneelipa/11485047/logs/userlogs/application_1507011520135_0002/container_1507011520135_0002_01_000003/stdout'
removed `/scratch/aneelipa/11485047/logs/userlogs/application_1507011520135_0002/container_1507011520135_0002_01_000003/stderr'
removed directory: `/scratch/aneelipa/11485047/logs/userlogs/application_1507011520135_0002/container_1507011520135_0002_01_000003'
removed directory: `/scratch/aneelipa/11485047/logs/userlogs/application_1507011520135_0002'
removed directory: `/scratch/aneelipa/11485047/logs/userlogs'
removed `/scratch/aneelipa/11485047/logs/yarn-aneelipa-nodemanager-comet-26-10.sdsc.edu.out'
removed directory: `/scratch/aneelipa/11485047/logs'
removed directory: `/tmp/Jetty_0_0_0_0_50070_hdfs____w2cu08/jsp'
removed directory: `/tmp/Jetty_0_0_0_0_50070_hdfs____w2cu08/.active'
removed directory: `/tmp/Jetty_0_0_0_0_50070_hdfs____w2cu08'
removed directory: `/tmp/Jetty_comet.26.03_ibnet_50090_secondary____apyooa/jsp'
removed directory: `/tmp/Jetty_comet.26.03_ibnet_50090_secondary____apyooa/.active'
removed directory: `/tmp/Jetty_comet.26.03_ibnet_50090_secondary____apyooa'
removed directory: `/tmp/Jetty_0_0_0_0_50075_datanode____hwtdwq_1688909931609037856/jsp'
removed directory: `/tmp/Jetty_0_0_0_0_50075_datanode____hwtdwq_1688909931609037856/.active'
removed directory: `/tmp/Jetty_0_0_0_0_50075_datanode____hwtdwq_1688909931609037856'
