Using Spark's default log4j profile: org/apache/spark/log4j-defaults.properties
17/11/07 07:16:06 INFO SparkContext: Running Spark version 1.5.2
17/11/07 07:16:06 WARN NativeCodeLoader: Unable to load native-hadoop library for your platform... using builtin-java classes where applicable
17/11/07 07:16:07 INFO SecurityManager: Changing view acls to: aneelipa
17/11/07 07:16:07 INFO SecurityManager: Changing modify acls to: aneelipa
17/11/07 07:16:07 INFO SecurityManager: SecurityManager: authentication disabled; ui acls disabled; users with view permissions: Set(aneelipa); users with modify permissions: Set(aneelipa)
17/11/07 07:16:07 INFO Slf4jLogger: Slf4jLogger started
17/11/07 07:16:07 INFO Remoting: Starting remoting
17/11/07 07:16:07 INFO Remoting: Remoting started; listening on addresses :[akka.tcp://sparkDriver@198.202.114.51:32800]
17/11/07 07:16:07 INFO Utils: Successfully started service 'sparkDriver' on port 32800.
17/11/07 07:16:08 INFO SparkEnv: Registering MapOutputTracker
17/11/07 07:16:08 INFO SparkEnv: Registering BlockManagerMaster
17/11/07 07:16:08 INFO DiskBlockManager: Created local directory at /tmp/blockmgr-7543f32d-a14b-4819-b8ca-aa453d7ea229
17/11/07 07:16:08 INFO MemoryStore: MemoryStore started with capacity 530.0 MB
17/11/07 07:16:08 INFO HttpFileServer: HTTP File server directory is /tmp/spark-6c82a0cf-c301-46ce-808e-d5dec91cdced/httpd-7d21b5f9-8573-46c6-aa27-6b0668e5ad03
17/11/07 07:16:08 INFO HttpServer: Starting HTTP Server
17/11/07 07:16:08 INFO Utils: Successfully started service 'HTTP file server' on port 39207.
17/11/07 07:16:08 INFO SparkEnv: Registering OutputCommitCoordinator
17/11/07 07:16:08 INFO Utils: Successfully started service 'SparkUI' on port 4040.
17/11/07 07:16:08 INFO SparkUI: Started SparkUI at http://198.202.114.51:4040
17/11/07 07:16:08 INFO SparkContext: Added JAR file:/home/aneelipa/project4/source.jar at http://198.202.114.51:39207/jars/source.jar with timestamp 1510067768474
17/11/07 07:16:08 WARN MetricsSystem: Using default name DAGScheduler for source because spark.app.id is not set.
17/11/07 07:16:08 INFO Executor: Starting executor ID driver on host localhost
17/11/07 07:16:08 INFO Utils: Successfully started service 'org.apache.spark.network.netty.NettyBlockTransferService' on port 43926.
17/11/07 07:16:08 INFO NettyBlockTransferService: Server created on 43926
17/11/07 07:16:08 INFO BlockManagerMaster: Trying to register BlockManager
17/11/07 07:16:08 INFO BlockManagerMasterEndpoint: Registering block manager localhost:43926 with 530.0 MB RAM, BlockManagerId(driver, localhost, 43926)
17/11/07 07:16:08 INFO BlockManagerMaster: Registered BlockManager
17/11/07 07:16:09 INFO MemoryStore: ensureFreeSpace(120040) called with curMem=0, maxMem=555755765
17/11/07 07:16:09 INFO MemoryStore: Block broadcast_0 stored as values in memory (estimated size 117.2 KB, free 529.9 MB)
17/11/07 07:16:10 INFO MemoryStore: ensureFreeSpace(12673) called with curMem=120040, maxMem=555755765
17/11/07 07:16:10 INFO MemoryStore: Block broadcast_0_piece0 stored as bytes in memory (estimated size 12.4 KB, free 529.9 MB)
17/11/07 07:16:10 INFO BlockManagerInfo: Added broadcast_0_piece0 in memory on localhost:43926 (size: 12.4 KB, free: 530.0 MB)
17/11/07 07:16:10 INFO SparkContext: Created broadcast 0 from textFile at Source.scala:18
17/11/07 07:16:10 INFO FileInputFormat: Total input paths to process : 1
17/11/07 07:16:10 INFO SparkContext: Starting job: collectAsMap at Source.scala:31
17/11/07 07:16:10 INFO DAGScheduler: Registering RDD 3 (distinct at Source.scala:30)
17/11/07 07:16:10 INFO DAGScheduler: Got job 0 (collectAsMap at Source.scala:31) with 2 output partitions
17/11/07 07:16:10 INFO DAGScheduler: Final stage: ResultStage 1(collectAsMap at Source.scala:31)
17/11/07 07:16:10 INFO DAGScheduler: Parents of final stage: List(ShuffleMapStage 0)
17/11/07 07:16:10 INFO DAGScheduler: Missing parents: List(ShuffleMapStage 0)
17/11/07 07:16:10 INFO DAGScheduler: Submitting ShuffleMapStage 0 (MapPartitionsRDD[3] at distinct at Source.scala:30), which has no missing parents
17/11/07 07:16:10 INFO MemoryStore: ensureFreeSpace(4104) called with curMem=132713, maxMem=555755765
17/11/07 07:16:10 INFO MemoryStore: Block broadcast_1 stored as values in memory (estimated size 4.0 KB, free 529.9 MB)
17/11/07 07:16:10 INFO MemoryStore: ensureFreeSpace(2363) called with curMem=136817, maxMem=555755765
17/11/07 07:16:10 INFO MemoryStore: Block broadcast_1_piece0 stored as bytes in memory (estimated size 2.3 KB, free 529.9 MB)
17/11/07 07:16:10 INFO BlockManagerInfo: Added broadcast_1_piece0 in memory on localhost:43926 (size: 2.3 KB, free: 530.0 MB)
17/11/07 07:16:10 INFO SparkContext: Created broadcast 1 from broadcast at DAGScheduler.scala:861
17/11/07 07:16:10 INFO DAGScheduler: Submitting 2 missing tasks from ShuffleMapStage 0 (MapPartitionsRDD[3] at distinct at Source.scala:30)
17/11/07 07:16:10 INFO TaskSchedulerImpl: Adding task set 0.0 with 2 tasks
17/11/07 07:16:10 INFO TaskSetManager: Starting task 0.0 in stage 0.0 (TID 0, localhost, PROCESS_LOCAL, 2195 bytes)
17/11/07 07:16:10 INFO TaskSetManager: Starting task 1.0 in stage 0.0 (TID 1, localhost, PROCESS_LOCAL, 2195 bytes)
17/11/07 07:16:10 INFO Executor: Running task 0.0 in stage 0.0 (TID 0)
17/11/07 07:16:10 INFO Executor: Fetching http://198.202.114.51:39207/jars/source.jar with timestamp 1510067768474
17/11/07 07:16:10 INFO Executor: Running task 1.0 in stage 0.0 (TID 1)
17/11/07 07:16:10 INFO Utils: Fetching http://198.202.114.51:39207/jars/source.jar to /tmp/spark-6c82a0cf-c301-46ce-808e-d5dec91cdced/userFiles-353728fe-720a-4daf-a39b-42806f07beee/fetchFileTemp8189637531547816398.tmp
17/11/07 07:16:10 INFO Executor: Adding file:/tmp/spark-6c82a0cf-c301-46ce-808e-d5dec91cdced/userFiles-353728fe-720a-4daf-a39b-42806f07beee/source.jar to class loader
17/11/07 07:16:10 INFO HadoopRDD: Input split: file:/home/aneelipa/project4/small-graph.txt:24+24
17/11/07 07:16:10 INFO HadoopRDD: Input split: file:/home/aneelipa/project4/small-graph.txt:0+24
17/11/07 07:16:10 INFO deprecation: mapred.tip.id is deprecated. Instead, use mapreduce.task.id
17/11/07 07:16:10 INFO deprecation: mapred.task.id is deprecated. Instead, use mapreduce.task.attempt.id
17/11/07 07:16:10 INFO deprecation: mapred.task.is.map is deprecated. Instead, use mapreduce.task.ismap
17/11/07 07:16:10 INFO deprecation: mapred.task.partition is deprecated. Instead, use mapreduce.task.partition
17/11/07 07:16:10 INFO deprecation: mapred.job.id is deprecated. Instead, use mapreduce.job.id
17/11/07 07:16:10 INFO Executor: Finished task 0.0 in stage 0.0 (TID 0). 2254 bytes result sent to driver
17/11/07 07:16:10 INFO Executor: Finished task 1.0 in stage 0.0 (TID 1). 2254 bytes result sent to driver
17/11/07 07:16:10 INFO TaskSetManager: Finished task 0.0 in stage 0.0 (TID 0) in 237 ms on localhost (1/2)
17/11/07 07:16:10 INFO DAGScheduler: ShuffleMapStage 0 (distinct at Source.scala:30) finished in 0.239 s
17/11/07 07:16:10 INFO DAGScheduler: looking for newly runnable stages
17/11/07 07:16:10 INFO DAGScheduler: running: Set()
17/11/07 07:16:10 INFO DAGScheduler: waiting: Set(ResultStage 1)
17/11/07 07:16:10 INFO DAGScheduler: failed: Set()
17/11/07 07:16:10 INFO DAGScheduler: Missing parents for ResultStage 1: List()
17/11/07 07:16:10 INFO TaskSetManager: Finished task 1.0 in stage 0.0 (TID 1) in 215 ms on localhost (2/2)
17/11/07 07:16:10 INFO DAGScheduler: Submitting ResultStage 1 (MapPartitionsRDD[5] at distinct at Source.scala:30), which is now runnable
17/11/07 07:16:10 INFO TaskSchedulerImpl: Removed TaskSet 0.0, whose tasks have all completed, from pool 
17/11/07 07:16:10 INFO MemoryStore: ensureFreeSpace(2768) called with curMem=139180, maxMem=555755765
17/11/07 07:16:10 INFO MemoryStore: Block broadcast_2 stored as values in memory (estimated size 2.7 KB, free 529.9 MB)
17/11/07 07:16:10 INFO MemoryStore: ensureFreeSpace(1591) called with curMem=141948, maxMem=555755765
17/11/07 07:16:10 INFO MemoryStore: Block broadcast_2_piece0 stored as bytes in memory (estimated size 1591.0 B, free 529.9 MB)
17/11/07 07:16:10 INFO BlockManagerInfo: Added broadcast_2_piece0 in memory on localhost:43926 (size: 1591.0 B, free: 530.0 MB)
17/11/07 07:16:10 INFO SparkContext: Created broadcast 2 from broadcast at DAGScheduler.scala:861
17/11/07 07:16:10 INFO DAGScheduler: Submitting 2 missing tasks from ResultStage 1 (MapPartitionsRDD[5] at distinct at Source.scala:30)
17/11/07 07:16:10 INFO TaskSchedulerImpl: Adding task set 1.0 with 2 tasks
17/11/07 07:16:10 INFO TaskSetManager: Starting task 0.0 in stage 1.0 (TID 2, localhost, PROCESS_LOCAL, 1954 bytes)
17/11/07 07:16:10 INFO TaskSetManager: Starting task 1.0 in stage 1.0 (TID 3, localhost, PROCESS_LOCAL, 1954 bytes)
17/11/07 07:16:10 INFO Executor: Running task 1.0 in stage 1.0 (TID 3)
17/11/07 07:16:10 INFO Executor: Running task 0.0 in stage 1.0 (TID 2)
17/11/07 07:16:10 INFO ShuffleBlockFetcherIterator: Getting 2 non-empty blocks out of 2 blocks
17/11/07 07:16:10 INFO ShuffleBlockFetcherIterator: Started 0 remote fetches in 3 ms
17/11/07 07:16:10 INFO ShuffleBlockFetcherIterator: Getting 2 non-empty blocks out of 2 blocks
17/11/07 07:16:10 INFO ShuffleBlockFetcherIterator: Started 0 remote fetches in 4 ms
17/11/07 07:16:10 INFO Executor: Finished task 1.0 in stage 1.0 (TID 3). 1408 bytes result sent to driver
17/11/07 07:16:10 INFO Executor: Finished task 0.0 in stage 1.0 (TID 2). 1387 bytes result sent to driver
17/11/07 07:16:10 INFO TaskSetManager: Finished task 1.0 in stage 1.0 (TID 3) in 79 ms on localhost (1/2)
17/11/07 07:16:10 INFO DAGScheduler: ResultStage 1 (collectAsMap at Source.scala:31) finished in 0.083 s
17/11/07 07:16:10 INFO DAGScheduler: Job 0 finished: collectAsMap at Source.scala:31, took 0.443788 s
17/11/07 07:16:10 INFO TaskSetManager: Finished task 0.0 in stage 1.0 (TID 2) in 83 ms on localhost (2/2)
17/11/07 07:16:10 INFO TaskSchedulerImpl: Removed TaskSet 1.0, whose tasks have all completed, from pool 
17/11/07 07:16:10 INFO MemoryStore: ensureFreeSpace(57192) called with curMem=143539, maxMem=555755765
17/11/07 07:16:10 INFO MemoryStore: Block broadcast_3 stored as values in memory (estimated size 55.9 KB, free 529.8 MB)
17/11/07 07:16:10 INFO MemoryStore: ensureFreeSpace(17179) called with curMem=200731, maxMem=555755765
17/11/07 07:16:10 INFO MemoryStore: Block broadcast_3_piece0 stored as bytes in memory (estimated size 16.8 KB, free 529.8 MB)
17/11/07 07:16:10 INFO BlockManagerInfo: Added broadcast_3_piece0 in memory on localhost:43926 (size: 16.8 KB, free: 530.0 MB)
17/11/07 07:16:10 INFO SparkContext: Created broadcast 3 from textFile at Source.scala:34
17/11/07 07:16:10 INFO FileInputFormat: Total input paths to process : 1
17/11/07 07:16:10 INFO SparkContext: Starting job: collectAsMap at Source.scala:67
17/11/07 07:16:10 INFO DAGScheduler: Registering RDD 9 (groupBy at Source.scala:43)
17/11/07 07:16:10 INFO DAGScheduler: Got job 1 (collectAsMap at Source.scala:67) with 2 output partitions
17/11/07 07:16:10 INFO DAGScheduler: Final stage: ResultStage 3(collectAsMap at Source.scala:67)
17/11/07 07:16:10 INFO DAGScheduler: Parents of final stage: List(ShuffleMapStage 2)
17/11/07 07:16:10 INFO DAGScheduler: Missing parents: List(ShuffleMapStage 2)
17/11/07 07:16:10 INFO DAGScheduler: Submitting ShuffleMapStage 2 (MapPartitionsRDD[9] at groupBy at Source.scala:43), which has no missing parents
17/11/07 07:16:10 INFO MemoryStore: ensureFreeSpace(4856) called with curMem=217910, maxMem=555755765
17/11/07 07:16:10 INFO MemoryStore: Block broadcast_4 stored as values in memory (estimated size 4.7 KB, free 529.8 MB)
17/11/07 07:16:10 INFO MemoryStore: ensureFreeSpace(2590) called with curMem=222766, maxMem=555755765
17/11/07 07:16:10 INFO MemoryStore: Block broadcast_4_piece0 stored as bytes in memory (estimated size 2.5 KB, free 529.8 MB)
17/11/07 07:16:10 INFO BlockManagerInfo: Added broadcast_4_piece0 in memory on localhost:43926 (size: 2.5 KB, free: 530.0 MB)
17/11/07 07:16:10 INFO SparkContext: Created broadcast 4 from broadcast at DAGScheduler.scala:861
17/11/07 07:16:10 INFO DAGScheduler: Submitting 2 missing tasks from ShuffleMapStage 2 (MapPartitionsRDD[9] at groupBy at Source.scala:43)
17/11/07 07:16:10 INFO TaskSchedulerImpl: Adding task set 2.0 with 2 tasks
17/11/07 07:16:10 INFO TaskSetManager: Starting task 0.0 in stage 2.0 (TID 4, localhost, PROCESS_LOCAL, 2195 bytes)
17/11/07 07:16:10 INFO TaskSetManager: Starting task 1.0 in stage 2.0 (TID 5, localhost, PROCESS_LOCAL, 2195 bytes)
17/11/07 07:16:10 INFO Executor: Running task 0.0 in stage 2.0 (TID 4)
17/11/07 07:16:10 INFO HadoopRDD: Input split: file:/home/aneelipa/project4/small-graph.txt:0+24
17/11/07 07:16:10 INFO Executor: Running task 1.0 in stage 2.0 (TID 5)
17/11/07 07:16:10 INFO HadoopRDD: Input split: file:/home/aneelipa/project4/small-graph.txt:24+24
17/11/07 07:16:10 INFO Executor: Finished task 1.0 in stage 2.0 (TID 5). 2254 bytes result sent to driver
17/11/07 07:16:10 INFO TaskSetManager: Finished task 1.0 in stage 2.0 (TID 5) in 21 ms on localhost (1/2)
17/11/07 07:16:10 INFO Executor: Finished task 0.0 in stage 2.0 (TID 4). 2254 bytes result sent to driver
17/11/07 07:16:10 INFO TaskSetManager: Finished task 0.0 in stage 2.0 (TID 4) in 26 ms on localhost (2/2)
17/11/07 07:16:10 INFO TaskSchedulerImpl: Removed TaskSet 2.0, whose tasks have all completed, from pool 
17/11/07 07:16:10 INFO DAGScheduler: ShuffleMapStage 2 (groupBy at Source.scala:43) finished in 0.018 s
17/11/07 07:16:10 INFO DAGScheduler: looking for newly runnable stages
17/11/07 07:16:10 INFO DAGScheduler: running: Set()
17/11/07 07:16:10 INFO DAGScheduler: waiting: Set(ResultStage 3)
17/11/07 07:16:10 INFO DAGScheduler: failed: Set()
17/11/07 07:16:10 INFO DAGScheduler: Missing parents for ResultStage 3: List()
17/11/07 07:16:10 INFO DAGScheduler: Submitting ResultStage 3 (MapPartitionsRDD[12] at map at Source.scala:63), which is now runnable
17/11/07 07:16:10 INFO MemoryStore: ensureFreeSpace(5624) called with curMem=225356, maxMem=555755765
17/11/07 07:16:10 INFO MemoryStore: Block broadcast_5 stored as values in memory (estimated size 5.5 KB, free 529.8 MB)
17/11/07 07:16:10 INFO MemoryStore: ensureFreeSpace(2856) called with curMem=230980, maxMem=555755765
17/11/07 07:16:10 INFO MemoryStore: Block broadcast_5_piece0 stored as bytes in memory (estimated size 2.8 KB, free 529.8 MB)
17/11/07 07:16:10 INFO BlockManagerInfo: Added broadcast_5_piece0 in memory on localhost:43926 (size: 2.8 KB, free: 530.0 MB)
17/11/07 07:16:10 INFO SparkContext: Created broadcast 5 from broadcast at DAGScheduler.scala:861
17/11/07 07:16:10 INFO DAGScheduler: Submitting 2 missing tasks from ResultStage 3 (MapPartitionsRDD[12] at map at Source.scala:63)
17/11/07 07:16:10 INFO TaskSchedulerImpl: Adding task set 3.0 with 2 tasks
17/11/07 07:16:10 INFO TaskSetManager: Starting task 0.0 in stage 3.0 (TID 6, localhost, PROCESS_LOCAL, 1954 bytes)
17/11/07 07:16:10 INFO TaskSetManager: Starting task 1.0 in stage 3.0 (TID 7, localhost, PROCESS_LOCAL, 1954 bytes)
17/11/07 07:16:10 INFO Executor: Running task 1.0 in stage 3.0 (TID 7)
17/11/07 07:16:10 INFO Executor: Running task 0.0 in stage 3.0 (TID 6)
17/11/07 07:16:10 INFO ShuffleBlockFetcherIterator: Getting 2 non-empty blocks out of 2 blocks
17/11/07 07:16:10 INFO ShuffleBlockFetcherIterator: Started 0 remote fetches in 0 ms
17/11/07 07:16:10 INFO ShuffleBlockFetcherIterator: Getting 2 non-empty blocks out of 2 blocks
17/11/07 07:16:10 INFO ShuffleBlockFetcherIterator: Started 0 remote fetches in 0 ms
17/11/07 07:16:10 INFO Executor: Finished task 1.0 in stage 3.0 (TID 7). 1319 bytes result sent to driver
17/11/07 07:16:10 INFO TaskSetManager: Finished task 1.0 in stage 3.0 (TID 7) in 7 ms on localhost (1/2)
17/11/07 07:16:10 INFO Executor: Finished task 0.0 in stage 3.0 (TID 6). 1319 bytes result sent to driver
17/11/07 07:16:10 INFO TaskSetManager: Finished task 0.0 in stage 3.0 (TID 6) in 10 ms on localhost (2/2)
17/11/07 07:16:10 INFO TaskSchedulerImpl: Removed TaskSet 3.0, whose tasks have all completed, from pool 
17/11/07 07:16:10 INFO DAGScheduler: ResultStage 3 (collectAsMap at Source.scala:67) finished in 0.007 s
17/11/07 07:16:10 INFO DAGScheduler: Job 1 finished: collectAsMap at Source.scala:67, took 0.056016 s
17/11/07 07:16:10 INFO SparkContext: Starting job: collectAsMap at Source.scala:67
17/11/07 07:16:10 INFO MapOutputTrackerMaster: Size of output statuses for shuffle 1 is 155 bytes
17/11/07 07:16:10 INFO DAGScheduler: Got job 2 (collectAsMap at Source.scala:67) with 2 output partitions
17/11/07 07:16:10 INFO DAGScheduler: Final stage: ResultStage 5(collectAsMap at Source.scala:67)
17/11/07 07:16:10 INFO DAGScheduler: Parents of final stage: List(ShuffleMapStage 4)
17/11/07 07:16:10 INFO DAGScheduler: Missing parents: List()
17/11/07 07:16:10 INFO DAGScheduler: Submitting ResultStage 5 (MapPartitionsRDD[14] at map at Source.scala:63), which has no missing parents
17/11/07 07:16:10 INFO MemoryStore: ensureFreeSpace(6248) called with curMem=233836, maxMem=555755765
17/11/07 07:16:10 INFO MemoryStore: Block broadcast_6 stored as values in memory (estimated size 6.1 KB, free 529.8 MB)
17/11/07 07:16:10 INFO MemoryStore: ensureFreeSpace(3151) called with curMem=240084, maxMem=555755765
17/11/07 07:16:10 INFO MemoryStore: Block broadcast_6_piece0 stored as bytes in memory (estimated size 3.1 KB, free 529.8 MB)
17/11/07 07:16:10 INFO BlockManagerInfo: Added broadcast_6_piece0 in memory on localhost:43926 (size: 3.1 KB, free: 530.0 MB)
17/11/07 07:16:10 INFO SparkContext: Created broadcast 6 from broadcast at DAGScheduler.scala:861
17/11/07 07:16:10 INFO DAGScheduler: Submitting 2 missing tasks from ResultStage 5 (MapPartitionsRDD[14] at map at Source.scala:63)
17/11/07 07:16:10 INFO TaskSchedulerImpl: Adding task set 5.0 with 2 tasks
17/11/07 07:16:10 INFO TaskSetManager: Starting task 0.0 in stage 5.0 (TID 8, localhost, PROCESS_LOCAL, 1954 bytes)
17/11/07 07:16:10 INFO TaskSetManager: Starting task 1.0 in stage 5.0 (TID 9, localhost, PROCESS_LOCAL, 1954 bytes)
17/11/07 07:16:10 INFO Executor: Running task 1.0 in stage 5.0 (TID 9)
17/11/07 07:16:10 INFO Executor: Running task 0.0 in stage 5.0 (TID 8)
17/11/07 07:16:10 INFO ShuffleBlockFetcherIterator: Getting 2 non-empty blocks out of 2 blocks
17/11/07 07:16:10 INFO ShuffleBlockFetcherIterator: Getting 2 non-empty blocks out of 2 blocks
17/11/07 07:16:10 INFO ShuffleBlockFetcherIterator: Started 0 remote fetches in 0 ms
17/11/07 07:16:10 INFO ShuffleBlockFetcherIterator: Started 0 remote fetches in 0 ms
17/11/07 07:16:10 INFO Executor: Finished task 0.0 in stage 5.0 (TID 8). 1319 bytes result sent to driver
17/11/07 07:16:10 INFO Executor: Finished task 1.0 in stage 5.0 (TID 9). 1319 bytes result sent to driver
17/11/07 07:16:10 INFO TaskSetManager: Finished task 0.0 in stage 5.0 (TID 8) in 8 ms on localhost (1/2)
17/11/07 07:16:10 INFO TaskSetManager: Finished task 1.0 in stage 5.0 (TID 9) in 8 ms on localhost (2/2)
17/11/07 07:16:10 INFO TaskSchedulerImpl: Removed TaskSet 5.0, whose tasks have all completed, from pool 
17/11/07 07:16:10 INFO DAGScheduler: ResultStage 5 (collectAsMap at Source.scala:67) finished in 0.005 s
17/11/07 07:16:10 INFO DAGScheduler: Job 2 finished: collectAsMap at Source.scala:67, took 0.035419 s
17/11/07 07:16:10 INFO SparkContext: Starting job: collectAsMap at Source.scala:67
17/11/07 07:16:10 INFO DAGScheduler: Got job 3 (collectAsMap at Source.scala:67) with 2 output partitions
17/11/07 07:16:10 INFO DAGScheduler: Final stage: ResultStage 7(collectAsMap at Source.scala:67)
17/11/07 07:16:10 INFO DAGScheduler: Parents of final stage: List(ShuffleMapStage 6)
17/11/07 07:16:10 INFO DAGScheduler: Missing parents: List()
17/11/07 07:16:10 INFO DAGScheduler: Submitting ResultStage 7 (MapPartitionsRDD[16] at map at Source.scala:63), which has no missing parents
17/11/07 07:16:10 INFO MemoryStore: ensureFreeSpace(6328) called with curMem=243235, maxMem=555755765
17/11/07 07:16:10 INFO MemoryStore: Block broadcast_7 stored as values in memory (estimated size 6.2 KB, free 529.8 MB)
17/11/07 07:16:10 INFO MemoryStore: ensureFreeSpace(3194) called with curMem=249563, maxMem=555755765
17/11/07 07:16:10 INFO MemoryStore: Block broadcast_7_piece0 stored as bytes in memory (estimated size 3.1 KB, free 529.8 MB)
17/11/07 07:16:10 INFO BlockManagerInfo: Added broadcast_7_piece0 in memory on localhost:43926 (size: 3.1 KB, free: 530.0 MB)
17/11/07 07:16:10 INFO SparkContext: Created broadcast 7 from broadcast at DAGScheduler.scala:861
17/11/07 07:16:10 INFO DAGScheduler: Submitting 2 missing tasks from ResultStage 7 (MapPartitionsRDD[16] at map at Source.scala:63)
17/11/07 07:16:10 INFO TaskSchedulerImpl: Adding task set 7.0 with 2 tasks
17/11/07 07:16:10 INFO TaskSetManager: Starting task 0.0 in stage 7.0 (TID 10, localhost, PROCESS_LOCAL, 1954 bytes)
17/11/07 07:16:10 INFO TaskSetManager: Starting task 1.0 in stage 7.0 (TID 11, localhost, PROCESS_LOCAL, 1954 bytes)
17/11/07 07:16:10 INFO Executor: Running task 0.0 in stage 7.0 (TID 10)
17/11/07 07:16:10 INFO Executor: Running task 1.0 in stage 7.0 (TID 11)
17/11/07 07:16:10 INFO ShuffleBlockFetcherIterator: Getting 2 non-empty blocks out of 2 blocks
17/11/07 07:16:10 INFO ShuffleBlockFetcherIterator: Started 0 remote fetches in 0 ms
17/11/07 07:16:10 INFO Executor: Finished task 0.0 in stage 7.0 (TID 10). 1319 bytes result sent to driver
17/11/07 07:16:10 INFO TaskSetManager: Finished task 0.0 in stage 7.0 (TID 10) in 6 ms on localhost (1/2)
17/11/07 07:16:10 INFO ShuffleBlockFetcherIterator: Getting 2 non-empty blocks out of 2 blocks
17/11/07 07:16:10 INFO ShuffleBlockFetcherIterator: Started 0 remote fetches in 0 ms
17/11/07 07:16:10 INFO Executor: Finished task 1.0 in stage 7.0 (TID 11). 1319 bytes result sent to driver
17/11/07 07:16:10 INFO TaskSetManager: Finished task 1.0 in stage 7.0 (TID 11) in 12 ms on localhost (2/2)
17/11/07 07:16:10 INFO TaskSchedulerImpl: Removed TaskSet 7.0, whose tasks have all completed, from pool 
17/11/07 07:16:10 INFO DAGScheduler: ResultStage 7 (collectAsMap at Source.scala:67) finished in 0.015 s
17/11/07 07:16:10 INFO DAGScheduler: Job 3 finished: collectAsMap at Source.scala:67, took 0.036543 s
17/11/07 07:16:10 INFO SparkContext: Starting job: collectAsMap at Source.scala:67
17/11/07 07:16:10 INFO DAGScheduler: Got job 4 (collectAsMap at Source.scala:67) with 2 output partitions
17/11/07 07:16:10 INFO DAGScheduler: Final stage: ResultStage 9(collectAsMap at Source.scala:67)
17/11/07 07:16:10 INFO DAGScheduler: Parents of final stage: List(ShuffleMapStage 8)
17/11/07 07:16:10 INFO DAGScheduler: Missing parents: List()
17/11/07 07:16:10 INFO DAGScheduler: Submitting ResultStage 9 (MapPartitionsRDD[18] at map at Source.scala:63), which has no missing parents
17/11/07 07:16:10 INFO MemoryStore: ensureFreeSpace(6408) called with curMem=252757, maxMem=555755765
17/11/07 07:16:10 INFO MemoryStore: Block broadcast_8 stored as values in memory (estimated size 6.3 KB, free 529.8 MB)
17/11/07 07:16:11 INFO MemoryStore: ensureFreeSpace(3201) called with curMem=259165, maxMem=555755765
17/11/07 07:16:11 INFO MemoryStore: Block broadcast_8_piece0 stored as bytes in memory (estimated size 3.1 KB, free 529.8 MB)
17/11/07 07:16:11 INFO BlockManagerInfo: Added broadcast_8_piece0 in memory on localhost:43926 (size: 3.1 KB, free: 530.0 MB)
17/11/07 07:16:11 INFO SparkContext: Created broadcast 8 from broadcast at DAGScheduler.scala:861
17/11/07 07:16:11 INFO DAGScheduler: Submitting 2 missing tasks from ResultStage 9 (MapPartitionsRDD[18] at map at Source.scala:63)
17/11/07 07:16:11 INFO TaskSchedulerImpl: Adding task set 9.0 with 2 tasks
17/11/07 07:16:11 INFO TaskSetManager: Starting task 0.0 in stage 9.0 (TID 12, localhost, PROCESS_LOCAL, 1954 bytes)
17/11/07 07:16:11 INFO TaskSetManager: Starting task 1.0 in stage 9.0 (TID 13, localhost, PROCESS_LOCAL, 1954 bytes)
17/11/07 07:16:11 INFO Executor: Running task 0.0 in stage 9.0 (TID 12)
17/11/07 07:16:11 INFO ShuffleBlockFetcherIterator: Getting 2 non-empty blocks out of 2 blocks
17/11/07 07:16:11 INFO ShuffleBlockFetcherIterator: Started 0 remote fetches in 0 ms
17/11/07 07:16:11 INFO Executor: Finished task 0.0 in stage 9.0 (TID 12). 1319 bytes result sent to driver
17/11/07 07:16:11 INFO Executor: Running task 1.0 in stage 9.0 (TID 13)
17/11/07 07:16:11 INFO ShuffleBlockFetcherIterator: Getting 2 non-empty blocks out of 2 blocks
17/11/07 07:16:11 INFO ShuffleBlockFetcherIterator: Started 0 remote fetches in 0 ms
17/11/07 07:16:11 INFO TaskSetManager: Finished task 0.0 in stage 9.0 (TID 12) in 6 ms on localhost (1/2)
17/11/07 07:16:11 INFO Executor: Finished task 1.0 in stage 9.0 (TID 13). 1319 bytes result sent to driver
17/11/07 07:16:11 INFO TaskSetManager: Finished task 1.0 in stage 9.0 (TID 13) in 9 ms on localhost (2/2)
17/11/07 07:16:11 INFO TaskSchedulerImpl: Removed TaskSet 9.0, whose tasks have all completed, from pool 
17/11/07 07:16:11 INFO DAGScheduler: ResultStage 9 (collectAsMap at Source.scala:67) finished in 0.011 s
17/11/07 07:16:11 INFO DAGScheduler: Job 4 finished: collectAsMap at Source.scala:67, took 0.032179 s
17/11/07 07:16:11 INFO SparkContext: Starting job: sortBy at Source.scala:100
17/11/07 07:16:11 INFO DAGScheduler: Got job 5 (sortBy at Source.scala:100) with 2 output partitions
17/11/07 07:16:11 INFO DAGScheduler: Final stage: ResultStage 11(sortBy at Source.scala:100)
17/11/07 07:16:11 INFO DAGScheduler: Parents of final stage: List(ShuffleMapStage 10)
17/11/07 07:16:11 INFO DAGScheduler: Missing parents: List()
17/11/07 07:16:11 INFO DAGScheduler: Submitting ResultStage 11 (MapPartitionsRDD[22] at sortBy at Source.scala:100), which has no missing parents
17/11/07 07:16:11 INFO MemoryStore: ensureFreeSpace(6992) called with curMem=262366, maxMem=555755765
17/11/07 07:16:11 INFO MemoryStore: Block broadcast_9 stored as values in memory (estimated size 6.8 KB, free 529.8 MB)
17/11/07 07:16:11 INFO MemoryStore: ensureFreeSpace(3395) called with curMem=269358, maxMem=555755765
17/11/07 07:16:11 INFO MemoryStore: Block broadcast_9_piece0 stored as bytes in memory (estimated size 3.3 KB, free 529.7 MB)
17/11/07 07:16:11 INFO BlockManagerInfo: Added broadcast_9_piece0 in memory on localhost:43926 (size: 3.3 KB, free: 530.0 MB)
17/11/07 07:16:11 INFO SparkContext: Created broadcast 9 from broadcast at DAGScheduler.scala:861
17/11/07 07:16:11 INFO DAGScheduler: Submitting 2 missing tasks from ResultStage 11 (MapPartitionsRDD[22] at sortBy at Source.scala:100)
17/11/07 07:16:11 INFO TaskSchedulerImpl: Adding task set 11.0 with 2 tasks
17/11/07 07:16:11 INFO TaskSetManager: Starting task 0.0 in stage 11.0 (TID 14, localhost, PROCESS_LOCAL, 1954 bytes)
17/11/07 07:16:11 INFO TaskSetManager: Starting task 1.0 in stage 11.0 (TID 15, localhost, PROCESS_LOCAL, 1954 bytes)
17/11/07 07:16:11 INFO Executor: Running task 0.0 in stage 11.0 (TID 14)
17/11/07 07:16:11 INFO ShuffleBlockFetcherIterator: Getting 2 non-empty blocks out of 2 blocks
17/11/07 07:16:11 INFO ShuffleBlockFetcherIterator: Started 0 remote fetches in 0 ms
17/11/07 07:16:11 INFO Executor: Finished task 0.0 in stage 11.0 (TID 14). 1354 bytes result sent to driver
17/11/07 07:16:11 INFO Executor: Running task 1.0 in stage 11.0 (TID 15)
17/11/07 07:16:11 INFO ShuffleBlockFetcherIterator: Getting 2 non-empty blocks out of 2 blocks
17/11/07 07:16:11 INFO ShuffleBlockFetcherIterator: Started 0 remote fetches in 0 ms
17/11/07 07:16:11 INFO TaskSetManager: Finished task 0.0 in stage 11.0 (TID 14) in 8 ms on localhost (1/2)
17/11/07 07:16:11 INFO Executor: Finished task 1.0 in stage 11.0 (TID 15). 1354 bytes result sent to driver
17/11/07 07:16:11 INFO TaskSetManager: Finished task 1.0 in stage 11.0 (TID 15) in 15 ms on localhost (2/2)
17/11/07 07:16:11 INFO TaskSchedulerImpl: Removed TaskSet 11.0, whose tasks have all completed, from pool 
17/11/07 07:16:11 INFO DAGScheduler: ResultStage 11 (sortBy at Source.scala:100) finished in 0.011 s
17/11/07 07:16:11 INFO DAGScheduler: Job 5 finished: sortBy at Source.scala:100, took 0.028312 s
17/11/07 07:16:11 INFO SparkContext: Starting job: collect at Source.scala:104
17/11/07 07:16:11 INFO DAGScheduler: Registering RDD 20 (sortBy at Source.scala:100)
17/11/07 07:16:11 INFO DAGScheduler: Got job 6 (collect at Source.scala:104) with 2 output partitions
17/11/07 07:16:11 INFO DAGScheduler: Final stage: ResultStage 14(collect at Source.scala:104)
17/11/07 07:16:11 INFO DAGScheduler: Parents of final stage: List(ShuffleMapStage 13)
17/11/07 07:16:11 INFO DAGScheduler: Missing parents: List(ShuffleMapStage 13)
17/11/07 07:16:11 INFO DAGScheduler: Submitting ShuffleMapStage 13 (MapPartitionsRDD[20] at sortBy at Source.scala:100), which has no missing parents
17/11/07 07:16:11 INFO MemoryStore: ensureFreeSpace(6800) called with curMem=272753, maxMem=555755765
17/11/07 07:16:11 INFO MemoryStore: Block broadcast_10 stored as values in memory (estimated size 6.6 KB, free 529.7 MB)
17/11/07 07:16:11 INFO MemoryStore: ensureFreeSpace(3400) called with curMem=279553, maxMem=555755765
17/11/07 07:16:11 INFO MemoryStore: Block broadcast_10_piece0 stored as bytes in memory (estimated size 3.3 KB, free 529.7 MB)
17/11/07 07:16:11 INFO BlockManagerInfo: Added broadcast_10_piece0 in memory on localhost:43926 (size: 3.3 KB, free: 530.0 MB)
17/11/07 07:16:11 INFO SparkContext: Created broadcast 10 from broadcast at DAGScheduler.scala:861
17/11/07 07:16:11 INFO DAGScheduler: Submitting 2 missing tasks from ShuffleMapStage 13 (MapPartitionsRDD[20] at sortBy at Source.scala:100)
17/11/07 07:16:11 INFO TaskSchedulerImpl: Adding task set 13.0 with 2 tasks
17/11/07 07:16:11 INFO TaskSetManager: Starting task 0.0 in stage 13.0 (TID 16, localhost, PROCESS_LOCAL, 1943 bytes)
17/11/07 07:16:11 INFO TaskSetManager: Starting task 1.0 in stage 13.0 (TID 17, localhost, PROCESS_LOCAL, 1943 bytes)
17/11/07 07:16:11 INFO Executor: Running task 0.0 in stage 13.0 (TID 16)
17/11/07 07:16:11 INFO ShuffleBlockFetcherIterator: Getting 2 non-empty blocks out of 2 blocks
17/11/07 07:16:11 INFO ShuffleBlockFetcherIterator: Started 0 remote fetches in 0 ms
17/11/07 07:16:11 INFO Executor: Running task 1.0 in stage 13.0 (TID 17)
17/11/07 07:16:11 INFO ShuffleBlockFetcherIterator: Getting 2 non-empty blocks out of 2 blocks
17/11/07 07:16:11 INFO ShuffleBlockFetcherIterator: Started 0 remote fetches in 0 ms
17/11/07 07:16:11 INFO Executor: Finished task 0.0 in stage 13.0 (TID 16). 1375 bytes result sent to driver
17/11/07 07:16:11 INFO TaskSetManager: Finished task 0.0 in stage 13.0 (TID 16) in 12 ms on localhost (1/2)
17/11/07 07:16:11 INFO Executor: Finished task 1.0 in stage 13.0 (TID 17). 1375 bytes result sent to driver
17/11/07 07:16:11 INFO TaskSetManager: Finished task 1.0 in stage 13.0 (TID 17) in 12 ms on localhost (2/2)
17/11/07 07:16:11 INFO TaskSchedulerImpl: Removed TaskSet 13.0, whose tasks have all completed, from pool 
17/11/07 07:16:11 INFO DAGScheduler: ShuffleMapStage 13 (sortBy at Source.scala:100) finished in 0.001 s
17/11/07 07:16:11 INFO DAGScheduler: looking for newly runnable stages
17/11/07 07:16:11 INFO DAGScheduler: running: Set()
17/11/07 07:16:11 INFO DAGScheduler: waiting: Set(ResultStage 14)
17/11/07 07:16:11 INFO DAGScheduler: failed: Set()
17/11/07 07:16:11 INFO DAGScheduler: Missing parents for ResultStage 14: List()
17/11/07 07:16:11 INFO DAGScheduler: Submitting ResultStage 14 (MapPartitionsRDD[25] at map at Source.scala:101), which is now runnable
17/11/07 07:16:11 INFO MemoryStore: ensureFreeSpace(3200) called with curMem=282953, maxMem=555755765
17/11/07 07:16:11 INFO MemoryStore: Block broadcast_11 stored as values in memory (estimated size 3.1 KB, free 529.7 MB)
17/11/07 07:16:11 INFO MemoryStore: ensureFreeSpace(1876) called with curMem=286153, maxMem=555755765
17/11/07 07:16:11 INFO MemoryStore: Block broadcast_11_piece0 stored as bytes in memory (estimated size 1876.0 B, free 529.7 MB)
17/11/07 07:16:11 INFO BlockManagerInfo: Added broadcast_11_piece0 in memory on localhost:43926 (size: 1876.0 B, free: 530.0 MB)
17/11/07 07:16:11 INFO SparkContext: Created broadcast 11 from broadcast at DAGScheduler.scala:861
17/11/07 07:16:11 INFO DAGScheduler: Submitting 2 missing tasks from ResultStage 14 (MapPartitionsRDD[25] at map at Source.scala:101)
17/11/07 07:16:11 INFO TaskSchedulerImpl: Adding task set 14.0 with 2 tasks
17/11/07 07:16:11 INFO TaskSetManager: Starting task 0.0 in stage 14.0 (TID 18, localhost, PROCESS_LOCAL, 1954 bytes)
17/11/07 07:16:11 INFO TaskSetManager: Starting task 1.0 in stage 14.0 (TID 19, localhost, PROCESS_LOCAL, 1954 bytes)
17/11/07 07:16:11 INFO Executor: Running task 0.0 in stage 14.0 (TID 18)
17/11/07 07:16:11 INFO ShuffleBlockFetcherIterator: Getting 2 non-empty blocks out of 2 blocks
17/11/07 07:16:11 INFO ShuffleBlockFetcherIterator: Started 0 remote fetches in 1 ms
17/11/07 07:16:11 INFO Executor: Running task 1.0 in stage 14.0 (TID 19)
17/11/07 07:16:11 INFO ShuffleBlockFetcherIterator: Getting 2 non-empty blocks out of 2 blocks
17/11/07 07:16:11 INFO ShuffleBlockFetcherIterator: Started 0 remote fetches in 0 ms
17/11/07 07:16:11 INFO Executor: Finished task 0.0 in stage 14.0 (TID 18). 1183 bytes result sent to driver
17/11/07 07:16:11 INFO Executor: Finished task 1.0 in stage 14.0 (TID 19). 1171 bytes result sent to driver
17/11/07 07:16:11 INFO TaskSetManager: Finished task 0.0 in stage 14.0 (TID 18) in 18 ms on localhost (1/2)
17/11/07 07:16:11 INFO TaskSetManager: Finished task 1.0 in stage 14.0 (TID 19) in 18 ms on localhost (2/2)
17/11/07 07:16:11 INFO TaskSchedulerImpl: Removed TaskSet 14.0, whose tasks have all completed, from pool 
17/11/07 07:16:11 INFO DAGScheduler: ResultStage 14 (collect at Source.scala:104) finished in 0.003 s
17/11/07 07:16:11 INFO DAGScheduler: Job 6 finished: collect at Source.scala:104, took 0.046955 s
0 0
1 2
2 3
3 5
17/11/07 07:16:10 INFO SparkContext: Starting job: saveAsTextFile at Source.scala:105
17/11/07 07:16:10 INFO MapOutputTrackerMaster: Size of output statuses for shuffle 1 is 155 bytes
17/11/07 07:16:10 INFO MapOutputTrackerMaster: Size of output statuses for shuffle 2 is 155 bytes
17/11/07 07:16:10 INFO DAGScheduler: Got job 7 (saveAsTextFile at Source.scala:105) with 2 output partitions
17/11/07 07:16:10 INFO DAGScheduler: Final stage: ResultStage 17(saveAsTextFile at Source.scala:105)
17/11/07 07:16:10 INFO DAGScheduler: Parents of final stage: List(ShuffleMapStage 16)
17/11/07 07:16:10 INFO DAGScheduler: Missing parents: List()
17/11/07 07:16:10 INFO DAGScheduler: Submitting ResultStage 17 (MapPartitionsRDD[26] at saveAsTextFile at Source.scala:105), which has no missing parents
17/11/07 07:16:10 INFO MemoryStore: ensureFreeSpace(113440) called with curMem=288029, maxMem=555755765
17/11/07 07:16:10 INFO MemoryStore: Block broadcast_12 stored as values in memory (estimated size 110.8 KB, free 529.6 MB)
17/11/07 07:16:10 INFO MemoryStore: ensureFreeSpace(38221) called with curMem=401469, maxMem=555755765
17/11/07 07:16:10 INFO MemoryStore: Block broadcast_12_piece0 stored as bytes in memory (estimated size 37.3 KB, free 529.6 MB)
17/11/07 07:16:10 INFO BlockManagerInfo: Added broadcast_12_piece0 in memory on localhost:45733 (size: 37.3 KB, free: 529.9 MB)
17/11/07 07:16:10 INFO SparkContext: Created broadcast 12 from broadcast at DAGScheduler.scala:861
17/11/07 07:16:10 INFO DAGScheduler: Submitting 2 missing tasks from ResultStage 17 (MapPartitionsRDD[26] at saveAsTextFile at Source.scala:105)
17/11/07 07:16:10 INFO TaskSchedulerImpl: Adding task set 17.0 with 2 tasks
17/11/07 07:16:10 INFO TaskSetManager: Starting task 0.0 in stage 17.0 (TID 20, localhost, PROCESS_LOCAL, 1954 bytes)
17/11/07 07:16:10 INFO TaskSetManager: Starting task 1.0 in stage 17.0 (TID 21, localhost, PROCESS_LOCAL, 1954 bytes)
17/11/07 07:16:10 INFO Executor: Running task 0.0 in stage 17.0 (TID 20)
17/11/07 07:16:10 INFO Executor: Running task 1.0 in stage 17.0 (TID 21)
17/11/07 07:16:10 INFO ShuffleBlockFetcherIterator: Getting 2 non-empty blocks out of 2 blocks
17/11/07 07:16:10 INFO ShuffleBlockFetcherIterator: Started 0 remote fetches in 0 ms
17/11/07 07:16:11 INFO ShuffleBlockFetcherIterator: Getting 2 non-empty blocks out of 2 blocks
17/11/07 07:16:11 INFO ShuffleBlockFetcherIterator: Started 0 remote fetches in 0 ms
17/11/07 07:16:11 INFO FileOutputCommitter: Saved output of task 'attempt_201711070716_0017_m_000001_21' to file:/home/aneelipa/project4/output/_temporary/0/task_201711070716_0017_m_000001
17/11/07 07:16:11 INFO SparkHadoopMapRedUtil: attempt_201711070716_0017_m_000001_21: Committed
17/11/07 07:16:11 INFO Executor: Finished task 1.0 in stage 17.0 (TID 21). 1165 bytes result sent to driver
17/11/07 07:16:11 INFO FileOutputCommitter: Saved output of task 'attempt_201711070716_0017_m_000000_20' to file:/home/aneelipa/project4/output/_temporary/0/task_201711070716_0017_m_000000
17/11/07 07:16:11 INFO SparkHadoopMapRedUtil: attempt_201711070716_0017_m_000000_20: Committed
17/11/07 07:16:11 INFO Executor: Finished task 0.0 in stage 17.0 (TID 20). 1165 bytes result sent to driver
17/11/07 07:16:11 INFO TaskSetManager: Finished task 1.0 in stage 17.0 (TID 21) in 141 ms on localhost (1/2)
17/11/07 07:16:11 INFO TaskSetManager: Finished task 0.0 in stage 17.0 (TID 20) in 142 ms on localhost (2/2)
17/11/07 07:16:11 INFO TaskSchedulerImpl: Removed TaskSet 17.0, whose tasks have all completed, from pool 
17/11/07 07:16:11 INFO DAGScheduler: ResultStage 17 (saveAsTextFile at Source.scala:105) finished in 0.130 s
17/11/07 07:16:11 INFO DAGScheduler: Job 7 finished: saveAsTextFile at Source.scala:105, took 0.194281 s
17/11/07 07:16:11 INFO SparkContext: Invoking stop() from shutdown hook
17/11/07 07:16:11 INFO SparkUI: Stopped Spark web UI at http://198.202.112.54:4040
17/11/07 07:16:11 INFO DAGScheduler: Stopping DAGScheduler
17/11/07 07:16:11 INFO MapOutputTrackerMasterEndpoint: MapOutputTrackerMasterEndpoint stopped!
17/11/07 07:16:11 INFO MemoryStore: MemoryStore cleared
17/11/07 07:16:11 INFO BlockManager: BlockManager stopped
17/11/07 07:16:11 INFO BlockManagerMaster: BlockManagerMaster stopped
17/11/07 07:16:11 INFO OutputCommitCoordinator$OutputCommitCoordinatorEndpoint: OutputCommitCoordinator stopped!
17/11/07 07:16:11 INFO SparkContext: Successfully stopped SparkContext
17/11/07 07:16:11 INFO ShutdownHookManager: Shutdown hook called
17/11/07 07:16:11 INFO ShutdownHookManager: Deleting directory /tmp/spark-77575aab-9b47-4bd3-9402-55032010b1d4
17/11/07 07:16:11 INFO RemoteActorRefProvider$RemotingTerminator: Shutting down remote daemon.
ock broadcast_12 stored as values in memory (estimated size 110.8 KB, free 529.6 MB)
17/11/07 07:16:11 INFO MemoryStore: ensureFreeSpace(38221) called with curMem=401469, maxMem=555755765
17/11/07 07:16:11 INFO MemoryStore: Block broadcast_12_piece0 stored as bytes in memory (estimated size 37.3 KB, free 529.6 MB)
17/11/07 07:16:11 INFO BlockManagerInfo: Added broadcast_12_piece0 in memory on localhost:43926 (size: 37.3 KB, free: 529.9 MB)
17/11/07 07:16:11 INFO SparkContext: Created broadcast 12 from broadcast at DAGScheduler.scala:861
17/11/07 07:16:11 INFO DAGScheduler: Submitting 2 missing tasks from ResultStage 17 (MapPartitionsRDD[26] at saveAsTextFile at Source.scala:105)
17/11/07 07:16:11 INFO TaskSchedulerImpl: Adding task set 17.0 with 2 tasks
17/11/07 07:16:11 INFO TaskSetManager: Starting task 0.0 in stage 17.0 (TID 20, localhost, PROCESS_LOCAL, 1954 bytes)
17/11/07 07:16:11 INFO TaskSetManager: Starting task 1.0 in stage 17.0 (TID 21, localhost, PROCESS_LOCAL, 1954 bytes)
17/11/07 07:16:11 INFO Executor: Running task 0.0 in stage 17.0 (TID 20)
17/11/07 07:16:11 INFO Executor: Running task 1.0 in stage 17.0 (TID 21)
17/11/07 07:16:11 INFO ShuffleBlockFetcherIterator: Getting 2 non-empty blocks out of 2 blocks
17/11/07 07:16:11 INFO ShuffleBlockFetcherIterator: Started 0 remote fetches in 0 ms
17/11/07 07:16:11 INFO ShuffleBlockFetcherIterator: Getting 2 non-empty blocks out of 2 blocks
17/11/07 07:16:11 INFO ShuffleBlockFetcherIterator: Started 0 remote fetches in 0 ms
17/11/07 07:16:11 INFO FileOutputCommitter: Saved output of task 'attempt_201711070716_0017_m_000000_20' to file:/home/aneelipa/project4/output/_temporary/0/task_201711070716_0017_m_000000
17/11/07 07:16:11 INFO SparkHadoopMapRedUtil: attempt_201711070716_0017_m_000000_20: Committed
17/11/07 07:16:11 INFO Executor: Finished task 0.0 in stage 17.0 (TID 20). 1165 bytes result sent to driver
17/11/07 07:16:11 INFO FileOutputCommitter: Saved output of task 'attempt_201711070716_0017_m_000001_21' to file:/home/aneelipa/project4/output/_temporary/0/task_201711070716_0017_m_000001
17/11/07 07:16:11 INFO SparkHadoopMapRedUtil: attempt_201711070716_0017_m_000001_21: Committed
17/11/07 07:16:11 INFO Executor: Finished task 1.0 in stage 17.0 (TID 21). 1165 bytes result sent to driver
17/11/07 07:16:11 INFO TaskSetManager: Finished task 0.0 in stage 17.0 (TID 20) in 186 ms on localhost (1/2)
17/11/07 07:16:11 INFO TaskSetManager: Finished task 1.0 in stage 17.0 (TID 21) in 187 ms on localhost (2/2)
17/11/07 07:16:11 INFO TaskSchedulerImpl: Removed TaskSet 17.0, whose tasks have all completed, from pool 
17/11/07 07:16:11 INFO DAGScheduler: ResultStage 17 (saveAsTextFile at Source.scala:105) finished in 0.187 s
17/11/07 07:16:11 INFO DAGScheduler: Job 7 finished: saveAsTextFile at Source.scala:105, took 0.244895 s
17/11/07 07:16:11 INFO SparkContext: Invoking stop() from shutdown hook
17/11/07 07:16:11 INFO SparkUI: Stopped Spark web UI at http://198.202.114.51:4040
17/11/07 07:16:11 INFO DAGScheduler: Stopping DAGScheduler
17/11/07 07:16:11 INFO MapOutputTrackerMasterEndpoint: MapOutputTrackerMasterEndpoint stopped!
17/11/07 07:16:11 INFO MemoryStore: MemoryStore cleared
17/11/07 07:16:11 INFO BlockManager: BlockManager stopped
17/11/07 07:16:11 INFO BlockManagerMaster: BlockManagerMaster stopped
17/11/07 07:16:11 INFO OutputCommitCoordinator$OutputCommitCoordinatorEndpoint: OutputCommitCoordinator stopped!
17/11/07 07:16:11 INFO SparkContext: Successfully stopped SparkContext
17/11/07 07:16:11 INFO ShutdownHookManager: Shutdown hook called
17/11/07 07:16:11 INFO ShutdownHookManager: Deleting directory /tmp/spark-6c82a0cf-c301-46ce-808e-d5dec91cdced
